[ 2015-09-03T21:36:15+08:00 ] 127.0.0.1 /SCDA/admin.php/
INFO: [ route_check ] --START--
INFO: CheckRoute Behavior ::run [ RunTime:0.004524s ]
INFO: [ route_check ] --END-- [ RunTime:0.008052s ]
INFO: [ app_begin ] --START--
INFO: ReadHtmlCache Behavior ::run [ RunTime:0.013368s ]
INFO: [ app_begin ] --END-- [ RunTime:0.013567s ]

[ 2015-09-03T21:36:15+08:00 ] 127.0.0.1 /SCDA/admin.php/Login/login.html
INFO: [ route_check ] --START--
INFO: CheckRoute Behavior ::run [ RunTime:0.001209s ]
INFO: [ route_check ] --END-- [ RunTime:0.001389s ]
INFO: [ app_begin ] --START--
INFO: ReadHtmlCache Behavior ::run [ RunTime:0.001906s ]
INFO: [ app_begin ] --END-- [ RunTime:0.002633s ]
INFO: [ view_parse ] --START--
NOTIC: [8] Undefined variable: data F:\wamp\www\SCDA\Admin\Runtime\Cache\27e9c4fddbdacc085a84cce69c1ba206.php 第 50 行.
NOTIC: [8] Undefined variable: data F:\wamp\www\SCDA\Admin\Runtime\Cache\27e9c4fddbdacc085a84cce69c1ba206.php 第 54 行.
NOTIC: [8] Undefined variable: data F:\wamp\www\SCDA\Admin\Runtime\Cache\27e9c4fddbdacc085a84cce69c1ba206.php 第 70 行.
NOTIC: [8] Undefined variable: data F:\wamp\www\SCDA\Admin\Runtime\Cache\27e9c4fddbdacc085a84cce69c1ba206.php 第 71 行.
NOTIC: [8] Undefined variable: data F:\wamp\www\SCDA\Admin\Runtime\Cache\27e9c4fddbdacc085a84cce69c1ba206.php 第 72 行.
INFO: ParseTemplate Behavior ::run [ RunTime:0.066993s ]
INFO: [ view_parse ] --END-- [ RunTime:0.067151s ]
INFO: [ view_filter ] --START--
INFO: ContentReplace Behavior ::run [ RunTime:0.011512s ]
INFO: TokenBuild Behavior ::run [ RunTime:0.001019s ]
INFO: WriteHtmlCache Behavior ::run [ RunTime:0.000613s ]
INFO: ShowRuntime Behavior ::run [ RunTime:0.000892s ]
INFO: [ view_filter ] --END-- [ RunTime:0.014693s ]
INFO: [ view_end ] --START--
INFO: ShowPageTrace Behavior ::run [ RunTime:0.000926s ]
INFO: [ view_end ] --END-- [ RunTime:0.001031s ]

[ 2015-09-03T21:36:15+08:00 ] 127.0.0.1 /SCDA/admin.php/Login/responsive-nav.css
INFO: [ route_check ] --START--
INFO: CheckRoute Behavior ::run [ RunTime:0.001492s ]
INFO: [ route_check ] --END-- [ RunTime:0.001701s ]
INFO: [ app_begin ] --START--
INFO: ReadHtmlCache Behavior ::run [ RunTime:0.001142s ]
INFO: [ app_begin ] --END-- [ RunTime:0.001318s ]
ERR: 非法操作:responsive-nav.css

[ 2015-09-03T21:37:01+08:00 ] 127.0.0.1 /SCDA/admin.php/Login/doLogin
INFO: [ route_check ] --START--
INFO: CheckRoute Behavior ::run [ RunTime:0.001065s ]
INFO: [ route_check ] --END-- [ RunTime:0.001269s ]
INFO: [ app_begin ] --START--
INFO: ReadHtmlCache Behavior ::run [ RunTime:0.001539s ]
INFO: [ app_begin ] --END-- [ RunTime:0.001982s ]
SQL: SHOW COLUMNS FROM `hd_user` [ RunTime:0.061892s ]
SQL: SELECT COUNT(*) AS tp_count FROM `hd_user` WHERE ( `username` = 'scda' ) AND ( `password` = 'SCDAnet061122' ) LIMIT 1   [ RunTime:0.006867s ]
NOTIC: [8] Undefined index: username F:\wamp\www\SCDA\Admin\Lib\Action\LoginAction.class.php 第 19 行.
INFO: [ view_parse ] --START--
INFO: ParseTemplate Behavior ::run [ RunTime:0.040035s ]
INFO: [ view_parse ] --END-- [ RunTime:0.040247s ]
INFO: [ view_filter ] --START--
INFO: ContentReplace Behavior ::run [ RunTime:0.000630s ]
INFO: TokenBuild Behavior ::run [ RunTime:0.000636s ]
INFO: WriteHtmlCache Behavior ::run [ RunTime:0.000536s ]
INFO: ShowRuntime Behavior ::run [ RunTime:0.001557s ]
INFO: [ view_filter ] --END-- [ RunTime:0.003779s ]
INFO: [ view_end ] --START--
INFO: ShowPageTrace Behavior ::run [ RunTime:0.001033s ]
INFO: [ view_end ] --END-- [ RunTime:0.001212s ]

[ 2015-09-03T21:37:02+08:00 ] 127.0.0.1 /SCDA/admin.php/Admin/admin.html
INFO: [ route_check ] --START--
INFO: CheckRoute Behavior ::run [ RunTime:0.000859s ]
INFO: [ route_check ] --END-- [ RunTime:0.000991s ]
INFO: [ app_begin ] --START--
INFO: ReadHtmlCache Behavior ::run [ RunTime:0.000846s ]
INFO: [ app_begin ] --END-- [ RunTime:0.000952s ]
SQL: SHOW COLUMNS FROM `hd_student` [ RunTime:0.007000s ]
ERR: 1146:Table 'hd_newstudent.hd_student' doesn't exist
 [ SQL语句 ] : SHOW COLUMNS FROM `hd_student`
SQL: SELECT COUNT(*) AS tp_count FROM `hd_student` LIMIT 1   [ RunTime:0.000810s ]
ERR: 1146:Table 'hd_newstudent.hd_student' doesn't exist
 [ SQL语句 ] : SELECT COUNT(*) AS tp_count FROM `hd_student` LIMIT 1  
INFO: [ view_parse ] --START--
NOTIC: [8] Undefined variable: meeting F:\wamp\www\SCDA\Admin\Runtime\Cache\452b9d0b59a67b87b47e419eddde234d.php 第 102 行.
NOTIC: [8] Undefined variable: data F:\wamp\www\SCDA\Admin\Runtime\Cache\452b9d0b59a67b87b47e419eddde234d.php 第 121 行.
INFO: ParseTemplate Behavior ::run [ RunTime:0.059625s ]
INFO: [ view_parse ] --END-- [ RunTime:0.059847s ]
INFO: [ view_filter ] --START--
INFO: ContentReplace Behavior ::run [ RunTime:0.000787s ]
INFO: TokenBuild Behavior ::run [ RunTime:0.000515s ]
INFO: WriteHtmlCache Behavior ::run [ RunTime:0.000416s ]
INFO: ShowRuntime Behavior ::run [ RunTime:0.000650s ]
INFO: [ view_filter ] --END-- [ RunTime:0.002718s ]
INFO: [ view_end ] --START--
INFO: ShowPageTrace Behavior ::run [ RunTime:0.000680s ]
INFO: [ view_end ] --END-- [ RunTime:0.000784s ]

[ 2015-09-03T21:37:02+08:00 ] 127.0.0.1 /SCDA/admin.php/Admin/responsive-nav.css
INFO: [ route_check ] --START--
INFO: CheckRoute Behavior ::run [ RunTime:0.001353s ]
INFO: [ route_check ] --END-- [ RunTime:0.001576s ]
INFO: [ app_begin ] --START--
INFO: ReadHtmlCache Behavior ::run [ RunTime:0.001269s ]
INFO: [ app_begin ] --END-- [ RunTime:0.001466s ]
ERR: 非法操作:responsive-nav.css

[ 2015-09-03T22:39:08+08:00 ] 127.0.0.1 /SCDA/admin.php/
INFO: [ route_check ] --START--
INFO: CheckRoute Behavior ::run [ RunTime:0.003620s ]
INFO: [ route_check ] --END-- [ RunTime:0.003871s ]
INFO: [ app_begin ] --START--
INFO: ReadHtmlCache Behavior ::run [ RunTime:0.002508s ]
INFO: [ app_begin ] --END-- [ RunTime:0.004026s ]

[ 2015-09-03T22:39:09+08:00 ] 127.0.0.1 /SCDA/admin.php/Login/login.html
INFO: [ route_check ] --START--
INFO: CheckRoute Behavior ::run [ RunTime:0.002747s ]
INFO: [ route_check ] --END-- [ RunTime:0.003027s ]
INFO: [ app_begin ] --START--
INFO: ReadHtmlCache Behavior ::run [ RunTime:0.002396s ]
INFO: [ app_begin ] --END-- [ RunTime:0.002622s ]
INFO: [ view_parse ] --START--
NOTIC: [8] Undefined variable: data F:\wamp\www\SCDA\Admin\Runtime\Cache\27e9c4fddbdacc085a84cce69c1ba206.php 第 50 行.
NOTIC: [8] Undefined variable: data F:\wamp\www\SCDA\Admin\Runtime\Cache\27e9c4fddbdacc085a84cce69c1ba206.php 第 54 行.
NOTIC: [8] Undefined variable: data F:\wamp\www\SCDA\Admin\Runtime\Cache\27e9c4fddbdacc085a84cce69c1ba206.php 第 70 行.
NOTIC: [8] Undefined variable: data F:\wamp\www\SCDA\Admin\Runtime\Cache\27e9c4fddbdacc085a84cce69c1ba206.php 第 71 行.
NOTIC: [8] Undefined variable: data F:\wamp\www\SCDA\Admin\Runtime\Cache\27e9c4fddbdacc085a84cce69c1ba206.php 第 72 行.
INFO: ParseTemplate Behavior ::run [ RunTime:0.029075s ]
INFO: [ view_parse ] --END-- [ RunTime:0.029280s ]
INFO: [ view_filter ] --START--
INFO: ContentReplace Behavior ::run [ RunTime:0.001703s ]
INFO: TokenBuild Behavior ::run [ RunTime:0.002128s ]
INFO: WriteHtmlCache Behavior ::run [ RunTime:0.001752s ]
INFO: ShowRuntime Behavior ::run [ RunTime:0.002243s ]
INFO: [ view_filter ] --END-- [ RunTime:0.008390s ]
INFO: [ view_end ] --START--
INFO: ShowPageTrace Behavior ::run [ RunTime:0.002550s ]
INFO: [ view_end ] --END-- [ RunTime:0.002744s ]

[ 2015-09-03T22:39:09+08:00 ] 127.0.0.1 /SCDA/admin.php/Login/responsive-nav.css
INFO: [ route_check ] --START--
INFO: CheckRoute Behavior ::run [ RunTime:0.005962s ]
INFO: [ route_check ] --END-- [ RunTime:0.006181s ]
INFO: [ app_begin ] --START--
INFO: ReadHtmlCache Behavior ::run [ RunTime:0.002047s ]
INFO: [ app_begin ] --END-- [ RunTime:0.002228s ]
ERR: 非法操作:responsive-nav.css

[ 2015-09-03T22:39:15+08:00 ] 127.0.0.1 /SCDA/admin.php/Login/doLogin
INFO: [ route_check ] --START--
INFO: CheckRoute Behavior ::run [ RunTime:0.002174s ]
INFO: [ route_check ] --END-- [ RunTime:0.002409s ]
INFO: [ app_begin ] --START--
INFO: ReadHtmlCache Behavior ::run [ RunTime:0.001388s ]
INFO: [ app_begin ] --END-- [ RunTime:0.001637s ]
SQL: SHOW COLUMNS FROM `hd_user` [ RunTime:0.006872s ]
SQL: SELECT COUNT(*) AS tp_count FROM `hd_user` WHERE ( `username` = 'scda' ) AND ( `password` = 'SCDAnet061122' ) LIMIT 1   [ RunTime:0.000767s ]
NOTIC: [8] Undefined index: username F:\wamp\www\SCDA\Admin\Lib\Action\LoginAction.class.php 第 19 行.
INFO: [ view_parse ] --START--
INFO: ParseTemplate Behavior ::run [ RunTime:0.016130s ]
INFO: [ view_parse ] --END-- [ RunTime:0.016390s ]
INFO: [ view_filter ] --START--
INFO: ContentReplace Behavior ::run [ RunTime:0.001150s ]
INFO: TokenBuild Behavior ::run [ RunTime:0.001218s ]
INFO: WriteHtmlCache Behavior ::run [ RunTime:0.000931s ]
INFO: ShowRuntime Behavior ::run [ RunTime:0.001659s ]
INFO: [ view_filter ] --END-- [ RunTime:0.005589s ]
INFO: [ view_end ] --START--
INFO: ShowPageTrace Behavior ::run [ RunTime:0.001193s ]
INFO: [ view_end ] --END-- [ RunTime:0.001378s ]

[ 2015-09-03T22:39:16+08:00 ] 127.0.0.1 /SCDA/admin.php/Admin/admin.html
INFO: [ route_check ] --START--
INFO: CheckRoute Behavior ::run [ RunTime:0.002387s ]
INFO: [ route_check ] --END-- [ RunTime:0.002707s ]
INFO: [ app_begin ] --START--
INFO: ReadHtmlCache Behavior ::run [ RunTime:0.001199s ]
INFO: [ app_begin ] --END-- [ RunTime:0.001393s ]
SQL: SHOW COLUMNS FROM `hd_student` [ RunTime:0.008490s ]
SQL: SELECT COUNT(*) AS tp_count FROM `hd_student` LIMIT 1   [ RunTime:0.001068s ]
INFO: [ view_parse ] --START--
NOTIC: [8] Undefined variable: meeting F:\wamp\www\SCDA\Admin\Runtime\Cache\452b9d0b59a67b87b47e419eddde234d.php 第 102 行.
NOTIC: [8] Undefined variable: data F:\wamp\www\SCDA\Admin\Runtime\Cache\452b9d0b59a67b87b47e419eddde234d.php 第 121 行.
INFO: ParseTemplate Behavior ::run [ RunTime:0.019422s ]
INFO: [ view_parse ] --END-- [ RunTime:0.019652s ]
INFO: [ view_filter ] --START--
INFO: ContentReplace Behavior ::run [ RunTime:0.001080s ]
INFO: TokenBuild Behavior ::run [ RunTime:0.000993s ]
INFO: WriteHtmlCache Behavior ::run [ RunTime:0.000850s ]
INFO: ShowRuntime Behavior ::run [ RunTime:0.001153s ]
INFO: [ view_filter ] --END-- [ RunTime:0.004722s ]
INFO: [ view_end ] --START--
INFO: ShowPageTrace Behavior ::run [ RunTime:0.000935s ]
INFO: [ view_end ] --END-- [ RunTime:0.001084s ]

[ 2015-09-03T22:39:16+08:00 ] 127.0.0.1 /SCDA/admin.php/Admin/responsive-nav.css
INFO: [ route_check ] --START--
INFO: CheckRoute Behavior ::run [ RunTime:0.001880s ]
INFO: [ route_check ] --END-- [ RunTime:0.002098s ]
INFO: [ app_begin ] --START--
INFO: ReadHtmlCache Behavior ::run [ RunTime:0.001225s ]
INFO: [ app_begin ] --END-- [ RunTime:0.001586s ]
ERR: 非法操作:responsive-nav.css

[ 2015-09-03T22:39:21+08:00 ] 127.0.0.1 /SCDA/admin.php/Admin/admin.html
INFO: [ route_check ] --START--
INFO: CheckRoute Behavior ::run [ RunTime:0.002604s ]
INFO: [ route_check ] --END-- [ RunTime:0.002915s ]
INFO: [ app_begin ] --START--
INFO: ReadHtmlCache Behavior ::run [ RunTime:0.001228s ]
INFO: [ app_begin ] --END-- [ RunTime:0.001426s ]
SQL: SHOW COLUMNS FROM `hd_student` [ RunTime:0.007662s ]
SQL: SELECT COUNT(*) AS tp_count FROM `hd_student` LIMIT 1   [ RunTime:0.000939s ]
INFO: [ view_parse ] --START--
NOTIC: [8] Undefined variable: meeting F:\wamp\www\SCDA\Admin\Runtime\Cache\452b9d0b59a67b87b47e419eddde234d.php 第 102 行.
NOTIC: [8] Undefined variable: data F:\wamp\www\SCDA\Admin\Runtime\Cache\452b9d0b59a67b87b47e419eddde234d.php 第 121 行.
INFO: ParseTemplate Behavior ::run [ RunTime:0.020475s ]
INFO: [ view_parse ] --END-- [ RunTime:0.020700s ]
INFO: [ view_filter ] --START--
INFO: ContentReplace Behavior ::run [ RunTime:0.001424s ]
INFO: TokenBuild Behavior ::run [ RunTime:0.001163s ]
INFO: WriteHtmlCache Behavior ::run [ RunTime:0.000751s ]
INFO: ShowRuntime Behavior ::run [ RunTime:0.001104s ]
INFO: [ view_filter ] --END-- [ RunTime:0.004953s ]
INFO: [ view_end ] --START--
INFO: ShowPageTrace Behavior ::run [ RunTime:0.001125s ]
INFO: [ view_end ] --END-- [ RunTime:0.001294s ]

[ 2015-09-03T22:39:21+08:00 ] 127.0.0.1 /SCDA/admin.php/Admin/responsive-nav.css
INFO: [ route_check ] --START--
INFO: CheckRoute Behavior ::run [ RunTime:0.002144s ]
INFO: [ route_check ] --END-- [ RunTime:0.002367s ]
INFO: [ app_begin ] --START--
INFO: ReadHtmlCache Behavior ::run [ RunTime:0.001582s ]
INFO: [ app_begin ] --END-- [ RunTime:0.001783s ]
ERR: 非法操作:responsive-nav.css

[ 2015-09-03T22:41:07+08:00 ] 127.0.0.1 /SCDA/admin.php/Admin/admin.html
INFO: [ route_check ] --START--
INFO: CheckRoute Behavior ::run [ RunTime:0.003350s ]
INFO: [ route_check ] --END-- [ RunTime:0.003680s ]
INFO: [ app_begin ] --START--
INFO: ReadHtmlCache Behavior ::run [ RunTime:0.002634s ]
INFO: [ app_begin ] --END-- [ RunTime:0.002812s ]
SQL: SHOW COLUMNS FROM `hd_student` [ RunTime:0.008321s ]
SQL: SELECT * FROM `hd_student`  [ RunTime:0.002167s ]
SQL: SELECT COUNT(*) AS tp_count FROM `hd_student` LIMIT 1   [ RunTime:0.004234s ]
INFO: [ view_parse ] --START--
NOTIC: [8] Undefined variable: meeting F:\wamp\www\SCDA\Admin\Runtime\Cache\452b9d0b59a67b87b47e419eddde234d.php 第 102 行.
NOTIC: [8] Undefined index: id F:\wamp\www\SCDA\Admin\Runtime\Cache\452b9d0b59a67b87b47e419eddde234d.php 第 123 行.
NOTIC: [8] Undefined index: dept F:\wamp\www\SCDA\Admin\Runtime\Cache\452b9d0b59a67b87b47e419eddde234d.php 第 124 行.
NOTIC: [8] Undefined index: name F:\wamp\www\SCDA\Admin\Runtime\Cache\452b9d0b59a67b87b47e419eddde234d.php 第 125 行.
NOTIC: [8] Undefined index: name F:\wamp\www\SCDA\Admin\Runtime\Cache\452b9d0b59a67b87b47e419eddde234d.php 第 126 行.
NOTIC: [8] Undefined index: id F:\wamp\www\SCDA\Admin\Runtime\Cache\452b9d0b59a67b87b47e419eddde234d.php 第 127 行.
INFO: ParseTemplate Behavior ::run [ RunTime:0.022642s ]
INFO: [ view_parse ] --END-- [ RunTime:0.022874s ]
INFO: [ view_filter ] --START--
INFO: ContentReplace Behavior ::run [ RunTime:0.001030s ]
INFO: TokenBuild Behavior ::run [ RunTime:0.001203s ]
INFO: WriteHtmlCache Behavior ::run [ RunTime:0.000765s ]
INFO: ShowRuntime Behavior ::run [ RunTime:0.001598s ]
INFO: [ view_filter ] --END-- [ RunTime:0.005109s ]
INFO: [ view_end ] --START--
INFO: ShowPageTrace Behavior ::run [ RunTime:0.001149s ]
INFO: [ view_end ] --END-- [ RunTime:0.001325s ]

[ 2015-09-03T22:41:07+08:00 ] 127.0.0.1 /SCDA/admin.php/Admin/responsive-nav.css
INFO: [ route_check ] --START--
INFO: CheckRoute Behavior ::run [ RunTime:0.001645s ]
INFO: [ route_check ] --END-- [ RunTime:0.001896s ]
INFO: [ app_begin ] --START--
INFO: ReadHtmlCache Behavior ::run [ RunTime:0.001198s ]
INFO: [ app_begin ] --END-- [ RunTime:0.001378s ]
ERR: 非法操作:responsive-nav.css

[ 2015-09-03T22:42:15+08:00 ] 127.0.0.1 /SCDA/admin.php/Admin/admin.html
INFO: [ route_check ] --START--
INFO: CheckRoute Behavior ::run [ RunTime:0.002127s ]
INFO: [ route_check ] --END-- [ RunTime:0.002350s ]
INFO: [ app_begin ] --START--
INFO: ReadHtmlCache Behavior ::run [ RunTime:0.003267s ]
INFO: [ app_begin ] --END-- [ RunTime:0.003509s ]
SQL: SHOW COLUMNS FROM `hd_student` [ RunTime:0.007332s ]
SQL: SELECT * FROM `hd_student`  [ RunTime:0.001623s ]
SQL: SELECT COUNT(*) AS tp_count FROM `hd_student` LIMIT 1   [ RunTime:0.000645s ]
INFO: [ view_parse ] --START--
NOTIC: [8] Undefined variable: meeting F:\wamp\www\SCDA\Admin\Runtime\Cache\452b9d0b59a67b87b47e419eddde234d.php 第 102 行.
NOTIC: [8] Undefined index: id F:\wamp\www\SCDA\Admin\Runtime\Cache\452b9d0b59a67b87b47e419eddde234d.php 第 123 行.
NOTIC: [8] Undefined index: id F:\wamp\www\SCDA\Admin\Runtime\Cache\452b9d0b59a67b87b47e419eddde234d.php 第 127 行.
INFO: ParseTemplate Behavior ::run [ RunTime:0.021908s ]
INFO: [ view_parse ] --END-- [ RunTime:0.022130s ]
INFO: [ view_filter ] --START--
INFO: ContentReplace Behavior ::run [ RunTime:0.001269s ]
INFO: TokenBuild Behavior ::run [ RunTime:0.001011s ]
INFO: WriteHtmlCache Behavior ::run [ RunTime:0.000841s ]
INFO: ShowRuntime Behavior ::run [ RunTime:0.000930s ]
INFO: [ view_filter ] --END-- [ RunTime:0.004542s ]
INFO: [ view_end ] --START--
INFO: ShowPageTrace Behavior ::run [ RunTime:0.002060s ]
INFO: [ view_end ] --END-- [ RunTime:0.002258s ]

[ 2015-09-03T22:42:15+08:00 ] 127.0.0.1 /SCDA/admin.php/Admin/responsive-nav.css
INFO: [ route_check ] --START--
INFO: CheckRoute Behavior ::run [ RunTime:0.001448s ]
INFO: [ route_check ] --END-- [ RunTime:0.001651s ]
INFO: [ app_begin ] --START--
INFO: ReadHtmlCache Behavior ::run [ RunTime:0.001911s ]
INFO: [ app_begin ] --END-- [ RunTime:0.002119s ]
ERR: 非法操作:responsive-nav.css

[ 2015-09-03T22:42:39+08:00 ] 127.0.0.1 /SCDA/admin.php/Admin/soso
INFO: [ route_check ] --START--
INFO: CheckRoute Behavior ::run [ RunTime:0.002444s ]
INFO: [ route_check ] --END-- [ RunTime:0.002760s ]
INFO: [ app_begin ] --START--
INFO: ReadHtmlCache Behavior ::run [ RunTime:0.001480s ]
INFO: [ app_begin ] --END-- [ RunTime:0.001667s ]
SQL: SHOW COLUMNS FROM `hd_student` [ RunTime:0.008830s ]
SQL: SELECT * FROM `hd_student` WHERE ( `development1` LIKE '%%' ) AND ( `development2` LIKE '%%' )  [ RunTime:0.001587s ]
INFO: [ view_parse ] --START--
NOTIC: [8] Undefined variable: meeting F:\wamp\www\SCDA\Admin\Runtime\Cache\452b9d0b59a67b87b47e419eddde234d.php 第 102 行.
NOTIC: [8] Undefined variable: sum F:\wamp\www\SCDA\Admin\Runtime\Cache\452b9d0b59a67b87b47e419eddde234d.php 第 107 行.
INFO: ParseTemplate Behavior ::run [ RunTime:0.027046s ]
INFO: [ view_parse ] --END-- [ RunTime:0.027295s ]
INFO: [ view_filter ] --START--
INFO: ContentReplace Behavior ::run [ RunTime:0.001064s ]
INFO: TokenBuild Behavior ::run [ RunTime:0.001191s ]
INFO: WriteHtmlCache Behavior ::run [ RunTime:0.000706s ]
INFO: ShowRuntime Behavior ::run [ RunTime:0.000964s ]
INFO: [ view_filter ] --END-- [ RunTime:0.004388s ]
INFO: [ view_end ] --START--
INFO: ShowPageTrace Behavior ::run [ RunTime:0.001089s ]
INFO: [ view_end ] --END-- [ RunTime:0.001257s ]

[ 2015-09-03T22:42:39+08:00 ] 127.0.0.1 /SCDA/admin.php/Admin/responsive-nav.css
INFO: [ route_check ] --START--
INFO: CheckRoute Behavior ::run [ RunTime:0.007311s ]
INFO: [ route_check ] --END-- [ RunTime:0.007531s ]
INFO: [ app_begin ] --START--
INFO: ReadHtmlCache Behavior ::run [ RunTime:0.001655s ]
INFO: [ app_begin ] --END-- [ RunTime:0.002111s ]
ERR: 非法操作:responsive-nav.css

[ 2015-09-03T22:42:47+08:00 ] 127.0.0.1 /SCDA/admin.php/Admin/soso
INFO: [ route_check ] --START--
INFO: CheckRoute Behavior ::run [ RunTime:0.002800s ]
INFO: [ route_check ] --END-- [ RunTime:0.003019s ]
INFO: [ app_begin ] --START--
INFO: ReadHtmlCache Behavior ::run [ RunTime:0.001623s ]
INFO: [ app_begin ] --END-- [ RunTime:0.001830s ]
SQL: SHOW COLUMNS FROM `hd_student` [ RunTime:0.009704s ]
SQL: SELECT * FROM `hd_student` WHERE ( `development1` LIKE '%传媒%' ) AND ( `development2` LIKE '%%' )  [ RunTime:0.003031s ]
INFO: [ view_parse ] --START--
NOTIC: [8] Undefined variable: meeting F:\wamp\www\SCDA\Admin\Runtime\Cache\452b9d0b59a67b87b47e419eddde234d.php 第 102 行.
NOTIC: [8] Undefined variable: sum F:\wamp\www\SCDA\Admin\Runtime\Cache\452b9d0b59a67b87b47e419eddde234d.php 第 107 行.
INFO: ParseTemplate Behavior ::run [ RunTime:0.022354s ]
INFO: [ view_parse ] --END-- [ RunTime:0.022574s ]
INFO: [ view_filter ] --START--
INFO: ContentReplace Behavior ::run [ RunTime:0.001124s ]
INFO: TokenBuild Behavior ::run [ RunTime:0.000999s ]
INFO: WriteHtmlCache Behavior ::run [ RunTime:0.000828s ]
INFO: ShowRuntime Behavior ::run [ RunTime:0.000952s ]
INFO: [ view_filter ] --END-- [ RunTime:0.004379s ]
INFO: [ view_end ] --START--
INFO: ShowPageTrace Behavior ::run [ RunTime:0.001016s ]
INFO: [ view_end ] --END-- [ RunTime:0.001136s ]

[ 2015-09-03T22:42:47+08:00 ] 127.0.0.1 /SCDA/admin.php/Admin/responsive-nav.css
INFO: [ route_check ] --START--
INFO: CheckRoute Behavior ::run [ RunTime:0.003643s ]
INFO: [ route_check ] --END-- [ RunTime:0.003924s ]
INFO: [ app_begin ] --START--
INFO: ReadHtmlCache Behavior ::run [ RunTime:0.002842s ]
INFO: [ app_begin ] --END-- [ RunTime:0.003047s ]
ERR: 非法操作:responsive-nav.css

[ 2015-09-03T23:14:16+08:00 ] 127.0.0.1 /SCDA/admin.php/Admin/admin.html
INFO: [ route_check ] --START--
INFO: CheckRoute Behavior ::run [ RunTime:0.001133s ]
INFO: [ route_check ] --END-- [ RunTime:0.001276s ]
INFO: [ app_begin ] --START--
INFO: ReadHtmlCache Behavior ::run [ RunTime:0.000887s ]
INFO: [ app_begin ] --END-- [ RunTime:0.000995s ]
SQL: SHOW COLUMNS FROM `hd_student` [ RunTime:0.007927s ]
SQL: SELECT * FROM `hd_student`  [ RunTime:0.001361s ]
SQL: SELECT COUNT(*) AS tp_count FROM `hd_student` LIMIT 1   [ RunTime:0.000628s ]
INFO: [ view_parse ] --START--
NOTIC: [8] Undefined variable: meeting F:\wamp\www\SCDA\Admin\Runtime\Cache\452b9d0b59a67b87b47e419eddde234d.php 第 102 行.
NOTIC: [8] Undefined index: id F:\wamp\www\SCDA\Admin\Runtime\Cache\452b9d0b59a67b87b47e419eddde234d.php 第 123 行.
INFO: ParseTemplate Behavior ::run [ RunTime:0.024578s ]
INFO: [ view_parse ] --END-- [ RunTime:0.024815s ]
INFO: [ view_filter ] --START--
INFO: ContentReplace Behavior ::run [ RunTime:0.001894s ]
INFO: TokenBuild Behavior ::run [ RunTime:0.001102s ]
INFO: WriteHtmlCache Behavior ::run [ RunTime:0.000957s ]
INFO: ShowRuntime Behavior ::run [ RunTime:0.001654s ]
INFO: [ view_filter ] --END-- [ RunTime:0.006167s ]
INFO: [ view_end ] --START--
INFO: ShowPageTrace Behavior ::run [ RunTime:0.001836s ]
INFO: [ view_end ] --END-- [ RunTime:0.002088s ]

[ 2015-09-03T23:14:16+08:00 ] 127.0.0.1 /SCDA/admin.php/Admin/responsive-nav.css
INFO: [ route_check ] --START--
INFO: CheckRoute Behavior ::run [ RunTime:0.001586s ]
INFO: [ route_check ] --END-- [ RunTime:0.001778s ]
INFO: [ app_begin ] --START--
INFO: ReadHtmlCache Behavior ::run [ RunTime:0.001109s ]
INFO: [ app_begin ] --END-- [ RunTime:0.001277s ]
ERR: 非法操作:responsive-nav.css

[ 2015-09-03T23:14:17+08:00 ] 127.0.0.1 /SCDA/admin.php/Admin/detail/id/1
INFO: [ route_check ] --START--
INFO: CheckRoute Behavior ::run [ RunTime:0.004127s ]
INFO: [ route_check ] --END-- [ RunTime:0.004353s ]
INFO: [ app_begin ] --START--
INFO: ReadHtmlCache Behavior ::run [ RunTime:0.001531s ]
INFO: [ app_begin ] --END-- [ RunTime:0.001852s ]
SQL: SHOW COLUMNS FROM `hd_student` [ RunTime:0.008994s ]
NOTIC: [8] Undefined index: studentID F:\wamp\www\SCDA\Admin\Lib\Action\AdminAction.class.php 第 22 行.
SQL: SELECT * FROM `hd_student` LIMIT 1   [ RunTime:0.001219s ]
INFO: [ view_parse ] --START--
INFO: ParseTemplate Behavior ::run [ RunTime:0.047858s ]
INFO: [ view_parse ] --END-- [ RunTime:0.048123s ]
INFO: [ view_filter ] --START--
INFO: ContentReplace Behavior ::run [ RunTime:0.001073s ]
INFO: TokenBuild Behavior ::run [ RunTime:0.001046s ]
INFO: WriteHtmlCache Behavior ::run [ RunTime:0.000734s ]
INFO: ShowRuntime Behavior ::run [ RunTime:0.001741s ]
INFO: [ view_filter ] --END-- [ RunTime:0.005166s ]
INFO: [ view_end ] --START--
INFO: ShowPageTrace Behavior ::run [ RunTime:0.001372s ]
INFO: [ view_end ] --END-- [ RunTime:0.001561s ]

[ 2015-09-03T23:14:17+08:00 ] 127.0.0.1 /SCDA/admin.php/Admin/detail/id/responsive-nav.css
INFO: [ route_check ] --START--
INFO: CheckRoute Behavior ::run [ RunTime:0.001723s ]
INFO: [ route_check ] --END-- [ RunTime:0.001967s ]
INFO: [ app_begin ] --START--
INFO: ReadHtmlCache Behavior ::run [ RunTime:0.001924s ]
INFO: [ app_begin ] --END-- [ RunTime:0.002135s ]
SQL: SHOW COLUMNS FROM `hd_student` [ RunTime:0.007637s ]
NOTIC: [8] Undefined index: studentID F:\wamp\www\SCDA\Admin\Lib\Action\AdminAction.class.php 第 22 行.
SQL: SELECT * FROM `hd_student` LIMIT 1   [ RunTime:0.001438s ]
INFO: [ view_parse ] --START--
INFO: ParseTemplate Behavior ::run [ RunTime:0.030888s ]
INFO: [ view_parse ] --END-- [ RunTime:0.031162s ]
INFO: [ view_filter ] --START--
INFO: ContentReplace Behavior ::run [ RunTime:0.001129s ]
INFO: TokenBuild Behavior ::run [ RunTime:0.001666s ]
INFO: WriteHtmlCache Behavior ::run [ RunTime:0.000685s ]
INFO: ShowRuntime Behavior ::run [ RunTime:0.002457s ]
INFO: [ view_filter ] --END-- [ RunTime:0.006471s ]
INFO: [ view_end ] --START--
INFO: ShowPageTrace Behavior ::run [ RunTime:0.001473s ]
INFO: [ view_end ] --END-- [ RunTime:0.001650s ]

[ 2015-09-03T23:15:20+08:00 ] 127.0.0.1 /SCDA/admin.php/Admin/admin.html
INFO: [ route_check ] --START--
INFO: CheckRoute Behavior ::run [ RunTime:0.002186s ]
INFO: [ route_check ] --END-- [ RunTime:0.002439s ]
INFO: [ app_begin ] --START--
INFO: ReadHtmlCache Behavior ::run [ RunTime:0.000813s ]
INFO: [ app_begin ] --END-- [ RunTime:0.000931s ]
SQL: SHOW COLUMNS FROM `hd_student` [ RunTime:0.006927s ]
SQL: SELECT * FROM `hd_student`  [ RunTime:0.001107s ]
SQL: SELECT COUNT(*) AS tp_count FROM `hd_student` LIMIT 1   [ RunTime:0.000352s ]
INFO: [ view_parse ] --START--
NOTIC: [8] Undefined variable: meeting F:\wamp\www\SCDA\Admin\Runtime\Cache\452b9d0b59a67b87b47e419eddde234d.php 第 102 行.
NOTIC: [8] Undefined index: id F:\wamp\www\SCDA\Admin\Runtime\Cache\452b9d0b59a67b87b47e419eddde234d.php 第 123 行.
INFO: ParseTemplate Behavior ::run [ RunTime:0.014318s ]
INFO: [ view_parse ] --END-- [ RunTime:0.014486s ]
INFO: [ view_filter ] --START--
INFO: ContentReplace Behavior ::run [ RunTime:0.001238s ]
INFO: TokenBuild Behavior ::run [ RunTime:0.000891s ]
INFO: WriteHtmlCache Behavior ::run [ RunTime:0.000646s ]
INFO: ShowRuntime Behavior ::run [ RunTime:0.000815s ]
INFO: [ view_filter ] --END-- [ RunTime:0.004059s ]
INFO: [ view_end ] --START--
INFO: ShowPageTrace Behavior ::run [ RunTime:0.000833s ]
INFO: [ view_end ] --END-- [ RunTime:0.000948s ]

[ 2015-09-03T23:15:20+08:00 ] 127.0.0.1 /SCDA/admin.php/Admin/responsive-nav.css
INFO: [ route_check ] --START--
INFO: CheckRoute Behavior ::run [ RunTime:0.003415s ]
INFO: [ route_check ] --END-- [ RunTime:0.003616s ]
INFO: [ app_begin ] --START--
INFO: ReadHtmlCache Behavior ::run [ RunTime:0.001401s ]
INFO: [ app_begin ] --END-- [ RunTime:0.001641s ]
ERR: 非法操作:responsive-nav.css

[ 2015-09-03T23:15:21+08:00 ] 127.0.0.1 /SCDA/admin.php/Admin/detail/id/1
INFO: [ route_check ] --START--
INFO: CheckRoute Behavior ::run [ RunTime:0.001555s ]
INFO: [ route_check ] --END-- [ RunTime:0.001779s ]
INFO: [ app_begin ] --START--
INFO: ReadHtmlCache Behavior ::run [ RunTime:0.001240s ]
INFO: [ app_begin ] --END-- [ RunTime:0.001436s ]
SQL: SHOW COLUMNS FROM `hd_student` [ RunTime:0.007188s ]
NOTIC: [8] Undefined index: studentID F:\wamp\www\SCDA\Admin\Lib\Action\AdminAction.class.php 第 22 行.
SQL: SELECT * FROM `hd_student` LIMIT 1   [ RunTime:0.001483s ]
INFO: [ view_parse ] --START--
NOTIC: [8] Undefined variable: v F:\wamp\www\SCDA\Admin\Runtime\Cache\e0ad787b783f8ef3b7a7d43dcc13025f.php 第 48 行.
NOTIC: [8] Undefined variable: v F:\wamp\www\SCDA\Admin\Runtime\Cache\e0ad787b783f8ef3b7a7d43dcc13025f.php 第 50 行.
NOTIC: [8] Undefined variable: v F:\wamp\www\SCDA\Admin\Runtime\Cache\e0ad787b783f8ef3b7a7d43dcc13025f.php 第 52 行.
INFO: ParseTemplate Behavior ::run [ RunTime:0.017056s ]
INFO: [ view_parse ] --END-- [ RunTime:0.017283s ]
INFO: [ view_filter ] --START--
INFO: ContentReplace Behavior ::run [ RunTime:0.003966s ]
INFO: TokenBuild Behavior ::run [ RunTime:0.001237s ]
INFO: WriteHtmlCache Behavior ::run [ RunTime:0.000791s ]
INFO: ShowRuntime Behavior ::run [ RunTime:0.001042s ]
INFO: [ view_filter ] --END-- [ RunTime:0.007537s ]
INFO: [ view_end ] --START--
INFO: ShowPageTrace Behavior ::run [ RunTime:0.001008s ]
INFO: [ view_end ] --END-- [ RunTime:0.001179s ]

[ 2015-09-03T23:15:21+08:00 ] 127.0.0.1 /SCDA/admin.php/Admin/detail/id/responsive-nav.css
INFO: [ route_check ] --START--
INFO: CheckRoute Behavior ::run [ RunTime:0.001649s ]
INFO: [ route_check ] --END-- [ RunTime:0.001873s ]
INFO: [ app_begin ] --START--
INFO: ReadHtmlCache Behavior ::run [ RunTime:0.001353s ]
INFO: [ app_begin ] --END-- [ RunTime:0.001573s ]
SQL: SHOW COLUMNS FROM `hd_student` [ RunTime:0.010924s ]
NOTIC: [8] Undefined index: studentID F:\wamp\www\SCDA\Admin\Lib\Action\AdminAction.class.php 第 22 行.
SQL: SELECT * FROM `hd_student` LIMIT 1   [ RunTime:0.001388s ]
INFO: [ view_parse ] --START--
NOTIC: [8] Undefined variable: v F:\wamp\www\SCDA\Admin\Runtime\Cache\e0ad787b783f8ef3b7a7d43dcc13025f.php 第 48 行.
NOTIC: [8] Undefined variable: v F:\wamp\www\SCDA\Admin\Runtime\Cache\e0ad787b783f8ef3b7a7d43dcc13025f.php 第 50 行.
NOTIC: [8] Undefined variable: v F:\wamp\www\SCDA\Admin\Runtime\Cache\e0ad787b783f8ef3b7a7d43dcc13025f.php 第 52 行.
INFO: ParseTemplate Behavior ::run [ RunTime:0.017520s ]
INFO: [ view_parse ] --END-- [ RunTime:0.017749s ]
INFO: [ view_filter ] --START--
INFO: ContentReplace Behavior ::run [ RunTime:0.002311s ]
INFO: TokenBuild Behavior ::run [ RunTime:0.001495s ]
INFO: WriteHtmlCache Behavior ::run [ RunTime:0.001276s ]
INFO: ShowRuntime Behavior ::run [ RunTime:0.004937s ]
INFO: [ view_filter ] --END-- [ RunTime:0.011729s ]
INFO: [ view_end ] --START--
INFO: ShowPageTrace Behavior ::run [ RunTime:0.002461s ]
INFO: [ view_end ] --END-- [ RunTime:0.002628s ]

[ 2015-09-03T23:15:36+08:00 ] 127.0.0.1 /SCDA/admin.php/Admin/admin.html
INFO: [ route_check ] --START--
INFO: CheckRoute Behavior ::run [ RunTime:0.001981s ]
INFO: [ route_check ] --END-- [ RunTime:0.002861s ]
INFO: [ app_begin ] --START--
INFO: ReadHtmlCache Behavior ::run [ RunTime:0.001546s ]
INFO: [ app_begin ] --END-- [ RunTime:0.001761s ]
SQL: SHOW COLUMNS FROM `hd_student` [ RunTime:0.010011s ]
SQL: SELECT * FROM `hd_student`  [ RunTime:0.001769s ]
SQL: SELECT COUNT(*) AS tp_count FROM `hd_student` LIMIT 1   [ RunTime:0.001099s ]
INFO: [ view_parse ] --START--
NOTIC: [8] Undefined variable: meeting F:\wamp\www\SCDA\Admin\Runtime\Cache\452b9d0b59a67b87b47e419eddde234d.php 第 102 行.
NOTIC: [8] Undefined index: id F:\wamp\www\SCDA\Admin\Runtime\Cache\452b9d0b59a67b87b47e419eddde234d.php 第 123 行.
INFO: ParseTemplate Behavior ::run [ RunTime:0.023270s ]
INFO: [ view_parse ] --END-- [ RunTime:0.023486s ]
INFO: [ view_filter ] --START--
INFO: ContentReplace Behavior ::run [ RunTime:0.002908s ]
INFO: TokenBuild Behavior ::run [ RunTime:0.001309s ]
INFO: WriteHtmlCache Behavior ::run [ RunTime:0.001636s ]
INFO: ShowRuntime Behavior ::run [ RunTime:0.001368s ]
INFO: [ view_filter ] --END-- [ RunTime:0.007818s ]
INFO: [ view_end ] --START--
INFO: ShowPageTrace Behavior ::run [ RunTime:0.001629s ]
INFO: [ view_end ] --END-- [ RunTime:0.001906s ]

[ 2015-09-03T23:15:36+08:00 ] 127.0.0.1 /SCDA/admin.php/Admin/responsive-nav.css
INFO: [ route_check ] --START--
INFO: CheckRoute Behavior ::run [ RunTime:0.001256s ]
INFO: [ route_check ] --END-- [ RunTime:0.001449s ]
INFO: [ app_begin ] --START--
INFO: ReadHtmlCache Behavior ::run [ RunTime:0.002084s ]
INFO: [ app_begin ] --END-- [ RunTime:0.002275s ]
ERR: 非法操作:responsive-nav.css

[ 2015-09-03T23:15:37+08:00 ] 127.0.0.1 /SCDA/admin.php/Admin/detail/id/1
INFO: [ route_check ] --START--
INFO: CheckRoute Behavior ::run [ RunTime:0.001697s ]
INFO: [ route_check ] --END-- [ RunTime:0.001936s ]
INFO: [ app_begin ] --START--
INFO: ReadHtmlCache Behavior ::run [ RunTime:0.001274s ]
INFO: [ app_begin ] --END-- [ RunTime:0.001492s ]
SQL: SHOW COLUMNS FROM `hd_student` [ RunTime:0.013983s ]
NOTIC: [8] Undefined index: studentID F:\wamp\www\SCDA\Admin\Lib\Action\AdminAction.class.php 第 22 行.
SQL: SELECT * FROM `hd_student` LIMIT 1   [ RunTime:0.001751s ]
INFO: [ view_parse ] --START--
NOTIC: [8] Undefined variable: v F:\wamp\www\SCDA\Admin\Runtime\Cache\e0ad787b783f8ef3b7a7d43dcc13025f.php 第 48 行.
NOTIC: [8] Undefined variable: v F:\wamp\www\SCDA\Admin\Runtime\Cache\e0ad787b783f8ef3b7a7d43dcc13025f.php 第 50 行.
NOTIC: [8] Undefined variable: v F:\wamp\www\SCDA\Admin\Runtime\Cache\e0ad787b783f8ef3b7a7d43dcc13025f.php 第 52 行.
INFO: ParseTemplate Behavior ::run [ RunTime:0.026310s ]
INFO: [ view_parse ] --END-- [ RunTime:0.026521s ]
INFO: [ view_filter ] --START--
INFO: ContentReplace Behavior ::run [ RunTime:0.001054s ]
INFO: TokenBuild Behavior ::run [ RunTime:0.001282s ]
INFO: WriteHtmlCache Behavior ::run [ RunTime:0.001303s ]
INFO: ShowRuntime Behavior ::run [ RunTime:0.001383s ]
INFO: [ view_filter ] --END-- [ RunTime:0.005564s ]
INFO: [ view_end ] --START--
INFO: ShowPageTrace Behavior ::run [ RunTime:0.003121s ]
INFO: [ view_end ] --END-- [ RunTime:0.003311s ]

[ 2015-09-03T23:15:37+08:00 ] 127.0.0.1 /SCDA/admin.php/Admin/detail/id/responsive-nav.css
INFO: [ route_check ] --START--
INFO: CheckRoute Behavior ::run [ RunTime:0.002071s ]
INFO: [ route_check ] --END-- [ RunTime:0.002324s ]
INFO: [ app_begin ] --START--
INFO: ReadHtmlCache Behavior ::run [ RunTime:0.001433s ]
INFO: [ app_begin ] --END-- [ RunTime:0.001631s ]
SQL: SHOW COLUMNS FROM `hd_student` [ RunTime:0.008342s ]
NOTIC: [8] Undefined index: studentID F:\wamp\www\SCDA\Admin\Lib\Action\AdminAction.class.php 第 22 行.
SQL: SELECT * FROM `hd_student` LIMIT 1   [ RunTime:0.001297s ]
INFO: [ view_parse ] --START--
NOTIC: [8] Undefined variable: v F:\wamp\www\SCDA\Admin\Runtime\Cache\e0ad787b783f8ef3b7a7d43dcc13025f.php 第 48 行.
NOTIC: [8] Undefined variable: v F:\wamp\www\SCDA\Admin\Runtime\Cache\e0ad787b783f8ef3b7a7d43dcc13025f.php 第 50 行.
NOTIC: [8] Undefined variable: v F:\wamp\www\SCDA\Admin\Runtime\Cache\e0ad787b783f8ef3b7a7d43dcc13025f.php 第 52 行.
INFO: ParseTemplate Behavior ::run [ RunTime:0.017235s ]
INFO: [ view_parse ] --END-- [ RunTime:0.017463s ]
INFO: [ view_filter ] --START--
INFO: ContentReplace Behavior ::run [ RunTime:0.001518s ]
INFO: TokenBuild Behavior ::run [ RunTime:0.001292s ]
INFO: WriteHtmlCache Behavior ::run [ RunTime:0.002383s ]
INFO: ShowRuntime Behavior ::run [ RunTime:0.001594s ]
INFO: [ view_filter ] --END-- [ RunTime:0.007878s ]
INFO: [ view_end ] --START--
INFO: ShowPageTrace Behavior ::run [ RunTime:0.001786s ]
INFO: [ view_end ] --END-- [ RunTime:0.001975s ]

[ 2015-09-03T23:23:15+08:00 ] 127.0.0.1 /SCDA/admin.php/Admin/detail/id/1
INFO: [ route_check ] --START--
INFO: CheckRoute Behavior ::run [ RunTime:0.001956s ]
INFO: [ route_check ] --END-- [ RunTime:0.002170s ]
INFO: [ app_begin ] --START--
INFO: ReadHtmlCache Behavior ::run [ RunTime:0.001685s ]
INFO: [ app_begin ] --END-- [ RunTime:0.001926s ]
SQL: SHOW COLUMNS FROM `hd_student` [ RunTime:0.007824s ]
NOTIC: [8] Undefined index: studentID F:\wamp\www\SCDA\Admin\Lib\Action\AdminAction.class.php 第 22 行.
SQL: SELECT * FROM `hd_student` LIMIT 1   [ RunTime:0.001505s ]

[ 2015-09-03T23:24:12+08:00 ] 127.0.0.1 /SCDA/admin.php/Admin/detail/id/1
INFO: [ route_check ] --START--
INFO: CheckRoute Behavior ::run [ RunTime:0.002824s ]
INFO: [ route_check ] --END-- [ RunTime:0.003055s ]
INFO: [ app_begin ] --START--
INFO: ReadHtmlCache Behavior ::run [ RunTime:0.001382s ]
INFO: [ app_begin ] --END-- [ RunTime:0.001609s ]
SQL: SHOW COLUMNS FROM `hd_student` [ RunTime:0.008530s ]
NOTIC: [8] Undefined index: studentID F:\wamp\www\SCDA\Admin\Lib\Action\AdminAction.class.php 第 22 行.
SQL: SELECT * FROM `hd_student` LIMIT 1   [ RunTime:0.001547s ]

[ 2015-09-03T23:24:37+08:00 ] 127.0.0.1 /SCDA/admin.php/Admin/detail/id/1
INFO: [ route_check ] --START--
INFO: CheckRoute Behavior ::run [ RunTime:0.001407s ]
INFO: [ route_check ] --END-- [ RunTime:0.001588s ]
INFO: [ app_begin ] --START--
INFO: ReadHtmlCache Behavior ::run [ RunTime:0.001169s ]
INFO: [ app_begin ] --END-- [ RunTime:0.001334s ]
SQL: SHOW COLUMNS FROM `hd_student` [ RunTime:0.007588s ]
NOTIC: [8] Undefined index: studentID F:\wamp\www\SCDA\Admin\Lib\Action\AdminAction.class.php 第 22 行.
SQL: SELECT * FROM `hd_student` LIMIT 1   [ RunTime:0.001656s ]
INFO: [ view_parse ] --START--
NOTIC: [8] Undefined variable: v F:\wamp\www\SCDA\Admin\Runtime\Cache\e0ad787b783f8ef3b7a7d43dcc13025f.php 第 49 行.
NOTIC: [8] Undefined variable: v F:\wamp\www\SCDA\Admin\Runtime\Cache\e0ad787b783f8ef3b7a7d43dcc13025f.php 第 51 行.
NOTIC: [8] Undefined variable: v F:\wamp\www\SCDA\Admin\Runtime\Cache\e0ad787b783f8ef3b7a7d43dcc13025f.php 第 53 行.
INFO: ParseTemplate Behavior ::run [ RunTime:0.011641s ]
INFO: [ view_parse ] --END-- [ RunTime:0.011824s ]
INFO: [ view_filter ] --START--
INFO: ContentReplace Behavior ::run [ RunTime:0.001189s ]
INFO: TokenBuild Behavior ::run [ RunTime:0.001137s ]
INFO: WriteHtmlCache Behavior ::run [ RunTime:0.003535s ]
INFO: ShowRuntime Behavior ::run [ RunTime:0.001170s ]
INFO: [ view_filter ] --END-- [ RunTime:0.007672s ]
INFO: [ view_end ] --START--
INFO: ShowPageTrace Behavior ::run [ RunTime:0.001319s ]
INFO: [ view_end ] --END-- [ RunTime:0.001495s ]

[ 2015-09-03T23:24:37+08:00 ] 127.0.0.1 /SCDA/admin.php/Admin/detail/id/responsive-nav.css
INFO: [ route_check ] --START--
INFO: CheckRoute Behavior ::run [ RunTime:0.001652s ]
INFO: [ route_check ] --END-- [ RunTime:0.001861s ]
INFO: [ app_begin ] --START--
INFO: ReadHtmlCache Behavior ::run [ RunTime:0.001342s ]
INFO: [ app_begin ] --END-- [ RunTime:0.001535s ]
SQL: SHOW COLUMNS FROM `hd_student` [ RunTime:0.008993s ]
NOTIC: [8] Undefined index: studentID F:\wamp\www\SCDA\Admin\Lib\Action\AdminAction.class.php 第 22 行.
SQL: SELECT * FROM `hd_student` LIMIT 1   [ RunTime:0.001836s ]
INFO: [ view_parse ] --START--
NOTIC: [8] Undefined variable: v F:\wamp\www\SCDA\Admin\Runtime\Cache\e0ad787b783f8ef3b7a7d43dcc13025f.php 第 49 行.
NOTIC: [8] Undefined variable: v F:\wamp\www\SCDA\Admin\Runtime\Cache\e0ad787b783f8ef3b7a7d43dcc13025f.php 第 51 行.
NOTIC: [8] Undefined variable: v F:\wamp\www\SCDA\Admin\Runtime\Cache\e0ad787b783f8ef3b7a7d43dcc13025f.php 第 53 行.
INFO: ParseTemplate Behavior ::run [ RunTime:0.018038s ]
INFO: [ view_parse ] --END-- [ RunTime:0.018279s ]
INFO: [ view_filter ] --START--
INFO: ContentReplace Behavior ::run [ RunTime:0.001438s ]
INFO: TokenBuild Behavior ::run [ RunTime:0.002365s ]
INFO: WriteHtmlCache Behavior ::run [ RunTime:0.001116s ]
INFO: ShowRuntime Behavior ::run [ RunTime:0.002070s ]
INFO: [ view_filter ] --END-- [ RunTime:0.007583s ]
INFO: [ view_end ] --START--
INFO: ShowPageTrace Behavior ::run [ RunTime:0.001768s ]
INFO: [ view_end ] --END-- [ RunTime:0.002167s ]

[ 2015-09-03T23:24:41+08:00 ] 127.0.0.1 /SCDA/admin.php/Admin/detail/id/1
INFO: [ route_check ] --START--
INFO: CheckRoute Behavior ::run [ RunTime:0.001458s ]
INFO: [ route_check ] --END-- [ RunTime:0.001652s ]
INFO: [ app_begin ] --START--
INFO: ReadHtmlCache Behavior ::run [ RunTime:0.001141s ]
INFO: [ app_begin ] --END-- [ RunTime:0.001315s ]
SQL: SHOW COLUMNS FROM `hd_student` [ RunTime:0.013512s ]
NOTIC: [8] Undefined index: studentID F:\wamp\www\SCDA\Admin\Lib\Action\AdminAction.class.php 第 22 行.
SQL: SELECT * FROM `hd_student` LIMIT 1   [ RunTime:0.001203s ]
INFO: [ view_parse ] --START--
NOTIC: [8] Undefined variable: v F:\wamp\www\SCDA\Admin\Runtime\Cache\e0ad787b783f8ef3b7a7d43dcc13025f.php 第 49 行.
NOTIC: [8] Undefined variable: v F:\wamp\www\SCDA\Admin\Runtime\Cache\e0ad787b783f8ef3b7a7d43dcc13025f.php 第 51 行.
NOTIC: [8] Undefined variable: v F:\wamp\www\SCDA\Admin\Runtime\Cache\e0ad787b783f8ef3b7a7d43dcc13025f.php 第 53 行.
INFO: ParseTemplate Behavior ::run [ RunTime:0.013914s ]
INFO: [ view_parse ] --END-- [ RunTime:0.014130s ]
INFO: [ view_filter ] --START--
INFO: ContentReplace Behavior ::run [ RunTime:0.000808s ]
INFO: TokenBuild Behavior ::run [ RunTime:0.000839s ]
INFO: WriteHtmlCache Behavior ::run [ RunTime:0.000577s ]
INFO: ShowRuntime Behavior ::run [ RunTime:0.000954s ]
INFO: [ view_filter ] --END-- [ RunTime:0.003588s ]
INFO: [ view_end ] --START--
INFO: ShowPageTrace Behavior ::run [ RunTime:0.000918s ]
INFO: [ view_end ] --END-- [ RunTime:0.001065s ]

[ 2015-09-03T23:24:42+08:00 ] 127.0.0.1 /SCDA/admin.php/Admin/detail/id/responsive-nav.css
INFO: [ route_check ] --START--
INFO: CheckRoute Behavior ::run [ RunTime:0.001560s ]
INFO: [ route_check ] --END-- [ RunTime:0.001794s ]
INFO: [ app_begin ] --START--
INFO: ReadHtmlCache Behavior ::run [ RunTime:0.001281s ]
INFO: [ app_begin ] --END-- [ RunTime:0.001492s ]
SQL: SHOW COLUMNS FROM `hd_student` [ RunTime:0.008036s ]
NOTIC: [8] Undefined index: studentID F:\wamp\www\SCDA\Admin\Lib\Action\AdminAction.class.php 第 22 行.
SQL: SELECT * FROM `hd_student` LIMIT 1   [ RunTime:0.001379s ]
INFO: [ view_parse ] --START--
NOTIC: [8] Undefined variable: v F:\wamp\www\SCDA\Admin\Runtime\Cache\e0ad787b783f8ef3b7a7d43dcc13025f.php 第 49 行.
NOTIC: [8] Undefined variable: v F:\wamp\www\SCDA\Admin\Runtime\Cache\e0ad787b783f8ef3b7a7d43dcc13025f.php 第 51 行.
NOTIC: [8] Undefined variable: v F:\wamp\www\SCDA\Admin\Runtime\Cache\e0ad787b783f8ef3b7a7d43dcc13025f.php 第 53 行.
INFO: ParseTemplate Behavior ::run [ RunTime:0.020982s ]
INFO: [ view_parse ] --END-- [ RunTime:0.021216s ]
INFO: [ view_filter ] --START--
INFO: ContentReplace Behavior ::run [ RunTime:0.001516s ]
INFO: TokenBuild Behavior ::run [ RunTime:0.001347s ]
INFO: WriteHtmlCache Behavior ::run [ RunTime:0.001855s ]
INFO: ShowRuntime Behavior ::run [ RunTime:0.005510s ]
INFO: [ view_filter ] --END-- [ RunTime:0.010808s ]
INFO: [ view_end ] --START--
INFO: ShowPageTrace Behavior ::run [ RunTime:0.001253s ]
INFO: [ view_end ] --END-- [ RunTime:0.001461s ]

[ 2015-09-03T23:28:50+08:00 ] 127.0.0.1 /SCDA/admin.php/Admin/admin.html
INFO: [ route_check ] --START--
INFO: CheckRoute Behavior ::run [ RunTime:0.003290s ]
INFO: [ route_check ] --END-- [ RunTime:0.003523s ]
INFO: [ app_begin ] --START--
INFO: ReadHtmlCache Behavior ::run [ RunTime:0.001327s ]
INFO: [ app_begin ] --END-- [ RunTime:0.001527s ]
SQL: SHOW COLUMNS FROM `hd_student` [ RunTime:0.007866s ]
SQL: SELECT * FROM `hd_student`  [ RunTime:0.002097s ]
SQL: SELECT COUNT(*) AS tp_count FROM `hd_student` LIMIT 1   [ RunTime:0.001261s ]
INFO: [ view_parse ] --START--
NOTIC: [8] Undefined variable: meeting F:\wamp\www\SCDA\Admin\Runtime\Cache\452b9d0b59a67b87b47e419eddde234d.php 第 102 行.
NOTIC: [8] Undefined index: id F:\wamp\www\SCDA\Admin\Runtime\Cache\452b9d0b59a67b87b47e419eddde234d.php 第 123 行.
INFO: ParseTemplate Behavior ::run [ RunTime:0.021585s ]
INFO: [ view_parse ] --END-- [ RunTime:0.021814s ]
INFO: [ view_filter ] --START--
INFO: ContentReplace Behavior ::run [ RunTime:0.001044s ]
INFO: TokenBuild Behavior ::run [ RunTime:0.001058s ]
INFO: WriteHtmlCache Behavior ::run [ RunTime:0.002811s ]
INFO: ShowRuntime Behavior ::run [ RunTime:0.001167s ]
INFO: [ view_filter ] --END-- [ RunTime:0.006627s ]
INFO: [ view_end ] --START--
INFO: ShowPageTrace Behavior ::run [ RunTime:0.001432s ]
INFO: [ view_end ] --END-- [ RunTime:0.001625s ]

[ 2015-09-03T23:28:50+08:00 ] 127.0.0.1 /SCDA/admin.php/Admin/responsive-nav.css
INFO: [ route_check ] --START--
INFO: CheckRoute Behavior ::run [ RunTime:0.001695s ]
INFO: [ route_check ] --END-- [ RunTime:0.001935s ]
INFO: [ app_begin ] --START--
INFO: ReadHtmlCache Behavior ::run [ RunTime:0.002327s ]
INFO: [ app_begin ] --END-- [ RunTime:0.002524s ]
ERR: 非法操作:responsive-nav.css

[ 2015-09-03T23:28:51+08:00 ] 127.0.0.1 /SCDA/admin.php/Admin/detail/id/1
INFO: [ route_check ] --START--
INFO: CheckRoute Behavior ::run [ RunTime:0.002783s ]
INFO: [ route_check ] --END-- [ RunTime:0.003531s ]
INFO: [ app_begin ] --START--
INFO: ReadHtmlCache Behavior ::run [ RunTime:0.004932s ]
INFO: [ app_begin ] --END-- [ RunTime:0.005147s ]
SQL: SHOW COLUMNS FROM `hd_student` [ RunTime:0.010009s ]
NOTIC: [8] Undefined index: studentID F:\wamp\www\SCDA\Admin\Lib\Action\AdminAction.class.php 第 22 行.
SQL: SELECT * FROM `hd_student` LIMIT 1   [ RunTime:0.003890s ]
INFO: [ view_parse ] --START--
NOTIC: [8] Undefined variable: v F:\wamp\www\SCDA\Admin\Runtime\Cache\e0ad787b783f8ef3b7a7d43dcc13025f.php 第 49 行.
NOTIC: [8] Undefined variable: v F:\wamp\www\SCDA\Admin\Runtime\Cache\e0ad787b783f8ef3b7a7d43dcc13025f.php 第 51 行.
NOTIC: [8] Undefined variable: v F:\wamp\www\SCDA\Admin\Runtime\Cache\e0ad787b783f8ef3b7a7d43dcc13025f.php 第 53 行.
INFO: ParseTemplate Behavior ::run [ RunTime:0.021782s ]
INFO: [ view_parse ] --END-- [ RunTime:0.021999s ]
INFO: [ view_filter ] --START--
INFO: ContentReplace Behavior ::run [ RunTime:0.001060s ]
INFO: TokenBuild Behavior ::run [ RunTime:0.002041s ]
INFO: WriteHtmlCache Behavior ::run [ RunTime:0.000884s ]
INFO: ShowRuntime Behavior ::run [ RunTime:0.001626s ]
INFO: [ view_filter ] --END-- [ RunTime:0.006576s ]
INFO: [ view_end ] --START--
INFO: ShowPageTrace Behavior ::run [ RunTime:0.001534s ]
INFO: [ view_end ] --END-- [ RunTime:0.001733s ]

[ 2015-09-03T23:28:51+08:00 ] 127.0.0.1 /SCDA/admin.php/Admin/detail/id/responsive-nav.css
INFO: [ route_check ] --START--
INFO: CheckRoute Behavior ::run [ RunTime:0.001656s ]
INFO: [ route_check ] --END-- [ RunTime:0.001880s ]
INFO: [ app_begin ] --START--
INFO: ReadHtmlCache Behavior ::run [ RunTime:0.001358s ]
INFO: [ app_begin ] --END-- [ RunTime:0.001567s ]
SQL: SHOW COLUMNS FROM `hd_student` [ RunTime:0.007962s ]
NOTIC: [8] Undefined index: studentID F:\wamp\www\SCDA\Admin\Lib\Action\AdminAction.class.php 第 22 行.
SQL: SELECT * FROM `hd_student` LIMIT 1   [ RunTime:0.001503s ]
INFO: [ view_parse ] --START--
NOTIC: [8] Undefined variable: v F:\wamp\www\SCDA\Admin\Runtime\Cache\e0ad787b783f8ef3b7a7d43dcc13025f.php 第 49 行.
NOTIC: [8] Undefined variable: v F:\wamp\www\SCDA\Admin\Runtime\Cache\e0ad787b783f8ef3b7a7d43dcc13025f.php 第 51 行.
NOTIC: [8] Undefined variable: v F:\wamp\www\SCDA\Admin\Runtime\Cache\e0ad787b783f8ef3b7a7d43dcc13025f.php 第 53 行.
INFO: ParseTemplate Behavior ::run [ RunTime:0.013474s ]
INFO: [ view_parse ] --END-- [ RunTime:0.013662s ]
INFO: [ view_filter ] --START--
INFO: ContentReplace Behavior ::run [ RunTime:0.001908s ]
INFO: TokenBuild Behavior ::run [ RunTime:0.001325s ]
INFO: WriteHtmlCache Behavior ::run [ RunTime:0.001486s ]
INFO: ShowRuntime Behavior ::run [ RunTime:0.001692s ]
INFO: [ view_filter ] --END-- [ RunTime:0.006953s ]
INFO: [ view_end ] --START--
INFO: ShowPageTrace Behavior ::run [ RunTime:0.001974s ]
INFO: [ view_end ] --END-- [ RunTime:0.002478s ]

[ 2015-09-03T23:30:00+08:00 ] 127.0.0.1 /SCDA/admin.php/Admin/detail/id/1
INFO: [ route_check ] --START--
INFO: CheckRoute Behavior ::run [ RunTime:0.002396s ]
INFO: [ route_check ] --END-- [ RunTime:0.002609s ]
INFO: [ app_begin ] --START--
INFO: ReadHtmlCache Behavior ::run [ RunTime:0.001308s ]
INFO: [ app_begin ] --END-- [ RunTime:0.001504s ]
SQL: SHOW COLUMNS FROM `hd_student` [ RunTime:0.007081s ]
NOTIC: [8] Undefined index: studentID F:\wamp\www\SCDA\Admin\Lib\Action\AdminAction.class.php 第 22 行.
SQL: SELECT * FROM `hd_student` LIMIT 1   [ RunTime:0.003019s ]
INFO: [ view_parse ] --START--
NOTIC: [8] Undefined variable: v F:\wamp\www\SCDA\Admin\Runtime\Cache\e0ad787b783f8ef3b7a7d43dcc13025f.php 第 47 行.
NOTIC: [8] Undefined variable: v F:\wamp\www\SCDA\Admin\Runtime\Cache\e0ad787b783f8ef3b7a7d43dcc13025f.php 第 50 行.
NOTIC: [8] Undefined variable: v F:\wamp\www\SCDA\Admin\Runtime\Cache\e0ad787b783f8ef3b7a7d43dcc13025f.php 第 52 行.
NOTIC: [8] Undefined variable: v F:\wamp\www\SCDA\Admin\Runtime\Cache\e0ad787b783f8ef3b7a7d43dcc13025f.php 第 54 行.
INFO: ParseTemplate Behavior ::run [ RunTime:0.019921s ]
INFO: [ view_parse ] --END-- [ RunTime:0.020179s ]
INFO: [ view_filter ] --START--
INFO: ContentReplace Behavior ::run [ RunTime:0.001138s ]
INFO: TokenBuild Behavior ::run [ RunTime:0.001087s ]
INFO: WriteHtmlCache Behavior ::run [ RunTime:0.000807s ]
INFO: ShowRuntime Behavior ::run [ RunTime:0.001335s ]
INFO: [ view_filter ] --END-- [ RunTime:0.004913s ]
INFO: [ view_end ] --START--
INFO: ShowPageTrace Behavior ::run [ RunTime:0.001388s ]
INFO: [ view_end ] --END-- [ RunTime:0.001592s ]

[ 2015-09-03T23:30:01+08:00 ] 127.0.0.1 /SCDA/admin.php/Admin/detail/id/responsive-nav.css
INFO: [ route_check ] --START--
INFO: CheckRoute Behavior ::run [ RunTime:0.003019s ]
INFO: [ route_check ] --END-- [ RunTime:0.003253s ]
INFO: [ app_begin ] --START--
INFO: ReadHtmlCache Behavior ::run [ RunTime:0.002832s ]
INFO: [ app_begin ] --END-- [ RunTime:0.003032s ]
SQL: SHOW COLUMNS FROM `hd_student` [ RunTime:0.008604s ]
NOTIC: [8] Undefined index: studentID F:\wamp\www\SCDA\Admin\Lib\Action\AdminAction.class.php 第 22 行.
SQL: SELECT * FROM `hd_student` LIMIT 1   [ RunTime:0.001526s ]
INFO: [ view_parse ] --START--
NOTIC: [8] Undefined variable: v F:\wamp\www\SCDA\Admin\Runtime\Cache\e0ad787b783f8ef3b7a7d43dcc13025f.php 第 47 行.
NOTIC: [8] Undefined variable: v F:\wamp\www\SCDA\Admin\Runtime\Cache\e0ad787b783f8ef3b7a7d43dcc13025f.php 第 50 行.
NOTIC: [8] Undefined variable: v F:\wamp\www\SCDA\Admin\Runtime\Cache\e0ad787b783f8ef3b7a7d43dcc13025f.php 第 52 行.
NOTIC: [8] Undefined variable: v F:\wamp\www\SCDA\Admin\Runtime\Cache\e0ad787b783f8ef3b7a7d43dcc13025f.php 第 54 行.
INFO: ParseTemplate Behavior ::run [ RunTime:0.015820s ]
INFO: [ view_parse ] --END-- [ RunTime:0.016053s ]
INFO: [ view_filter ] --START--
INFO: ContentReplace Behavior ::run [ RunTime:0.001090s ]
INFO: TokenBuild Behavior ::run [ RunTime:0.001008s ]
INFO: WriteHtmlCache Behavior ::run [ RunTime:0.002219s ]
INFO: ShowRuntime Behavior ::run [ RunTime:0.001155s ]
INFO: [ view_filter ] --END-- [ RunTime:0.005988s ]
INFO: [ view_end ] --START--
INFO: ShowPageTrace Behavior ::run [ RunTime:0.001317s ]
INFO: [ view_end ] --END-- [ RunTime:0.001511s ]

[ 2015-09-03T23:37:52+08:00 ] 127.0.0.1 /SCDA/admin.php/Admin/detail/id/1
INFO: [ route_check ] --START--
INFO: CheckRoute Behavior ::run [ RunTime:0.001653s ]
INFO: [ route_check ] --END-- [ RunTime:0.001850s ]
INFO: [ app_begin ] --START--
INFO: ReadHtmlCache Behavior ::run [ RunTime:0.001309s ]
INFO: [ app_begin ] --END-- [ RunTime:0.001498s ]
SQL: SHOW COLUMNS FROM `hd_student` [ RunTime:0.009075s ]
NOTIC: [8] Undefined index: studentID F:\wamp\www\SCDA\Admin\Lib\Action\AdminAction.class.php 第 22 行.
SQL: SELECT * FROM `hd_student` LIMIT 1   [ RunTime:0.003677s ]
INFO: [ view_parse ] --START--
NOTIC: [8] Undefined variable: v F:\wamp\www\SCDA\Admin\Runtime\Cache\e0ad787b783f8ef3b7a7d43dcc13025f.php 第 51 行.
NOTIC: [8] Undefined variable: v F:\wamp\www\SCDA\Admin\Runtime\Cache\e0ad787b783f8ef3b7a7d43dcc13025f.php 第 53 行.
INFO: ParseTemplate Behavior ::run [ RunTime:0.017303s ]
INFO: [ view_parse ] --END-- [ RunTime:0.017527s ]
INFO: [ view_filter ] --START--
INFO: ContentReplace Behavior ::run [ RunTime:0.001065s ]
INFO: TokenBuild Behavior ::run [ RunTime:0.001079s ]
INFO: WriteHtmlCache Behavior ::run [ RunTime:0.000863s ]
INFO: ShowRuntime Behavior ::run [ RunTime:0.002114s ]
INFO: [ view_filter ] --END-- [ RunTime:0.005649s ]
INFO: [ view_end ] --START--
INFO: ShowPageTrace Behavior ::run [ RunTime:0.001403s ]
INFO: [ view_end ] --END-- [ RunTime:0.001578s ]

[ 2015-09-03T23:37:53+08:00 ] 127.0.0.1 /SCDA/admin.php/Admin/detail/id/responsive-nav.css
INFO: [ route_check ] --START--
INFO: CheckRoute Behavior ::run [ RunTime:0.001145s ]
INFO: [ route_check ] --END-- [ RunTime:0.001285s ]
INFO: [ app_begin ] --START--
INFO: ReadHtmlCache Behavior ::run [ RunTime:0.000755s ]
INFO: [ app_begin ] --END-- [ RunTime:0.000869s ]
SQL: SHOW COLUMNS FROM `hd_student` [ RunTime:0.006758s ]
NOTIC: [8] Undefined index: studentID F:\wamp\www\SCDA\Admin\Lib\Action\AdminAction.class.php 第 22 行.
SQL: SELECT * FROM `hd_student` LIMIT 1   [ RunTime:0.001073s ]
INFO: [ view_parse ] --START--
NOTIC: [8] Undefined variable: v F:\wamp\www\SCDA\Admin\Runtime\Cache\e0ad787b783f8ef3b7a7d43dcc13025f.php 第 51 行.
NOTIC: [8] Undefined variable: v F:\wamp\www\SCDA\Admin\Runtime\Cache\e0ad787b783f8ef3b7a7d43dcc13025f.php 第 53 行.
INFO: ParseTemplate Behavior ::run [ RunTime:0.015552s ]
INFO: [ view_parse ] --END-- [ RunTime:0.015821s ]
INFO: [ view_filter ] --START--
INFO: ContentReplace Behavior ::run [ RunTime:0.001168s ]
INFO: TokenBuild Behavior ::run [ RunTime:0.001174s ]
INFO: WriteHtmlCache Behavior ::run [ RunTime:0.000928s ]
INFO: ShowRuntime Behavior ::run [ RunTime:0.001475s ]
INFO: [ view_filter ] --END-- [ RunTime:0.005296s ]
INFO: [ view_end ] --START--
INFO: ShowPageTrace Behavior ::run [ RunTime:0.001292s ]
INFO: [ view_end ] --END-- [ RunTime:0.001484s ]

[ 2015-09-03T23:39:19+08:00 ] 127.0.0.1 /SCDA/admin.php/Admin/detail/id/1
INFO: [ route_check ] --START--
INFO: CheckRoute Behavior ::run [ RunTime:0.001628s ]
INFO: [ route_check ] --END-- [ RunTime:0.001834s ]
INFO: [ app_begin ] --START--
INFO: ReadHtmlCache Behavior ::run [ RunTime:0.001188s ]
INFO: [ app_begin ] --END-- [ RunTime:0.001364s ]
SQL: SHOW COLUMNS FROM `hd_student` [ RunTime:0.009112s ]
NOTIC: [8] Undefined index: studentID F:\wamp\www\SCDA\Admin\Lib\Action\AdminAction.class.php 第 22 行.
SQL: SELECT * FROM `hd_student` LIMIT 1   [ RunTime:0.001680s ]
INFO: [ view_parse ] --START--
INFO: ParseTemplate Behavior ::run [ RunTime:0.021241s ]
INFO: [ view_parse ] --END-- [ RunTime:0.021495s ]
INFO: [ view_filter ] --START--
INFO: ContentReplace Behavior ::run [ RunTime:0.001323s ]
INFO: TokenBuild Behavior ::run [ RunTime:0.001545s ]
INFO: WriteHtmlCache Behavior ::run [ RunTime:0.001387s ]
INFO: ShowRuntime Behavior ::run [ RunTime:0.001986s ]
INFO: [ view_filter ] --END-- [ RunTime:0.006824s ]
INFO: [ view_end ] --START--
INFO: ShowPageTrace Behavior ::run [ RunTime:0.001449s ]
INFO: [ view_end ] --END-- [ RunTime:0.001658s ]

[ 2015-09-03T23:39:19+08:00 ] 127.0.0.1 /SCDA/admin.php/Admin/detail/id/responsive-nav.css
INFO: [ route_check ] --START--
INFO: CheckRoute Behavior ::run [ RunTime:0.005116s ]
INFO: [ route_check ] --END-- [ RunTime:0.005341s ]
INFO: [ app_begin ] --START--
INFO: ReadHtmlCache Behavior ::run [ RunTime:0.002746s ]
INFO: [ app_begin ] --END-- [ RunTime:0.002962s ]
SQL: SHOW COLUMNS FROM `hd_student` [ RunTime:0.014325s ]
NOTIC: [8] Undefined index: studentID F:\wamp\www\SCDA\Admin\Lib\Action\AdminAction.class.php 第 22 行.
SQL: SELECT * FROM `hd_student` LIMIT 1   [ RunTime:0.010563s ]
INFO: [ view_parse ] --START--
INFO: ParseTemplate Behavior ::run [ RunTime:0.016098s ]
INFO: [ view_parse ] --END-- [ RunTime:0.016351s ]
INFO: [ view_filter ] --START--
INFO: ContentReplace Behavior ::run [ RunTime:0.001155s ]
INFO: TokenBuild Behavior ::run [ RunTime:0.001295s ]
INFO: WriteHtmlCache Behavior ::run [ RunTime:0.000937s ]
INFO: ShowRuntime Behavior ::run [ RunTime:0.036432s ]
INFO: [ view_filter ] --END-- [ RunTime:0.040386s ]
INFO: [ view_end ] --START--
INFO: ShowPageTrace Behavior ::run [ RunTime:0.001208s ]
INFO: [ view_end ] --END-- [ RunTime:0.001385s ]

[ 2015-09-03T23:40:30+08:00 ] 127.0.0.1 /SCDA/admin.php/Admin/detail/id/1
INFO: [ route_check ] --START--
INFO: CheckRoute Behavior ::run [ RunTime:0.001770s ]
INFO: [ route_check ] --END-- [ RunTime:0.001984s ]
INFO: [ app_begin ] --START--
INFO: ReadHtmlCache Behavior ::run [ RunTime:0.001320s ]
INFO: [ app_begin ] --END-- [ RunTime:0.001528s ]
SQL: SHOW COLUMNS FROM `hd_student` [ RunTime:0.008788s ]
NOTIC: [8] Undefined index: studentID F:\wamp\www\SCDA\Admin\Lib\Action\AdminAction.class.php 第 22 行.
SQL: SELECT * FROM `hd_student` LIMIT 1   [ RunTime:0.002158s ]
INFO: [ view_parse ] --START--
NOTIC: [8] Undefined index: QQ F:\wamp\www\SCDA\Admin\Runtime\Cache\e0ad787b783f8ef3b7a7d43dcc13025f.php 第 76 行.
INFO: ParseTemplate Behavior ::run [ RunTime:0.016998s ]
INFO: [ view_parse ] --END-- [ RunTime:0.017216s ]
INFO: [ view_filter ] --START--
INFO: ContentReplace Behavior ::run [ RunTime:0.001037s ]
INFO: TokenBuild Behavior ::run [ RunTime:0.001149s ]
INFO: WriteHtmlCache Behavior ::run [ RunTime:0.000879s ]
INFO: ShowRuntime Behavior ::run [ RunTime:0.001214s ]
INFO: [ view_filter ] --END-- [ RunTime:0.004812s ]
INFO: [ view_end ] --START--
INFO: ShowPageTrace Behavior ::run [ RunTime:0.001272s ]
INFO: [ view_end ] --END-- [ RunTime:0.001471s ]

[ 2015-09-03T23:40:31+08:00 ] 127.0.0.1 /SCDA/admin.php/Admin/detail/id/responsive-nav.css
INFO: [ route_check ] --START--
INFO: CheckRoute Behavior ::run [ RunTime:0.001706s ]
INFO: [ route_check ] --END-- [ RunTime:0.001931s ]
INFO: [ app_begin ] --START--
INFO: ReadHtmlCache Behavior ::run [ RunTime:0.016497s ]
INFO: [ app_begin ] --END-- [ RunTime:0.016715s ]
SQL: SHOW COLUMNS FROM `hd_student` [ RunTime:0.006640s ]
NOTIC: [8] Undefined index: studentID F:\wamp\www\SCDA\Admin\Lib\Action\AdminAction.class.php 第 22 行.
SQL: SELECT * FROM `hd_student` LIMIT 1   [ RunTime:0.001299s ]
INFO: [ view_parse ] --START--
NOTIC: [8] Undefined index: QQ F:\wamp\www\SCDA\Admin\Runtime\Cache\e0ad787b783f8ef3b7a7d43dcc13025f.php 第 76 行.
INFO: ParseTemplate Behavior ::run [ RunTime:0.016858s ]
INFO: [ view_parse ] --END-- [ RunTime:0.017077s ]
INFO: [ view_filter ] --START--
INFO: ContentReplace Behavior ::run [ RunTime:0.000943s ]
INFO: TokenBuild Behavior ::run [ RunTime:0.001135s ]
INFO: WriteHtmlCache Behavior ::run [ RunTime:0.000913s ]
INFO: ShowRuntime Behavior ::run [ RunTime:0.001246s ]
INFO: [ view_filter ] --END-- [ RunTime:0.004713s ]
INFO: [ view_end ] --START--
INFO: ShowPageTrace Behavior ::run [ RunTime:0.001161s ]
INFO: [ view_end ] --END-- [ RunTime:0.001329s ]

[ 2015-09-03T23:42:12+08:00 ] 127.0.0.1 /SCDA/admin.php/Admin/detail/id/1
INFO: [ route_check ] --START--
INFO: CheckRoute Behavior ::run [ RunTime:0.001463s ]
INFO: [ route_check ] --END-- [ RunTime:0.001659s ]
INFO: [ app_begin ] --START--
INFO: ReadHtmlCache Behavior ::run [ RunTime:0.001809s ]
INFO: [ app_begin ] --END-- [ RunTime:0.003364s ]
SQL: SHOW COLUMNS FROM `hd_student` [ RunTime:0.009113s ]
NOTIC: [8] Undefined index: studentID F:\wamp\www\SCDA\Admin\Lib\Action\AdminAction.class.php 第 22 行.
SQL: SELECT * FROM `hd_student` LIMIT 1   [ RunTime:0.001913s ]
INFO: [ view_parse ] --START--
INFO: ParseTemplate Behavior ::run [ RunTime:0.022101s ]
INFO: [ view_parse ] --END-- [ RunTime:0.022375s ]
INFO: [ view_filter ] --START--
INFO: ContentReplace Behavior ::run [ RunTime:0.001743s ]
INFO: TokenBuild Behavior ::run [ RunTime:0.001640s ]
INFO: WriteHtmlCache Behavior ::run [ RunTime:0.001836s ]
INFO: ShowRuntime Behavior ::run [ RunTime:0.003962s ]
INFO: [ view_filter ] --END-- [ RunTime:0.010023s ]
INFO: [ view_end ] --START--
INFO: ShowPageTrace Behavior ::run [ RunTime:0.002557s ]
INFO: [ view_end ] --END-- [ RunTime:0.002769s ]

[ 2015-09-03T23:42:12+08:00 ] 127.0.0.1 /SCDA/admin.php/Admin/detail/id/responsive-nav.css
INFO: [ route_check ] --START--
INFO: CheckRoute Behavior ::run [ RunTime:0.001876s ]
INFO: [ route_check ] --END-- [ RunTime:0.002127s ]
INFO: [ app_begin ] --START--
INFO: ReadHtmlCache Behavior ::run [ RunTime:0.001455s ]
INFO: [ app_begin ] --END-- [ RunTime:0.001652s ]
SQL: SHOW COLUMNS FROM `hd_student` [ RunTime:0.006986s ]
NOTIC: [8] Undefined index: studentID F:\wamp\www\SCDA\Admin\Lib\Action\AdminAction.class.php 第 22 行.
SQL: SELECT * FROM `hd_student` LIMIT 1   [ RunTime:0.001693s ]
INFO: [ view_parse ] --START--
INFO: ParseTemplate Behavior ::run [ RunTime:0.021550s ]
INFO: [ view_parse ] --END-- [ RunTime:0.021920s ]
INFO: [ view_filter ] --START--
INFO: ContentReplace Behavior ::run [ RunTime:0.004110s ]
INFO: TokenBuild Behavior ::run [ RunTime:0.001912s ]
INFO: WriteHtmlCache Behavior ::run [ RunTime:0.001035s ]
INFO: ShowRuntime Behavior ::run [ RunTime:0.001234s ]
INFO: [ view_filter ] --END-- [ RunTime:0.009191s ]
INFO: [ view_end ] --START--
INFO: ShowPageTrace Behavior ::run [ RunTime:0.004012s ]
INFO: [ view_end ] --END-- [ RunTime:0.004204s ]

[ 2015-09-03T23:43:21+08:00 ] 127.0.0.1 /SCDA/admin.php/Admin/detail/id/1
INFO: [ route_check ] --START--
INFO: CheckRoute Behavior ::run [ RunTime:0.001507s ]
INFO: [ route_check ] --END-- [ RunTime:0.001713s ]
INFO: [ app_begin ] --START--
INFO: ReadHtmlCache Behavior ::run [ RunTime:0.001170s ]
INFO: [ app_begin ] --END-- [ RunTime:0.001369s ]
SQL: SHOW COLUMNS FROM `hd_student` [ RunTime:0.008647s ]
NOTIC: [8] Undefined index: studentID F:\wamp\www\SCDA\Admin\Lib\Action\AdminAction.class.php 第 22 行.
SQL: SELECT * FROM `hd_student` LIMIT 1   [ RunTime:0.001550s ]
INFO: [ view_parse ] --START--
INFO: ParseTemplate Behavior ::run [ RunTime:0.017523s ]
INFO: [ view_parse ] --END-- [ RunTime:0.017869s ]
INFO: [ view_filter ] --START--
INFO: ContentReplace Behavior ::run [ RunTime:0.001279s ]
INFO: TokenBuild Behavior ::run [ RunTime:0.001499s ]
INFO: WriteHtmlCache Behavior ::run [ RunTime:0.001340s ]
INFO: ShowRuntime Behavior ::run [ RunTime:0.001712s ]
INFO: [ view_filter ] --END-- [ RunTime:0.006743s ]
INFO: [ view_end ] --START--
INFO: ShowPageTrace Behavior ::run [ RunTime:0.001122s ]
INFO: [ view_end ] --END-- [ RunTime:0.001254s ]

[ 2015-09-03T23:43:21+08:00 ] 127.0.0.1 /SCDA/admin.php/Admin/detail/id/responsive-nav.css
INFO: [ route_check ] --START--
INFO: CheckRoute Behavior ::run [ RunTime:0.002337s ]
INFO: [ route_check ] --END-- [ RunTime:0.002549s ]
INFO: [ app_begin ] --START--
INFO: ReadHtmlCache Behavior ::run [ RunTime:0.001195s ]
INFO: [ app_begin ] --END-- [ RunTime:0.001387s ]
SQL: SHOW COLUMNS FROM `hd_student` [ RunTime:0.009419s ]
NOTIC: [8] Undefined index: studentID F:\wamp\www\SCDA\Admin\Lib\Action\AdminAction.class.php 第 22 行.
SQL: SELECT * FROM `hd_student` LIMIT 1   [ RunTime:0.004084s ]
INFO: [ view_parse ] --START--
INFO: ParseTemplate Behavior ::run [ RunTime:0.024094s ]
INFO: [ view_parse ] --END-- [ RunTime:0.024346s ]
INFO: [ view_filter ] --START--
INFO: ContentReplace Behavior ::run [ RunTime:0.001206s ]
INFO: TokenBuild Behavior ::run [ RunTime:0.001085s ]
INFO: WriteHtmlCache Behavior ::run [ RunTime:0.000712s ]
INFO: ShowRuntime Behavior ::run [ RunTime:0.001126s ]
INFO: [ view_filter ] --END-- [ RunTime:0.004631s ]
INFO: [ view_end ] --START--
INFO: ShowPageTrace Behavior ::run [ RunTime:0.002664s ]
INFO: [ view_end ] --END-- [ RunTime:0.002876s ]

[ 2015-09-03T23:44:04+08:00 ] 127.0.0.1 /SCDA/admin.php/Admin/detail/id/1
INFO: [ route_check ] --START--
INFO: CheckRoute Behavior ::run [ RunTime:0.001712s ]
INFO: [ route_check ] --END-- [ RunTime:0.002888s ]
INFO: [ app_begin ] --START--
INFO: ReadHtmlCache Behavior ::run [ RunTime:0.001221s ]
INFO: [ app_begin ] --END-- [ RunTime:0.001420s ]
SQL: SHOW COLUMNS FROM `hd_student` [ RunTime:0.007829s ]
NOTIC: [8] Undefined index: studentID F:\wamp\www\SCDA\Admin\Lib\Action\AdminAction.class.php 第 22 行.
SQL: SELECT * FROM `hd_student` LIMIT 1   [ RunTime:0.002263s ]
INFO: [ view_parse ] --START--
INFO: ParseTemplate Behavior ::run [ RunTime:0.019026s ]
INFO: [ view_parse ] --END-- [ RunTime:0.019348s ]
INFO: [ view_filter ] --START--
INFO: ContentReplace Behavior ::run [ RunTime:0.001005s ]
INFO: TokenBuild Behavior ::run [ RunTime:0.001095s ]
INFO: WriteHtmlCache Behavior ::run [ RunTime:0.001496s ]
INFO: ShowRuntime Behavior ::run [ RunTime:0.001265s ]
INFO: [ view_filter ] --END-- [ RunTime:0.005417s ]
INFO: [ view_end ] --START--
INFO: ShowPageTrace Behavior ::run [ RunTime:0.002629s ]
INFO: [ view_end ] --END-- [ RunTime:0.002823s ]

[ 2015-09-03T23:44:05+08:00 ] 127.0.0.1 /SCDA/admin.php/Admin/detail/id/responsive-nav.css
INFO: [ route_check ] --START--
INFO: CheckRoute Behavior ::run [ RunTime:0.001405s ]
INFO: [ route_check ] --END-- [ RunTime:0.001626s ]
INFO: [ app_begin ] --START--
INFO: ReadHtmlCache Behavior ::run [ RunTime:0.001129s ]
INFO: [ app_begin ] --END-- [ RunTime:0.001301s ]
SQL: SHOW COLUMNS FROM `hd_student` [ RunTime:0.026017s ]
NOTIC: [8] Undefined index: studentID F:\wamp\www\SCDA\Admin\Lib\Action\AdminAction.class.php 第 22 行.
SQL: SELECT * FROM `hd_student` LIMIT 1   [ RunTime:0.002770s ]
INFO: [ view_parse ] --START--
INFO: ParseTemplate Behavior ::run [ RunTime:0.020494s ]
INFO: [ view_parse ] --END-- [ RunTime:0.020737s ]
INFO: [ view_filter ] --START--
INFO: ContentReplace Behavior ::run [ RunTime:0.000818s ]
INFO: TokenBuild Behavior ::run [ RunTime:0.001081s ]
INFO: WriteHtmlCache Behavior ::run [ RunTime:0.000874s ]
INFO: ShowRuntime Behavior ::run [ RunTime:0.001239s ]
INFO: [ view_filter ] --END-- [ RunTime:0.004514s ]
INFO: [ view_end ] --START--
INFO: ShowPageTrace Behavior ::run [ RunTime:0.001201s ]
INFO: [ view_end ] --END-- [ RunTime:0.001391s ]

[ 2015-09-03T23:46:06+08:00 ] 127.0.0.1 /SCDA/admin.php/Admin/detail/id/1
INFO: [ route_check ] --START--
INFO: CheckRoute Behavior ::run [ RunTime:0.003420s ]
INFO: [ route_check ] --END-- [ RunTime:0.003657s ]
INFO: [ app_begin ] --START--
INFO: ReadHtmlCache Behavior ::run [ RunTime:0.001494s ]
INFO: [ app_begin ] --END-- [ RunTime:0.001688s ]
SQL: SHOW COLUMNS FROM `hd_student` [ RunTime:0.008882s ]
NOTIC: [8] Undefined index: studentID F:\wamp\www\SCDA\Admin\Lib\Action\AdminAction.class.php 第 22 行.
SQL: SELECT * FROM `hd_student` LIMIT 1   [ RunTime:0.002067s ]
INFO: [ view_parse ] --START--
INFO: ParseTemplate Behavior ::run [ RunTime:0.026337s ]
INFO: [ view_parse ] --END-- [ RunTime:0.026659s ]
INFO: [ view_filter ] --START--
INFO: ContentReplace Behavior ::run [ RunTime:0.001454s ]
INFO: TokenBuild Behavior ::run [ RunTime:0.001368s ]
INFO: WriteHtmlCache Behavior ::run [ RunTime:0.001571s ]
INFO: ShowRuntime Behavior ::run [ RunTime:0.002289s ]
INFO: [ view_filter ] --END-- [ RunTime:0.007245s ]
INFO: [ view_end ] --START--
INFO: ShowPageTrace Behavior ::run [ RunTime:0.003155s ]
INFO: [ view_end ] --END-- [ RunTime:0.003335s ]

[ 2015-09-03T23:46:06+08:00 ] 127.0.0.1 /SCDA/admin.php/Admin/detail/id/responsive-nav.css
INFO: [ route_check ] --START--
INFO: CheckRoute Behavior ::run [ RunTime:0.001494s ]
INFO: [ route_check ] --END-- [ RunTime:0.001682s ]
INFO: [ app_begin ] --START--
INFO: ReadHtmlCache Behavior ::run [ RunTime:0.001075s ]
INFO: [ app_begin ] --END-- [ RunTime:0.001227s ]
SQL: SHOW COLUMNS FROM `hd_student` [ RunTime:0.006652s ]
NOTIC: [8] Undefined index: studentID F:\wamp\www\SCDA\Admin\Lib\Action\AdminAction.class.php 第 22 行.
SQL: SELECT * FROM `hd_student` LIMIT 1   [ RunTime:0.001141s ]
INFO: [ view_parse ] --START--
INFO: ParseTemplate Behavior ::run [ RunTime:0.026944s ]
INFO: [ view_parse ] --END-- [ RunTime:0.027202s ]
INFO: [ view_filter ] --START--
INFO: ContentReplace Behavior ::run [ RunTime:0.001255s ]
INFO: TokenBuild Behavior ::run [ RunTime:0.001151s ]
INFO: WriteHtmlCache Behavior ::run [ RunTime:0.000989s ]
INFO: ShowRuntime Behavior ::run [ RunTime:0.001284s ]
INFO: [ view_filter ] --END-- [ RunTime:0.005208s ]
INFO: [ view_end ] --START--
INFO: ShowPageTrace Behavior ::run [ RunTime:0.001311s ]
INFO: [ view_end ] --END-- [ RunTime:0.001487s ]

[ 2015-09-03T23:46:48+08:00 ] 127.0.0.1 /SCDA/admin.php/Admin/detail/id/1
INFO: [ route_check ] --START--
INFO: CheckRoute Behavior ::run [ RunTime:0.001779s ]
INFO: [ route_check ] --END-- [ RunTime:0.001989s ]
INFO: [ app_begin ] --START--
INFO: ReadHtmlCache Behavior ::run [ RunTime:0.041232s ]
INFO: [ app_begin ] --END-- [ RunTime:0.041482s ]
SQL: SHOW COLUMNS FROM `hd_student` [ RunTime:0.009835s ]
NOTIC: [8] Undefined index: studentID F:\wamp\www\SCDA\Admin\Lib\Action\AdminAction.class.php 第 22 行.
SQL: SELECT * FROM `hd_student` LIMIT 1   [ RunTime:0.002292s ]
INFO: [ view_parse ] --START--
INFO: ParseTemplate Behavior ::run [ RunTime:0.021364s ]
INFO: [ view_parse ] --END-- [ RunTime:0.021654s ]
INFO: [ view_filter ] --START--
INFO: ContentReplace Behavior ::run [ RunTime:0.001591s ]
INFO: TokenBuild Behavior ::run [ RunTime:0.001355s ]
INFO: WriteHtmlCache Behavior ::run [ RunTime:0.001078s ]
INFO: ShowRuntime Behavior ::run [ RunTime:0.001465s ]
INFO: [ view_filter ] --END-- [ RunTime:0.006102s ]
INFO: [ view_end ] --START--
INFO: ShowPageTrace Behavior ::run [ RunTime:0.002455s ]
INFO: [ view_end ] --END-- [ RunTime:0.002674s ]

[ 2015-09-03T23:46:49+08:00 ] 127.0.0.1 /SCDA/admin.php/Admin/detail/id/responsive-nav.css
INFO: [ route_check ] --START--
INFO: CheckRoute Behavior ::run [ RunTime:0.004531s ]
INFO: [ route_check ] --END-- [ RunTime:0.005736s ]
INFO: [ app_begin ] --START--
INFO: ReadHtmlCache Behavior ::run [ RunTime:0.003540s ]
INFO: [ app_begin ] --END-- [ RunTime:0.003779s ]
SQL: SHOW COLUMNS FROM `hd_student` [ RunTime:0.006467s ]
NOTIC: [8] Undefined index: studentID F:\wamp\www\SCDA\Admin\Lib\Action\AdminAction.class.php 第 22 行.
SQL: SELECT * FROM `hd_student` LIMIT 1   [ RunTime:0.001543s ]
INFO: [ view_parse ] --START--
INFO: ParseTemplate Behavior ::run [ RunTime:0.016568s ]
INFO: [ view_parse ] --END-- [ RunTime:0.016760s ]
INFO: [ view_filter ] --START--
INFO: ContentReplace Behavior ::run [ RunTime:0.000628s ]
INFO: TokenBuild Behavior ::run [ RunTime:0.000715s ]
INFO: WriteHtmlCache Behavior ::run [ RunTime:0.000454s ]
INFO: ShowRuntime Behavior ::run [ RunTime:0.000773s ]
INFO: [ view_filter ] --END-- [ RunTime:0.002905s ]
INFO: [ view_end ] --START--
INFO: ShowPageTrace Behavior ::run [ RunTime:0.000758s ]
INFO: [ view_end ] --END-- [ RunTime:0.000861s ]

