[ 2015-08-30T23:08:47+08:00 ] 127.0.0.1 /SCDA/admin.php/
INFO: [ route_check ] --START--
INFO: CheckRoute Behavior ::run [ RunTime:0.001183s ]
INFO: [ route_check ] --END-- [ RunTime:0.001360s ]
INFO: [ app_begin ] --START--
INFO: ReadHtmlCache Behavior ::run [ RunTime:0.000736s ]
INFO: [ app_begin ] --END-- [ RunTime:0.000861s ]
INFO: [ view_parse ] --START--
INFO: ParseTemplate Behavior ::run [ RunTime:0.009156s ]
INFO: [ view_parse ] --END-- [ RunTime:0.009317s ]
INFO: [ view_filter ] --START--
NOTIC: [8] Use of undefined constant APP_TMPL_PATH - assumed 'APP_TMPL_PATH' F:\wamp\www\SCDA\ThinkPHP\Lib\Behavior\ContentReplaceBehavior.class.php 第 40 行.
NOTIC: [8] Use of undefined constant APP_TMPL_PATH - assumed 'APP_TMPL_PATH' F:\wamp\www\SCDA\ThinkPHP\Lib\Behavior\ContentReplaceBehavior.class.php 第 47 行.
INFO: ContentReplace Behavior ::run [ RunTime:0.000669s ]
INFO: TokenBuild Behavior ::run [ RunTime:0.000595s ]
INFO: WriteHtmlCache Behavior ::run [ RunTime:0.000501s ]
INFO: ShowRuntime Behavior ::run [ RunTime:0.000687s ]
INFO: [ view_filter ] --END-- [ RunTime:0.002764s ]
INFO: [ view_end ] --START--
INFO: ShowPageTrace Behavior ::run [ RunTime:0.001094s ]
INFO: [ view_end ] --END-- [ RunTime:0.001192s ]

[ 2015-08-30T23:12:17+08:00 ] 127.0.0.1 /SCDA/admin.php/
INFO: [ route_check ] --START--
INFO: CheckRoute Behavior ::run [ RunTime:0.001287s ]
INFO: [ route_check ] --END-- [ RunTime:0.001513s ]
INFO: [ app_begin ] --START--
INFO: ReadHtmlCache Behavior ::run [ RunTime:0.001188s ]
INFO: [ app_begin ] --END-- [ RunTime:0.001412s ]
ERR: 无法加载模块:Index

[ 2015-08-30T23:30:08+08:00 ] 127.0.0.1 /SCDA/admin.php/
INFO: [ route_check ] --START--
INFO: CheckRoute Behavior ::run [ RunTime:0.002238s ]
INFO: [ route_check ] --END-- [ RunTime:0.002450s ]
INFO: [ app_begin ] --START--
INFO: ReadHtmlCache Behavior ::run [ RunTime:0.002079s ]
INFO: [ app_begin ] --END-- [ RunTime:0.002290s ]
INFO: [ view_parse ] --START--
INFO: ParseTemplate Behavior ::run [ RunTime:0.003605s ]
INFO: [ view_parse ] --END-- [ RunTime:0.003803s ]
INFO: [ view_filter ] --START--
NOTIC: [8] Use of undefined constant APP_TMPL_PATH - assumed 'APP_TMPL_PATH' F:\wamp\www\SCDA\ThinkPHP\Lib\Behavior\ContentReplaceBehavior.class.php 第 40 行.
NOTIC: [8] Use of undefined constant APP_TMPL_PATH - assumed 'APP_TMPL_PATH' F:\wamp\www\SCDA\ThinkPHP\Lib\Behavior\ContentReplaceBehavior.class.php 第 47 行.
INFO: ContentReplace Behavior ::run [ RunTime:0.001812s ]
INFO: TokenBuild Behavior ::run [ RunTime:0.001904s ]
INFO: WriteHtmlCache Behavior ::run [ RunTime:0.000670s ]
INFO: ShowRuntime Behavior ::run [ RunTime:0.000788s ]
INFO: [ view_filter ] --END-- [ RunTime:0.005581s ]
INFO: [ view_end ] --START--
INFO: ShowPageTrace Behavior ::run [ RunTime:0.002269s ]
INFO: [ view_end ] --END-- [ RunTime:0.002449s ]

[ 2015-08-30T23:33:32+08:00 ] 127.0.0.1 /SCDA/admin.php/
INFO: [ route_check ] --START--
INFO: CheckRoute Behavior ::run [ RunTime:0.001118s ]
INFO: [ route_check ] --END-- [ RunTime:0.001299s ]
INFO: [ app_begin ] --START--
INFO: ReadHtmlCache Behavior ::run [ RunTime:0.001622s ]
INFO: [ app_begin ] --END-- [ RunTime:0.001758s ]
SQL: SHOW COLUMNS FROM `hd_meeting` [ RunTime:0.006454s ]
SQL: SELECT * FROM `hd_meeting`  [ RunTime:0.000503s ]

[ 2015-08-30T23:49:51+08:00 ] 127.0.0.1 /SCDA/admin.php/
INFO: [ route_check ] --START--
INFO: CheckRoute Behavior ::run [ RunTime:0.001306s ]
INFO: [ route_check ] --END-- [ RunTime:0.001448s ]
INFO: [ app_begin ] --START--
INFO: ReadHtmlCache Behavior ::run [ RunTime:0.000958s ]
INFO: [ app_begin ] --END-- [ RunTime:0.001074s ]
SQL: SHOW COLUMNS FROM `hd_meeting` [ RunTime:0.054111s ]
SQL: SELECT * FROM `hd_meeting`  [ RunTime:0.000457s ]

