[ 2015-09-27T09:13:24+08:00 ] 127.0.0.1 /SCDA/admin.php/
INFO: [ route_check ] --START--
INFO: CheckRoute Behavior ::run [ RunTime:0.030269s ]
INFO: [ route_check ] --END-- [ RunTime:0.031635s ]
INFO: [ app_begin ] --START--
INFO: ReadHtmlCache Behavior ::run [ RunTime:0.001032s ]
INFO: [ app_begin ] --END-- [ RunTime:0.001163s ]

[ 2015-09-27T09:13:24+08:00 ] 127.0.0.1 /SCDA/admin.php/Login/login.html
INFO: [ route_check ] --START--
INFO: CheckRoute Behavior ::run [ RunTime:0.000843s ]
INFO: [ route_check ] --END-- [ RunTime:0.000958s ]
INFO: [ app_begin ] --START--
INFO: ReadHtmlCache Behavior ::run [ RunTime:0.000684s ]
INFO: [ app_begin ] --END-- [ RunTime:0.000784s ]
INFO: [ view_parse ] --START--
NOTIC: [8] Undefined variable: data F:\wamp\www\SCDA\Admin\Runtime\Cache\27e9c4fddbdacc085a84cce69c1ba206.php 第 50 行.
NOTIC: [8] Undefined variable: data F:\wamp\www\SCDA\Admin\Runtime\Cache\27e9c4fddbdacc085a84cce69c1ba206.php 第 54 行.
INFO: ParseTemplate Behavior ::run [ RunTime:0.087748s ]
INFO: [ view_parse ] --END-- [ RunTime:0.087864s ]
INFO: [ view_filter ] --START--
INFO: ContentReplace Behavior ::run [ RunTime:0.008832s ]
INFO: TokenBuild Behavior ::run [ RunTime:0.000998s ]
INFO: WriteHtmlCache Behavior ::run [ RunTime:0.000833s ]
INFO: ShowRuntime Behavior ::run [ RunTime:0.000960s ]
INFO: [ view_filter ] --END-- [ RunTime:0.011997s ]
INFO: [ view_end ] --START--
INFO: ShowPageTrace Behavior ::run [ RunTime:0.001129s ]
INFO: [ view_end ] --END-- [ RunTime:0.001249s ]

[ 2015-09-27T09:13:24+08:00 ] 127.0.0.1 /SCDA/admin.php/Login/responsive-nav.css
INFO: [ route_check ] --START--
INFO: CheckRoute Behavior ::run [ RunTime:0.000922s ]
INFO: [ route_check ] --END-- [ RunTime:0.001070s ]
INFO: [ app_begin ] --START--
INFO: ReadHtmlCache Behavior ::run [ RunTime:0.000643s ]
INFO: [ app_begin ] --END-- [ RunTime:0.000759s ]
ERR: 非法操作:responsive-nav.css

[ 2015-09-27T09:53:58+08:00 ] 127.0.0.1 /SCDA/admin.php/
INFO: [ route_check ] --START--
INFO: CheckRoute Behavior ::run [ RunTime:0.001871s ]
INFO: [ route_check ] --END-- [ RunTime:0.002216s ]
INFO: [ app_begin ] --START--
INFO: ReadHtmlCache Behavior ::run [ RunTime:0.001051s ]
INFO: [ app_begin ] --END-- [ RunTime:0.001198s ]

[ 2015-09-27T09:53:58+08:00 ] 127.0.0.1 /SCDA/admin.php/Login/login.html
INFO: [ route_check ] --START--
INFO: CheckRoute Behavior ::run [ RunTime:0.000792s ]
INFO: [ route_check ] --END-- [ RunTime:0.000925s ]
INFO: [ app_begin ] --START--
INFO: ReadHtmlCache Behavior ::run [ RunTime:0.000698s ]
INFO: [ app_begin ] --END-- [ RunTime:0.000796s ]
INFO: [ view_parse ] --START--
NOTIC: [8] Undefined variable: data F:\wamp\www\SCDA\Admin\Runtime\Cache\27e9c4fddbdacc085a84cce69c1ba206.php 第 50 行.
NOTIC: [8] Undefined variable: data F:\wamp\www\SCDA\Admin\Runtime\Cache\27e9c4fddbdacc085a84cce69c1ba206.php 第 54 行.
INFO: ParseTemplate Behavior ::run [ RunTime:0.008441s ]
INFO: [ view_parse ] --END-- [ RunTime:0.008547s ]
INFO: [ view_filter ] --START--
INFO: ContentReplace Behavior ::run [ RunTime:0.000508s ]
INFO: TokenBuild Behavior ::run [ RunTime:0.000616s ]
INFO: WriteHtmlCache Behavior ::run [ RunTime:0.000601s ]
INFO: ShowRuntime Behavior ::run [ RunTime:0.000684s ]
INFO: [ view_filter ] --END-- [ RunTime:0.002759s ]
INFO: [ view_end ] --START--
INFO: ShowPageTrace Behavior ::run [ RunTime:0.000809s ]
INFO: [ view_end ] --END-- [ RunTime:0.000900s ]

[ 2015-09-27T09:53:58+08:00 ] 127.0.0.1 /SCDA/admin.php/Login/responsive-nav.css
INFO: [ route_check ] --START--
INFO: CheckRoute Behavior ::run [ RunTime:0.001147s ]
INFO: [ route_check ] --END-- [ RunTime:0.001346s ]
INFO: [ app_begin ] --START--
INFO: ReadHtmlCache Behavior ::run [ RunTime:0.000891s ]
INFO: [ app_begin ] --END-- [ RunTime:0.001058s ]
ERR: 非法操作:responsive-nav.css

[ 2015-09-27T10:04:31+08:00 ] 127.0.0.1 /SCDA/admin.php/
INFO: [ route_check ] --START--
INFO: CheckRoute Behavior ::run [ RunTime:0.000818s ]
INFO: [ route_check ] --END-- [ RunTime:0.001410s ]
INFO: [ app_begin ] --START--
INFO: ReadHtmlCache Behavior ::run [ RunTime:0.002797s ]
INFO: [ app_begin ] --END-- [ RunTime:0.002945s ]

[ 2015-09-27T10:04:31+08:00 ] 127.0.0.1 /SCDA/admin.php/Login/login.html
INFO: [ route_check ] --START--
INFO: CheckRoute Behavior ::run [ RunTime:0.001251s ]
INFO: [ route_check ] --END-- [ RunTime:0.001475s ]
INFO: [ app_begin ] --START--
INFO: ReadHtmlCache Behavior ::run [ RunTime:0.000919s ]
INFO: [ app_begin ] --END-- [ RunTime:0.001069s ]
INFO: [ view_parse ] --START--
NOTIC: [8] Undefined variable: data F:\wamp\www\SCDA\Admin\Runtime\Cache\27e9c4fddbdacc085a84cce69c1ba206.php 第 50 行.
NOTIC: [8] Undefined variable: data F:\wamp\www\SCDA\Admin\Runtime\Cache\27e9c4fddbdacc085a84cce69c1ba206.php 第 54 行.
INFO: ParseTemplate Behavior ::run [ RunTime:0.009678s ]
INFO: [ view_parse ] --END-- [ RunTime:0.009826s ]
INFO: [ view_filter ] --START--
INFO: ContentReplace Behavior ::run [ RunTime:0.000694s ]
INFO: TokenBuild Behavior ::run [ RunTime:0.000526s ]
INFO: WriteHtmlCache Behavior ::run [ RunTime:0.000487s ]
INFO: ShowRuntime Behavior ::run [ RunTime:0.000766s ]
INFO: [ view_filter ] --END-- [ RunTime:0.002897s ]
INFO: [ view_end ] --START--
INFO: ShowPageTrace Behavior ::run [ RunTime:0.001071s ]
INFO: [ view_end ] --END-- [ RunTime:0.001212s ]

[ 2015-09-27T10:04:32+08:00 ] 127.0.0.1 /SCDA/admin.php/Login/responsive-nav.css
INFO: [ route_check ] --START--
INFO: CheckRoute Behavior ::run [ RunTime:0.000861s ]
INFO: [ route_check ] --END-- [ RunTime:0.001012s ]
INFO: [ app_begin ] --START--
INFO: ReadHtmlCache Behavior ::run [ RunTime:0.000866s ]
INFO: [ app_begin ] --END-- [ RunTime:0.001006s ]
ERR: 非法操作:responsive-nav.css

[ 2015-09-27T10:22:46+08:00 ] 127.0.0.1 /SCDA/admin.php/
INFO: [ route_check ] --START--
INFO: CheckRoute Behavior ::run [ RunTime:0.001579s ]
INFO: [ route_check ] --END-- [ RunTime:0.001729s ]
INFO: [ app_begin ] --START--
INFO: ReadHtmlCache Behavior ::run [ RunTime:0.000730s ]
INFO: [ app_begin ] --END-- [ RunTime:0.000837s ]

[ 2015-09-27T10:22:46+08:00 ] 127.0.0.1 /SCDA/admin.php/Login/login.html
INFO: [ route_check ] --START--
INFO: CheckRoute Behavior ::run [ RunTime:0.000838s ]
INFO: [ route_check ] --END-- [ RunTime:0.000959s ]
INFO: [ app_begin ] --START--
INFO: ReadHtmlCache Behavior ::run [ RunTime:0.000851s ]
INFO: [ app_begin ] --END-- [ RunTime:0.000986s ]
INFO: [ view_parse ] --START--
NOTIC: [8] Undefined variable: data F:\wamp\www\SCDA\Admin\Runtime\Cache\27e9c4fddbdacc085a84cce69c1ba206.php 第 50 行.
NOTIC: [8] Undefined variable: data F:\wamp\www\SCDA\Admin\Runtime\Cache\27e9c4fddbdacc085a84cce69c1ba206.php 第 54 行.
INFO: ParseTemplate Behavior ::run [ RunTime:0.007903s ]
INFO: [ view_parse ] --END-- [ RunTime:0.008038s ]
INFO: [ view_filter ] --START--
INFO: ContentReplace Behavior ::run [ RunTime:0.000477s ]
INFO: TokenBuild Behavior ::run [ RunTime:0.000530s ]
INFO: WriteHtmlCache Behavior ::run [ RunTime:0.000872s ]
INFO: ShowRuntime Behavior ::run [ RunTime:0.000734s ]
INFO: [ view_filter ] --END-- [ RunTime:0.002930s ]
INFO: [ view_end ] --START--
INFO: ShowPageTrace Behavior ::run [ RunTime:0.000741s ]
INFO: [ view_end ] --END-- [ RunTime:0.000843s ]

[ 2015-09-27T10:22:46+08:00 ] 127.0.0.1 /SCDA/admin.php/Login/responsive-nav.css
INFO: [ route_check ] --START--
INFO: CheckRoute Behavior ::run [ RunTime:0.001172s ]
INFO: [ route_check ] --END-- [ RunTime:0.001332s ]
INFO: [ app_begin ] --START--
INFO: ReadHtmlCache Behavior ::run [ RunTime:0.000653s ]
INFO: [ app_begin ] --END-- [ RunTime:0.000772s ]
ERR: 非法操作:responsive-nav.css

[ 2015-09-27T10:36:31+08:00 ] 127.0.0.1 /SCDA/admin.php/
INFO: [ route_check ] --START--
INFO: CheckRoute Behavior ::run [ RunTime:0.001465s ]
INFO: [ route_check ] --END-- [ RunTime:0.001744s ]
INFO: [ app_begin ] --START--
INFO: ReadHtmlCache Behavior ::run [ RunTime:0.000664s ]
INFO: [ app_begin ] --END-- [ RunTime:0.000783s ]

[ 2015-09-27T10:36:31+08:00 ] 127.0.0.1 /SCDA/admin.php/Login/login.html
INFO: [ route_check ] --START--
INFO: CheckRoute Behavior ::run [ RunTime:0.000773s ]
INFO: [ route_check ] --END-- [ RunTime:0.000907s ]
INFO: [ app_begin ] --START--
INFO: ReadHtmlCache Behavior ::run [ RunTime:0.000711s ]
INFO: [ app_begin ] --END-- [ RunTime:0.000810s ]
INFO: [ view_parse ] --START--
NOTIC: [8] Undefined variable: data F:\wamp\www\SCDA\Admin\Runtime\Cache\27e9c4fddbdacc085a84cce69c1ba206.php 第 50 行.
NOTIC: [8] Undefined variable: data F:\wamp\www\SCDA\Admin\Runtime\Cache\27e9c4fddbdacc085a84cce69c1ba206.php 第 54 行.
INFO: ParseTemplate Behavior ::run [ RunTime:0.008637s ]
INFO: [ view_parse ] --END-- [ RunTime:0.008747s ]
INFO: [ view_filter ] --START--
INFO: ContentReplace Behavior ::run [ RunTime:0.000611s ]
INFO: TokenBuild Behavior ::run [ RunTime:0.000662s ]
INFO: WriteHtmlCache Behavior ::run [ RunTime:0.000501s ]
INFO: ShowRuntime Behavior ::run [ RunTime:0.000668s ]
INFO: [ view_filter ] --END-- [ RunTime:0.002711s ]
INFO: [ view_end ] --START--
INFO: ShowPageTrace Behavior ::run [ RunTime:0.000759s ]
INFO: [ view_end ] --END-- [ RunTime:0.000851s ]

[ 2015-09-27T10:36:31+08:00 ] 127.0.0.1 /SCDA/admin.php/Login/responsive-nav.css
INFO: [ route_check ] --START--
INFO: CheckRoute Behavior ::run [ RunTime:0.002829s ]
INFO: [ route_check ] --END-- [ RunTime:0.003038s ]
INFO: [ app_begin ] --START--
INFO: ReadHtmlCache Behavior ::run [ RunTime:0.001933s ]
INFO: [ app_begin ] --END-- [ RunTime:0.002136s ]
ERR: 非法操作:responsive-nav.css

[ 2015-09-27T13:24:35+08:00 ] 127.0.0.1 /SCDA/admin.php/
INFO: [ route_check ] --START--
INFO: CheckRoute Behavior ::run [ RunTime:0.001818s ]
INFO: [ route_check ] --END-- [ RunTime:0.002006s ]
INFO: [ app_begin ] --START--
INFO: ReadHtmlCache Behavior ::run [ RunTime:0.000757s ]
INFO: [ app_begin ] --END-- [ RunTime:0.000872s ]

[ 2015-09-27T13:24:35+08:00 ] 127.0.0.1 /SCDA/admin.php/Login/login.html
INFO: [ route_check ] --START--
INFO: CheckRoute Behavior ::run [ RunTime:0.000885s ]
INFO: [ route_check ] --END-- [ RunTime:0.001049s ]
INFO: [ app_begin ] --START--
INFO: ReadHtmlCache Behavior ::run [ RunTime:0.000843s ]
INFO: [ app_begin ] --END-- [ RunTime:0.000935s ]
INFO: [ view_parse ] --START--
NOTIC: [8] Undefined variable: data F:\wamp\www\SCDA\Admin\Runtime\Cache\27e9c4fddbdacc085a84cce69c1ba206.php 第 50 行.
NOTIC: [8] Undefined variable: data F:\wamp\www\SCDA\Admin\Runtime\Cache\27e9c4fddbdacc085a84cce69c1ba206.php 第 54 行.
INFO: ParseTemplate Behavior ::run [ RunTime:0.009613s ]
INFO: [ view_parse ] --END-- [ RunTime:0.009723s ]
INFO: [ view_filter ] --START--
INFO: ContentReplace Behavior ::run [ RunTime:0.000543s ]
INFO: TokenBuild Behavior ::run [ RunTime:0.000590s ]
INFO: WriteHtmlCache Behavior ::run [ RunTime:0.000360s ]
INFO: ShowRuntime Behavior ::run [ RunTime:0.000678s ]
INFO: [ view_filter ] --END-- [ RunTime:0.002481s ]
INFO: [ view_end ] --START--
INFO: ShowPageTrace Behavior ::run [ RunTime:0.001540s ]
INFO: [ view_end ] --END-- [ RunTime:0.002058s ]

[ 2015-09-27T13:24:35+08:00 ] 127.0.0.1 /SCDA/admin.php/Login/responsive-nav.css
INFO: [ route_check ] --START--
INFO: CheckRoute Behavior ::run [ RunTime:0.001418s ]
INFO: [ route_check ] --END-- [ RunTime:0.001743s ]
INFO: [ app_begin ] --START--
INFO: ReadHtmlCache Behavior ::run [ RunTime:0.000757s ]
INFO: [ app_begin ] --END-- [ RunTime:0.000889s ]
ERR: 非法操作:responsive-nav.css

[ 2015-09-27T13:47:43+08:00 ] 127.0.0.1 /SCDA/admin.php/
INFO: [ route_check ] --START--
INFO: CheckRoute Behavior ::run [ RunTime:0.000850s ]
INFO: [ route_check ] --END-- [ RunTime:0.000970s ]
INFO: [ app_begin ] --START--
INFO: ReadHtmlCache Behavior ::run [ RunTime:0.000587s ]
INFO: [ app_begin ] --END-- [ RunTime:0.000681s ]

[ 2015-09-27T13:47:43+08:00 ] 127.0.0.1 /SCDA/admin.php/Login/login.html
INFO: [ route_check ] --START--
INFO: CheckRoute Behavior ::run [ RunTime:0.000869s ]
INFO: [ route_check ] --END-- [ RunTime:0.000982s ]
INFO: [ app_begin ] --START--
INFO: ReadHtmlCache Behavior ::run [ RunTime:0.000637s ]
INFO: [ app_begin ] --END-- [ RunTime:0.000725s ]
INFO: [ view_parse ] --START--
NOTIC: [8] Undefined variable: data F:\wamp\www\SCDA\Admin\Runtime\Cache\27e9c4fddbdacc085a84cce69c1ba206.php 第 50 行.
NOTIC: [8] Undefined variable: data F:\wamp\www\SCDA\Admin\Runtime\Cache\27e9c4fddbdacc085a84cce69c1ba206.php 第 54 行.
INFO: ParseTemplate Behavior ::run [ RunTime:0.008739s ]
INFO: [ view_parse ] --END-- [ RunTime:0.008847s ]
INFO: [ view_filter ] --START--
INFO: ContentReplace Behavior ::run [ RunTime:0.000519s ]
INFO: TokenBuild Behavior ::run [ RunTime:0.000608s ]
INFO: WriteHtmlCache Behavior ::run [ RunTime:0.000484s ]
INFO: ShowRuntime Behavior ::run [ RunTime:0.000567s ]
INFO: [ view_filter ] --END-- [ RunTime:0.002458s ]
INFO: [ view_end ] --START--
INFO: ShowPageTrace Behavior ::run [ RunTime:0.000693s ]
INFO: [ view_end ] --END-- [ RunTime:0.000778s ]

[ 2015-09-27T13:47:43+08:00 ] 127.0.0.1 /SCDA/admin.php/Login/responsive-nav.css
INFO: [ route_check ] --START--
INFO: CheckRoute Behavior ::run [ RunTime:0.001288s ]
INFO: [ route_check ] --END-- [ RunTime:0.001487s ]
INFO: [ app_begin ] --START--
INFO: ReadHtmlCache Behavior ::run [ RunTime:0.001128s ]
INFO: [ app_begin ] --END-- [ RunTime:0.001306s ]
ERR: 非法操作:responsive-nav.css

