[ 2015-10-04T17:53:04+08:00 ] 127.0.0.1 /SCDA/admin.php/
INFO: [ route_check ] --START--
INFO: CheckRoute Behavior ::run [ RunTime:0.001613s ]
INFO: [ route_check ] --END-- [ RunTime:0.001806s ]
INFO: [ app_begin ] --START--
INFO: ReadHtmlCache Behavior ::run [ RunTime:0.001267s ]
INFO: [ app_begin ] --END-- [ RunTime:0.001404s ]

[ 2015-10-04T17:53:04+08:00 ] 127.0.0.1 /SCDA/admin.php/Login/login.html
INFO: [ route_check ] --START--
INFO: CheckRoute Behavior ::run [ RunTime:0.001200s ]
INFO: [ route_check ] --END-- [ RunTime:0.001320s ]
INFO: [ app_begin ] --START--
INFO: ReadHtmlCache Behavior ::run [ RunTime:0.001020s ]
INFO: [ app_begin ] --END-- [ RunTime:0.001129s ]
INFO: [ view_parse ] --START--
NOTIC: [8] Undefined variable: data F:\wamp\www\SCDA\Admin\Runtime\Cache\27e9c4fddbdacc085a84cce69c1ba206.php 第 50 行.
NOTIC: [8] Undefined variable: data F:\wamp\www\SCDA\Admin\Runtime\Cache\27e9c4fddbdacc085a84cce69c1ba206.php 第 54 行.
INFO: ParseTemplate Behavior ::run [ RunTime:0.044918s ]
INFO: [ view_parse ] --END-- [ RunTime:0.045088s ]
INFO: [ view_filter ] --START--
INFO: ContentReplace Behavior ::run [ RunTime:0.017022s ]
INFO: TokenBuild Behavior ::run [ RunTime:0.000903s ]
INFO: WriteHtmlCache Behavior ::run [ RunTime:0.000603s ]
INFO: ShowRuntime Behavior ::run [ RunTime:0.000924s ]
INFO: [ view_filter ] --END-- [ RunTime:0.019873s ]
INFO: [ view_end ] --START--
INFO: ShowPageTrace Behavior ::run [ RunTime:0.001025s ]
INFO: [ view_end ] --END-- [ RunTime:0.001155s ]

[ 2015-10-04T17:53:04+08:00 ] 127.0.0.1 /SCDA/admin.php/Login/responsive-nav.css
INFO: [ route_check ] --START--
INFO: CheckRoute Behavior ::run [ RunTime:0.001639s ]
INFO: [ route_check ] --END-- [ RunTime:0.001845s ]
INFO: [ app_begin ] --START--
INFO: ReadHtmlCache Behavior ::run [ RunTime:0.001794s ]
INFO: [ app_begin ] --END-- [ RunTime:0.001993s ]
ERR: 非法操作:responsive-nav.css

[ 2015-10-04T17:53:23+08:00 ] 127.0.0.1 /SCDA/admin.php/Login/doLogin
INFO: [ route_check ] --START--
INFO: CheckRoute Behavior ::run [ RunTime:0.001953s ]
INFO: [ route_check ] --END-- [ RunTime:0.002171s ]
INFO: [ app_begin ] --START--
INFO: ReadHtmlCache Behavior ::run [ RunTime:0.005128s ]
INFO: [ app_begin ] --END-- [ RunTime:0.006669s ]
SQL: SHOW COLUMNS FROM `hd_user` [ RunTime:0.004910s ]
SQL: SELECT COUNT(*) AS tp_count FROM `hd_user` WHERE ( `username` = 'SCDA' ) AND ( `password` = 'SCDAnet061122' ) LIMIT 1   [ RunTime:0.014901s ]
NOTIC: [8] Undefined index: username F:\wamp\www\SCDA\Admin\Lib\Action\LoginAction.class.php 第 19 行.
INFO: [ view_parse ] --START--
INFO: ParseTemplate Behavior ::run [ RunTime:0.065027s ]
INFO: [ view_parse ] --END-- [ RunTime:0.065201s ]
INFO: [ view_filter ] --START--
INFO: ContentReplace Behavior ::run [ RunTime:0.000703s ]
INFO: TokenBuild Behavior ::run [ RunTime:0.000873s ]
INFO: WriteHtmlCache Behavior ::run [ RunTime:0.002738s ]
INFO: ShowRuntime Behavior ::run [ RunTime:0.001228s ]
INFO: [ view_filter ] --END-- [ RunTime:0.006062s ]
INFO: [ view_end ] --START--
INFO: ShowPageTrace Behavior ::run [ RunTime:0.000934s ]
INFO: [ view_end ] --END-- [ RunTime:0.001083s ]

[ 2015-10-04T17:53:24+08:00 ] 127.0.0.1 /SCDA/admin.php/Admin/admin.html
INFO: [ route_check ] --START--
INFO: CheckRoute Behavior ::run [ RunTime:0.001249s ]
INFO: [ route_check ] --END-- [ RunTime:0.001450s ]
INFO: [ app_begin ] --START--
INFO: ReadHtmlCache Behavior ::run [ RunTime:0.001156s ]
INFO: [ app_begin ] --END-- [ RunTime:0.001337s ]
SQL: SHOW COLUMNS FROM `hd_student` [ RunTime:0.008215s ]
SQL: SELECT * FROM `hd_student`  [ RunTime:0.001273s ]
SQL: SELECT COUNT(*) AS tp_count FROM `hd_student` LIMIT 1   [ RunTime:0.000491s ]
INFO: [ view_parse ] --START--
NOTIC: [8] Undefined variable: meeting F:\wamp\www\SCDA\Admin\Runtime\Cache\452b9d0b59a67b87b47e419eddde234d.php 第 102 行.
NOTIC: [8] Undefined index: id F:\wamp\www\SCDA\Admin\Runtime\Cache\452b9d0b59a67b87b47e419eddde234d.php 第 123 行.
NOTIC: [8] Undefined index: id F:\wamp\www\SCDA\Admin\Runtime\Cache\452b9d0b59a67b87b47e419eddde234d.php 第 123 行.
NOTIC: [8] Undefined index: id F:\wamp\www\SCDA\Admin\Runtime\Cache\452b9d0b59a67b87b47e419eddde234d.php 第 123 行.
NOTIC: [8] Undefined index: id F:\wamp\www\SCDA\Admin\Runtime\Cache\452b9d0b59a67b87b47e419eddde234d.php 第 123 行.
NOTIC: [8] Undefined index: id F:\wamp\www\SCDA\Admin\Runtime\Cache\452b9d0b59a67b87b47e419eddde234d.php 第 123 行.
NOTIC: [8] Undefined index: id F:\wamp\www\SCDA\Admin\Runtime\Cache\452b9d0b59a67b87b47e419eddde234d.php 第 123 行.
NOTIC: [8] Undefined index: id F:\wamp\www\SCDA\Admin\Runtime\Cache\452b9d0b59a67b87b47e419eddde234d.php 第 123 行.
NOTIC: [8] Undefined index: id F:\wamp\www\SCDA\Admin\Runtime\Cache\452b9d0b59a67b87b47e419eddde234d.php 第 123 行.
NOTIC: [8] Undefined index: id F:\wamp\www\SCDA\Admin\Runtime\Cache\452b9d0b59a67b87b47e419eddde234d.php 第 123 行.
NOTIC: [8] Undefined index: id F:\wamp\www\SCDA\Admin\Runtime\Cache\452b9d0b59a67b87b47e419eddde234d.php 第 123 行.
NOTIC: [8] Undefined index: id F:\wamp\www\SCDA\Admin\Runtime\Cache\452b9d0b59a67b87b47e419eddde234d.php 第 123 行.
NOTIC: [8] Undefined index: id F:\wamp\www\SCDA\Admin\Runtime\Cache\452b9d0b59a67b87b47e419eddde234d.php 第 123 行.
NOTIC: [8] Undefined index: id F:\wamp\www\SCDA\Admin\Runtime\Cache\452b9d0b59a67b87b47e419eddde234d.php 第 123 行.
NOTIC: [8] Undefined index: id F:\wamp\www\SCDA\Admin\Runtime\Cache\452b9d0b59a67b87b47e419eddde234d.php 第 123 行.
NOTIC: [8] Undefined index: id F:\wamp\www\SCDA\Admin\Runtime\Cache\452b9d0b59a67b87b47e419eddde234d.php 第 123 行.
NOTIC: [8] Undefined index: id F:\wamp\www\SCDA\Admin\Runtime\Cache\452b9d0b59a67b87b47e419eddde234d.php 第 123 行.
NOTIC: [8] Undefined index: id F:\wamp\www\SCDA\Admin\Runtime\Cache\452b9d0b59a67b87b47e419eddde234d.php 第 123 行.
NOTIC: [8] Undefined index: id F:\wamp\www\SCDA\Admin\Runtime\Cache\452b9d0b59a67b87b47e419eddde234d.php 第 123 行.
NOTIC: [8] Undefined index: id F:\wamp\www\SCDA\Admin\Runtime\Cache\452b9d0b59a67b87b47e419eddde234d.php 第 123 行.
NOTIC: [8] Undefined index: id F:\wamp\www\SCDA\Admin\Runtime\Cache\452b9d0b59a67b87b47e419eddde234d.php 第 123 行.
NOTIC: [8] Undefined index: id F:\wamp\www\SCDA\Admin\Runtime\Cache\452b9d0b59a67b87b47e419eddde234d.php 第 123 行.
NOTIC: [8] Undefined index: id F:\wamp\www\SCDA\Admin\Runtime\Cache\452b9d0b59a67b87b47e419eddde234d.php 第 123 行.
NOTIC: [8] Undefined index: id F:\wamp\www\SCDA\Admin\Runtime\Cache\452b9d0b59a67b87b47e419eddde234d.php 第 123 行.
NOTIC: [8] Undefined index: id F:\wamp\www\SCDA\Admin\Runtime\Cache\452b9d0b59a67b87b47e419eddde234d.php 第 123 行.
NOTIC: [8] Undefined index: id F:\wamp\www\SCDA\Admin\Runtime\Cache\452b9d0b59a67b87b47e419eddde234d.php 第 123 行.
INFO: ParseTemplate Behavior ::run [ RunTime:0.033836s ]
INFO: [ view_parse ] --END-- [ RunTime:0.034021s ]
INFO: [ view_filter ] --START--
INFO: ContentReplace Behavior ::run [ RunTime:0.001456s ]
INFO: TokenBuild Behavior ::run [ RunTime:0.001231s ]
INFO: WriteHtmlCache Behavior ::run [ RunTime:0.000716s ]
INFO: ShowRuntime Behavior ::run [ RunTime:0.001142s ]
INFO: [ view_filter ] --END-- [ RunTime:0.005051s ]
INFO: [ view_end ] --START--
INFO: ShowPageTrace Behavior ::run [ RunTime:0.000975s ]
INFO: [ view_end ] --END-- [ RunTime:0.001130s ]

[ 2015-10-04T17:53:24+08:00 ] 127.0.0.1 /SCDA/admin.php/Admin/responsive-nav.css
INFO: [ route_check ] --START--
INFO: CheckRoute Behavior ::run [ RunTime:0.001612s ]
INFO: [ route_check ] --END-- [ RunTime:0.001845s ]
INFO: [ app_begin ] --START--
INFO: ReadHtmlCache Behavior ::run [ RunTime:0.001957s ]
INFO: [ app_begin ] --END-- [ RunTime:0.002170s ]
ERR: 非法操作:responsive-nav.css

[ 2015-10-04T17:53:30+08:00 ] 127.0.0.1 /SCDA/admin.php/Admin/detail/id/25
INFO: [ route_check ] --START--
INFO: CheckRoute Behavior ::run [ RunTime:0.001404s ]
INFO: [ route_check ] --END-- [ RunTime:0.001565s ]
INFO: [ app_begin ] --START--
INFO: ReadHtmlCache Behavior ::run [ RunTime:0.000771s ]
INFO: [ app_begin ] --END-- [ RunTime:0.000888s ]
SQL: SHOW COLUMNS FROM `hd_student` [ RunTime:0.006087s ]
NOTIC: [8] Undefined index: studentID F:\wamp\www\SCDA\Admin\Lib\Action\AdminAction.class.php 第 27 行.
SQL: SELECT * FROM `hd_student` LIMIT 1   [ RunTime:0.000693s ]
INFO: [ view_parse ] --START--
INFO: ParseTemplate Behavior ::run [ RunTime:0.029315s ]
INFO: [ view_parse ] --END-- [ RunTime:0.029483s ]
INFO: [ view_filter ] --START--
INFO: ContentReplace Behavior ::run [ RunTime:0.001117s ]
INFO: TokenBuild Behavior ::run [ RunTime:0.000925s ]
INFO: WriteHtmlCache Behavior ::run [ RunTime:0.000702s ]
INFO: ShowRuntime Behavior ::run [ RunTime:0.001156s ]
INFO: [ view_filter ] --END-- [ RunTime:0.004334s ]
INFO: [ view_end ] --START--
INFO: ShowPageTrace Behavior ::run [ RunTime:0.000857s ]
INFO: [ view_end ] --END-- [ RunTime:0.000969s ]

[ 2015-10-04T17:53:30+08:00 ] 127.0.0.1 /SCDA/admin.php/Admin/detail/id/responsive-nav.css
INFO: [ route_check ] --START--
INFO: CheckRoute Behavior ::run [ RunTime:0.001651s ]
INFO: [ route_check ] --END-- [ RunTime:0.001873s ]
INFO: [ app_begin ] --START--
INFO: ReadHtmlCache Behavior ::run [ RunTime:0.001546s ]
INFO: [ app_begin ] --END-- [ RunTime:0.001759s ]
SQL: SHOW COLUMNS FROM `hd_student` [ RunTime:0.007527s ]
NOTIC: [8] Undefined index: studentID F:\wamp\www\SCDA\Admin\Lib\Action\AdminAction.class.php 第 27 行.
SQL: SELECT * FROM `hd_student` LIMIT 1   [ RunTime:0.000642s ]
INFO: [ view_parse ] --START--
INFO: ParseTemplate Behavior ::run [ RunTime:0.013810s ]
INFO: [ view_parse ] --END-- [ RunTime:0.013969s ]
INFO: [ view_filter ] --START--
INFO: ContentReplace Behavior ::run [ RunTime:0.000664s ]
INFO: TokenBuild Behavior ::run [ RunTime:0.000643s ]
INFO: WriteHtmlCache Behavior ::run [ RunTime:0.000475s ]
INFO: ShowRuntime Behavior ::run [ RunTime:0.000728s ]
INFO: [ view_filter ] --END-- [ RunTime:0.002845s ]
INFO: [ view_end ] --START--
INFO: ShowPageTrace Behavior ::run [ RunTime:0.000669s ]
INFO: [ view_end ] --END-- [ RunTime:0.000780s ]

[ 2015-10-04T17:59:17+08:00 ] 127.0.0.1 /SCDA/admin.php/Admin/detail/id/25
INFO: [ route_check ] --START--
INFO: CheckRoute Behavior ::run [ RunTime:0.002022s ]
INFO: [ route_check ] --END-- [ RunTime:0.002259s ]
INFO: [ app_begin ] --START--
INFO: ReadHtmlCache Behavior ::run [ RunTime:0.001531s ]
INFO: [ app_begin ] --END-- [ RunTime:0.001683s ]
SQL: SHOW COLUMNS FROM `hd_student` [ RunTime:0.007890s ]
NOTIC: [8] Undefined index: studentID F:\wamp\www\SCDA\Admin\Lib\Action\AdminAction.class.php 第 27 行.
SQL: SELECT * FROM `hd_student` LIMIT 1   [ RunTime:0.000839s ]
INFO: [ view_parse ] --START--
INFO: ParseTemplate Behavior ::run [ RunTime:0.013763s ]
INFO: [ view_parse ] --END-- [ RunTime:0.013943s ]
INFO: [ view_filter ] --START--
INFO: ContentReplace Behavior ::run [ RunTime:0.000639s ]
INFO: TokenBuild Behavior ::run [ RunTime:0.000697s ]
INFO: WriteHtmlCache Behavior ::run [ RunTime:0.000646s ]
INFO: ShowRuntime Behavior ::run [ RunTime:0.001096s ]
INFO: [ view_filter ] --END-- [ RunTime:0.003426s ]
INFO: [ view_end ] --START--
INFO: ShowPageTrace Behavior ::run [ RunTime:0.001064s ]
INFO: [ view_end ] --END-- [ RunTime:0.001185s ]

[ 2015-10-04T17:59:18+08:00 ] 127.0.0.1 /SCDA/admin.php/Admin/detail/id/responsive-nav.css
INFO: [ route_check ] --START--
INFO: CheckRoute Behavior ::run [ RunTime:0.004719s ]
INFO: [ route_check ] --END-- [ RunTime:0.005045s ]
INFO: [ app_begin ] --START--
INFO: ReadHtmlCache Behavior ::run [ RunTime:0.001858s ]
INFO: [ app_begin ] --END-- [ RunTime:0.002075s ]
SQL: SHOW COLUMNS FROM `hd_student` [ RunTime:0.007590s ]
NOTIC: [8] Undefined index: studentID F:\wamp\www\SCDA\Admin\Lib\Action\AdminAction.class.php 第 27 行.
SQL: SELECT * FROM `hd_student` LIMIT 1   [ RunTime:0.000730s ]
INFO: [ view_parse ] --START--
INFO: ParseTemplate Behavior ::run [ RunTime:0.021530s ]
INFO: [ view_parse ] --END-- [ RunTime:0.021744s ]
INFO: [ view_filter ] --START--
INFO: ContentReplace Behavior ::run [ RunTime:0.000784s ]
INFO: TokenBuild Behavior ::run [ RunTime:0.000700s ]
INFO: WriteHtmlCache Behavior ::run [ RunTime:0.000591s ]
INFO: ShowRuntime Behavior ::run [ RunTime:0.003302s ]
INFO: [ view_filter ] --END-- [ RunTime:0.005918s ]
INFO: [ view_end ] --START--
INFO: ShowPageTrace Behavior ::run [ RunTime:0.001971s ]
INFO: [ view_end ] --END-- [ RunTime:0.002194s ]

[ 2015-10-04T18:03:57+08:00 ] 127.0.0.1 /SCDA/admin.php/Admin/detail/id/17
INFO: [ route_check ] --START--
INFO: CheckRoute Behavior ::run [ RunTime:0.001378s ]
INFO: [ route_check ] --END-- [ RunTime:0.001507s ]
INFO: [ app_begin ] --START--
INFO: ReadHtmlCache Behavior ::run [ RunTime:0.001887s ]
INFO: [ app_begin ] --END-- [ RunTime:0.002271s ]
SQL: SHOW COLUMNS FROM `hd_student` [ RunTime:0.007887s ]
NOTIC: [8] Undefined index: studentID F:\wamp\www\SCDA\Admin\Lib\Action\AdminAction.class.php 第 27 行.
SQL: SELECT * FROM `hd_student` LIMIT 1   [ RunTime:0.000711s ]
INFO: [ view_parse ] --START--
INFO: ParseTemplate Behavior ::run [ RunTime:0.011873s ]
INFO: [ view_parse ] --END-- [ RunTime:0.012041s ]
INFO: [ view_filter ] --START--
INFO: ContentReplace Behavior ::run [ RunTime:0.000959s ]
INFO: TokenBuild Behavior ::run [ RunTime:0.000684s ]
INFO: WriteHtmlCache Behavior ::run [ RunTime:0.000496s ]
INFO: ShowRuntime Behavior ::run [ RunTime:0.000710s ]
INFO: [ view_filter ] --END-- [ RunTime:0.003182s ]
INFO: [ view_end ] --START--
INFO: ShowPageTrace Behavior ::run [ RunTime:0.000812s ]
INFO: [ view_end ] --END-- [ RunTime:0.000933s ]

[ 2015-10-04T18:03:57+08:00 ] 127.0.0.1 /SCDA/admin.php/Admin/detail/id/responsive-nav.css
INFO: [ route_check ] --START--
INFO: CheckRoute Behavior ::run [ RunTime:0.007178s ]
INFO: [ route_check ] --END-- [ RunTime:0.007413s ]
INFO: [ app_begin ] --START--
INFO: ReadHtmlCache Behavior ::run [ RunTime:0.002869s ]
INFO: [ app_begin ] --END-- [ RunTime:0.003110s ]
SQL: SHOW COLUMNS FROM `hd_student` [ RunTime:0.009948s ]
NOTIC: [8] Undefined index: studentID F:\wamp\www\SCDA\Admin\Lib\Action\AdminAction.class.php 第 27 行.
SQL: SELECT * FROM `hd_student` LIMIT 1   [ RunTime:0.004453s ]
INFO: [ view_parse ] --START--
INFO: ParseTemplate Behavior ::run [ RunTime:0.017443s ]
INFO: [ view_parse ] --END-- [ RunTime:0.017674s ]
INFO: [ view_filter ] --START--
INFO: ContentReplace Behavior ::run [ RunTime:0.001042s ]
INFO: TokenBuild Behavior ::run [ RunTime:0.001711s ]
INFO: WriteHtmlCache Behavior ::run [ RunTime:0.001151s ]
INFO: ShowRuntime Behavior ::run [ RunTime:0.001136s ]
INFO: [ view_filter ] --END-- [ RunTime:0.005586s ]
INFO: [ view_end ] --START--
INFO: ShowPageTrace Behavior ::run [ RunTime:0.001067s ]
INFO: [ view_end ] --END-- [ RunTime:0.001242s ]

[ 2015-10-04T18:13:18+08:00 ] 127.0.0.1 /SCDA/admin.php/Admin/detail
INFO: [ route_check ] --START--
INFO: CheckRoute Behavior ::run [ RunTime:0.001214s ]
INFO: [ route_check ] --END-- [ RunTime:0.001391s ]
INFO: [ app_begin ] --START--
INFO: ReadHtmlCache Behavior ::run [ RunTime:0.000915s ]
INFO: [ app_begin ] --END-- [ RunTime:0.001074s ]
SQL: SHOW COLUMNS FROM `hd_student` [ RunTime:0.005966s ]
NOTIC: [8] Undefined index: studentID F:\wamp\www\SCDA\Admin\Lib\Action\AdminAction.class.php 第 27 行.
SQL: SELECT * FROM `hd_student` LIMIT 1   [ RunTime:0.000619s ]
INFO: [ view_parse ] --START--
INFO: ParseTemplate Behavior ::run [ RunTime:0.012236s ]
INFO: [ view_parse ] --END-- [ RunTime:0.012455s ]
INFO: [ view_filter ] --START--
INFO: ContentReplace Behavior ::run [ RunTime:0.000878s ]
INFO: TokenBuild Behavior ::run [ RunTime:0.000735s ]
INFO: WriteHtmlCache Behavior ::run [ RunTime:0.000603s ]
INFO: ShowRuntime Behavior ::run [ RunTime:0.001055s ]
INFO: [ view_filter ] --END-- [ RunTime:0.003649s ]
INFO: [ view_end ] --START--
INFO: ShowPageTrace Behavior ::run [ RunTime:0.001215s ]
INFO: [ view_end ] --END-- [ RunTime:0.001434s ]

[ 2015-10-04T18:13:18+08:00 ] 127.0.0.1 /SCDA/admin.php/Admin/responsive-nav.css
INFO: [ route_check ] --START--
INFO: CheckRoute Behavior ::run [ RunTime:0.001470s ]
INFO: [ route_check ] --END-- [ RunTime:0.001682s ]
INFO: [ app_begin ] --START--
INFO: ReadHtmlCache Behavior ::run [ RunTime:0.001940s ]
INFO: [ app_begin ] --END-- [ RunTime:0.002420s ]
ERR: 非法操作:responsive-nav.css

[ 2015-10-04T18:13:25+08:00 ] 127.0.0.1 /SCDA/admin.php/Admin/detail/id/22
INFO: [ route_check ] --START--
INFO: CheckRoute Behavior ::run [ RunTime:0.001401s ]
INFO: [ route_check ] --END-- [ RunTime:0.001591s ]
INFO: [ app_begin ] --START--
INFO: ReadHtmlCache Behavior ::run [ RunTime:0.001149s ]
INFO: [ app_begin ] --END-- [ RunTime:0.001383s ]
SQL: SHOW COLUMNS FROM `hd_student` [ RunTime:0.007855s ]
NOTIC: [8] Undefined index: studentID F:\wamp\www\SCDA\Admin\Lib\Action\AdminAction.class.php 第 27 行.
SQL: SELECT * FROM `hd_student` LIMIT 1   [ RunTime:0.000739s ]
INFO: [ view_parse ] --START--
INFO: ParseTemplate Behavior ::run [ RunTime:0.012668s ]
INFO: [ view_parse ] --END-- [ RunTime:0.012832s ]
INFO: [ view_filter ] --START--
INFO: ContentReplace Behavior ::run [ RunTime:0.001176s ]
INFO: TokenBuild Behavior ::run [ RunTime:0.000833s ]
INFO: WriteHtmlCache Behavior ::run [ RunTime:0.000525s ]
INFO: ShowRuntime Behavior ::run [ RunTime:0.000772s ]
INFO: [ view_filter ] --END-- [ RunTime:0.003707s ]
INFO: [ view_end ] --START--
INFO: ShowPageTrace Behavior ::run [ RunTime:0.000782s ]
INFO: [ view_end ] --END-- [ RunTime:0.000889s ]

[ 2015-10-04T18:13:25+08:00 ] 127.0.0.1 /SCDA/admin.php/Admin/detail/id/responsive-nav.css
INFO: [ route_check ] --START--
INFO: CheckRoute Behavior ::run [ RunTime:0.001501s ]
INFO: [ route_check ] --END-- [ RunTime:0.001710s ]
INFO: [ app_begin ] --START--
INFO: ReadHtmlCache Behavior ::run [ RunTime:0.003268s ]
INFO: [ app_begin ] --END-- [ RunTime:0.003657s ]
SQL: SHOW COLUMNS FROM `hd_student` [ RunTime:0.010035s ]
NOTIC: [8] Undefined index: studentID F:\wamp\www\SCDA\Admin\Lib\Action\AdminAction.class.php 第 27 行.
SQL: SELECT * FROM `hd_student` LIMIT 1   [ RunTime:0.001793s ]
INFO: [ view_parse ] --START--
INFO: ParseTemplate Behavior ::run [ RunTime:0.015497s ]
INFO: [ view_parse ] --END-- [ RunTime:0.015708s ]
INFO: [ view_filter ] --START--
INFO: ContentReplace Behavior ::run [ RunTime:0.000977s ]
INFO: TokenBuild Behavior ::run [ RunTime:0.001075s ]
INFO: WriteHtmlCache Behavior ::run [ RunTime:0.000720s ]
INFO: ShowRuntime Behavior ::run [ RunTime:0.001375s ]
INFO: [ view_filter ] --END-- [ RunTime:0.004630s ]
INFO: [ view_end ] --START--
INFO: ShowPageTrace Behavior ::run [ RunTime:0.001191s ]
INFO: [ view_end ] --END-- [ RunTime:0.001425s ]

[ 2015-10-04T18:13:30+08:00 ] 127.0.0.1 /SCDA/admin.php/Admin/detail/id/1
INFO: [ route_check ] --START--
INFO: CheckRoute Behavior ::run [ RunTime:0.001579s ]
INFO: [ route_check ] --END-- [ RunTime:0.001909s ]
INFO: [ app_begin ] --START--
INFO: ReadHtmlCache Behavior ::run [ RunTime:0.001295s ]
INFO: [ app_begin ] --END-- [ RunTime:0.001531s ]
SQL: SHOW COLUMNS FROM `hd_student` [ RunTime:0.007283s ]
NOTIC: [8] Undefined index: studentID F:\wamp\www\SCDA\Admin\Lib\Action\AdminAction.class.php 第 27 行.
SQL: SELECT * FROM `hd_student` LIMIT 1   [ RunTime:0.000617s ]
INFO: [ view_parse ] --START--
INFO: ParseTemplate Behavior ::run [ RunTime:0.013055s ]
INFO: [ view_parse ] --END-- [ RunTime:0.013219s ]
INFO: [ view_filter ] --START--
INFO: ContentReplace Behavior ::run [ RunTime:0.000645s ]
INFO: TokenBuild Behavior ::run [ RunTime:0.000650s ]
INFO: WriteHtmlCache Behavior ::run [ RunTime:0.000451s ]
INFO: ShowRuntime Behavior ::run [ RunTime:0.000702s ]
INFO: [ view_filter ] --END-- [ RunTime:0.002737s ]
INFO: [ view_end ] --START--
INFO: ShowPageTrace Behavior ::run [ RunTime:0.000689s ]
INFO: [ view_end ] --END-- [ RunTime:0.000805s ]

[ 2015-10-04T18:13:30+08:00 ] 127.0.0.1 /SCDA/admin.php/Admin/detail/id/responsive-nav.css
INFO: [ route_check ] --START--
INFO: CheckRoute Behavior ::run [ RunTime:0.001423s ]
INFO: [ route_check ] --END-- [ RunTime:0.001625s ]
INFO: [ app_begin ] --START--
INFO: ReadHtmlCache Behavior ::run [ RunTime:0.001118s ]
INFO: [ app_begin ] --END-- [ RunTime:0.001313s ]
SQL: SHOW COLUMNS FROM `hd_student` [ RunTime:0.008805s ]
NOTIC: [8] Undefined index: studentID F:\wamp\www\SCDA\Admin\Lib\Action\AdminAction.class.php 第 27 行.
SQL: SELECT * FROM `hd_student` LIMIT 1   [ RunTime:0.001274s ]
INFO: [ view_parse ] --START--
INFO: ParseTemplate Behavior ::run [ RunTime:0.017285s ]
INFO: [ view_parse ] --END-- [ RunTime:0.017534s ]
INFO: [ view_filter ] --START--
INFO: ContentReplace Behavior ::run [ RunTime:0.001039s ]
INFO: TokenBuild Behavior ::run [ RunTime:0.001197s ]
INFO: WriteHtmlCache Behavior ::run [ RunTime:0.000871s ]
INFO: ShowRuntime Behavior ::run [ RunTime:0.001293s ]
INFO: [ view_filter ] --END-- [ RunTime:0.004989s ]
INFO: [ view_end ] --START--
INFO: ShowPageTrace Behavior ::run [ RunTime:0.001654s ]
INFO: [ view_end ] --END-- [ RunTime:0.001904s ]

[ 2015-10-04T18:13:37+08:00 ] 127.0.0.1 /SCDA/admin.php/Admin/detail/id/17
INFO: [ route_check ] --START--
INFO: CheckRoute Behavior ::run [ RunTime:0.001035s ]
INFO: [ route_check ] --END-- [ RunTime:0.001171s ]
INFO: [ app_begin ] --START--
INFO: ReadHtmlCache Behavior ::run [ RunTime:0.001418s ]
INFO: [ app_begin ] --END-- [ RunTime:0.001576s ]
SQL: SHOW COLUMNS FROM `hd_student` [ RunTime:0.006605s ]
NOTIC: [8] Undefined index: studentID F:\wamp\www\SCDA\Admin\Lib\Action\AdminAction.class.php 第 27 行.
SQL: SELECT * FROM `hd_student` LIMIT 1   [ RunTime:0.000647s ]
INFO: [ view_parse ] --START--
INFO: ParseTemplate Behavior ::run [ RunTime:0.012717s ]
INFO: [ view_parse ] --END-- [ RunTime:0.012907s ]
INFO: [ view_filter ] --START--
INFO: ContentReplace Behavior ::run [ RunTime:0.000759s ]
INFO: TokenBuild Behavior ::run [ RunTime:0.000775s ]
INFO: WriteHtmlCache Behavior ::run [ RunTime:0.000504s ]
INFO: ShowRuntime Behavior ::run [ RunTime:0.001184s ]
INFO: [ view_filter ] --END-- [ RunTime:0.003540s ]
INFO: [ view_end ] --START--
INFO: ShowPageTrace Behavior ::run [ RunTime:0.000870s ]
INFO: [ view_end ] --END-- [ RunTime:0.000965s ]

[ 2015-10-04T18:13:37+08:00 ] 127.0.0.1 /SCDA/admin.php/Admin/detail/id/responsive-nav.css
INFO: [ route_check ] --START--
INFO: CheckRoute Behavior ::run [ RunTime:0.000976s ]
INFO: [ route_check ] --END-- [ RunTime:0.001114s ]
INFO: [ app_begin ] --START--
INFO: ReadHtmlCache Behavior ::run [ RunTime:0.001122s ]
INFO: [ app_begin ] --END-- [ RunTime:0.001377s ]
SQL: SHOW COLUMNS FROM `hd_student` [ RunTime:0.007253s ]
NOTIC: [8] Undefined index: studentID F:\wamp\www\SCDA\Admin\Lib\Action\AdminAction.class.php 第 27 行.
SQL: SELECT * FROM `hd_student` LIMIT 1   [ RunTime:0.000977s ]
INFO: [ view_parse ] --START--
INFO: ParseTemplate Behavior ::run [ RunTime:0.013599s ]
INFO: [ view_parse ] --END-- [ RunTime:0.013840s ]
INFO: [ view_filter ] --START--
INFO: ContentReplace Behavior ::run [ RunTime:0.000670s ]
INFO: TokenBuild Behavior ::run [ RunTime:0.000687s ]
INFO: WriteHtmlCache Behavior ::run [ RunTime:0.000495s ]
INFO: ShowRuntime Behavior ::run [ RunTime:0.000763s ]
INFO: [ view_filter ] --END-- [ RunTime:0.002988s ]
INFO: [ view_end ] --START--
INFO: ShowPageTrace Behavior ::run [ RunTime:0.001054s ]
INFO: [ view_end ] --END-- [ RunTime:0.001227s ]

[ 2015-10-04T18:13:41+08:00 ] 127.0.0.1 /SCDA/admin.php/Admin/responsive-nav.css
INFO: [ route_check ] --START--
INFO: CheckRoute Behavior ::run [ RunTime:0.001357s ]
INFO: [ route_check ] --END-- [ RunTime:0.001554s ]
INFO: [ app_begin ] --START--
INFO: ReadHtmlCache Behavior ::run [ RunTime:0.001568s ]
INFO: [ app_begin ] --END-- [ RunTime:0.001798s ]
ERR: 非法操作:responsive-nav.css

[ 2015-10-04T18:13:45+08:00 ] 127.0.0.1 /SCDA/admin.php/Admin/detail/id/25
INFO: [ route_check ] --START--
INFO: CheckRoute Behavior ::run [ RunTime:0.001060s ]
INFO: [ route_check ] --END-- [ RunTime:0.001192s ]
INFO: [ app_begin ] --START--
INFO: ReadHtmlCache Behavior ::run [ RunTime:0.000918s ]
INFO: [ app_begin ] --END-- [ RunTime:0.001067s ]
SQL: SHOW COLUMNS FROM `hd_student` [ RunTime:0.006358s ]
NOTIC: [8] Undefined index: studentID F:\wamp\www\SCDA\Admin\Lib\Action\AdminAction.class.php 第 27 行.
SQL: SELECT * FROM `hd_student` LIMIT 1   [ RunTime:0.000589s ]
INFO: [ view_parse ] --START--
INFO: ParseTemplate Behavior ::run [ RunTime:0.013063s ]
INFO: [ view_parse ] --END-- [ RunTime:0.013288s ]
INFO: [ view_filter ] --START--
INFO: ContentReplace Behavior ::run [ RunTime:0.000959s ]
INFO: TokenBuild Behavior ::run [ RunTime:0.000620s ]
INFO: WriteHtmlCache Behavior ::run [ RunTime:0.000432s ]
INFO: ShowRuntime Behavior ::run [ RunTime:0.000638s ]
INFO: [ view_filter ] --END-- [ RunTime:0.002982s ]
INFO: [ view_end ] --START--
INFO: ShowPageTrace Behavior ::run [ RunTime:0.000607s ]
INFO: [ view_end ] --END-- [ RunTime:0.000731s ]

[ 2015-10-04T18:13:45+08:00 ] 127.0.0.1 /SCDA/admin.php/Admin/detail/id/responsive-nav.css
INFO: [ route_check ] --START--
INFO: CheckRoute Behavior ::run [ RunTime:0.001642s ]
INFO: [ route_check ] --END-- [ RunTime:0.001865s ]
INFO: [ app_begin ] --START--
INFO: ReadHtmlCache Behavior ::run [ RunTime:0.001135s ]
INFO: [ app_begin ] --END-- [ RunTime:0.001301s ]
SQL: SHOW COLUMNS FROM `hd_student` [ RunTime:0.008543s ]
NOTIC: [8] Undefined index: studentID F:\wamp\www\SCDA\Admin\Lib\Action\AdminAction.class.php 第 27 行.
SQL: SELECT * FROM `hd_student` LIMIT 1   [ RunTime:0.001122s ]
INFO: [ view_parse ] --START--
INFO: ParseTemplate Behavior ::run [ RunTime:0.016805s ]
INFO: [ view_parse ] --END-- [ RunTime:0.017043s ]
INFO: [ view_filter ] --START--
INFO: ContentReplace Behavior ::run [ RunTime:0.000989s ]
INFO: TokenBuild Behavior ::run [ RunTime:0.001135s ]
INFO: WriteHtmlCache Behavior ::run [ RunTime:0.000809s ]
INFO: ShowRuntime Behavior ::run [ RunTime:0.001135s ]
INFO: [ view_filter ] --END-- [ RunTime:0.004589s ]
INFO: [ view_end ] --START--
INFO: ShowPageTrace Behavior ::run [ RunTime:0.001182s ]
INFO: [ view_end ] --END-- [ RunTime:0.001369s ]

[ 2015-10-04T18:13:53+08:00 ] 127.0.0.1 /SCDA/admin.php/Admin/detail/id/25
INFO: [ route_check ] --START--
INFO: CheckRoute Behavior ::run [ RunTime:0.001010s ]
INFO: [ route_check ] --END-- [ RunTime:0.001144s ]
INFO: [ app_begin ] --START--
INFO: ReadHtmlCache Behavior ::run [ RunTime:0.001291s ]
INFO: [ app_begin ] --END-- [ RunTime:0.001465s ]
SQL: SHOW COLUMNS FROM `hd_student` [ RunTime:0.006046s ]
NOTIC: [8] Undefined index: studentID F:\wamp\www\SCDA\Admin\Lib\Action\AdminAction.class.php 第 27 行.
SQL: SELECT * FROM `hd_student` LIMIT 1   [ RunTime:0.000748s ]
INFO: [ view_parse ] --START--
INFO: ParseTemplate Behavior ::run [ RunTime:0.017650s ]
INFO: [ view_parse ] --END-- [ RunTime:0.017855s ]
INFO: [ view_filter ] --START--
INFO: ContentReplace Behavior ::run [ RunTime:0.000809s ]
INFO: TokenBuild Behavior ::run [ RunTime:0.000904s ]
INFO: WriteHtmlCache Behavior ::run [ RunTime:0.000734s ]
INFO: ShowRuntime Behavior ::run [ RunTime:0.001016s ]
INFO: [ view_filter ] --END-- [ RunTime:0.003877s ]
INFO: [ view_end ] --START--
INFO: ShowPageTrace Behavior ::run [ RunTime:0.001406s ]
INFO: [ view_end ] --END-- [ RunTime:0.001667s ]

[ 2015-10-04T18:13:54+08:00 ] 127.0.0.1 /SCDA/admin.php/Admin/detail/id/responsive-nav.css
INFO: [ route_check ] --START--
INFO: CheckRoute Behavior ::run [ RunTime:0.001565s ]
INFO: [ route_check ] --END-- [ RunTime:0.001791s ]
INFO: [ app_begin ] --START--
INFO: ReadHtmlCache Behavior ::run [ RunTime:0.001293s ]
INFO: [ app_begin ] --END-- [ RunTime:0.001501s ]
SQL: SHOW COLUMNS FROM `hd_student` [ RunTime:0.012625s ]
NOTIC: [8] Undefined index: studentID F:\wamp\www\SCDA\Admin\Lib\Action\AdminAction.class.php 第 27 行.
SQL: SELECT * FROM `hd_student` LIMIT 1   [ RunTime:0.001238s ]
INFO: [ view_parse ] --START--
INFO: ParseTemplate Behavior ::run [ RunTime:0.017367s ]
INFO: [ view_parse ] --END-- [ RunTime:0.017635s ]
INFO: [ view_filter ] --START--
INFO: ContentReplace Behavior ::run [ RunTime:0.001715s ]
INFO: TokenBuild Behavior ::run [ RunTime:0.001773s ]
INFO: WriteHtmlCache Behavior ::run [ RunTime:0.000765s ]
INFO: ShowRuntime Behavior ::run [ RunTime:0.001211s ]
INFO: [ view_filter ] --END-- [ RunTime:0.005986s ]
INFO: [ view_end ] --START--
INFO: ShowPageTrace Behavior ::run [ RunTime:0.002865s ]
INFO: [ view_end ] --END-- [ RunTime:0.003166s ]

[ 2015-10-04T18:13:58+08:00 ] 127.0.0.1 /SCDA/admin.php/Admin/detail/id/24
INFO: [ route_check ] --START--
INFO: CheckRoute Behavior ::run [ RunTime:0.001539s ]
INFO: [ route_check ] --END-- [ RunTime:0.001742s ]
INFO: [ app_begin ] --START--
INFO: ReadHtmlCache Behavior ::run [ RunTime:0.001325s ]
INFO: [ app_begin ] --END-- [ RunTime:0.001581s ]
SQL: SHOW COLUMNS FROM `hd_student` [ RunTime:0.008941s ]
NOTIC: [8] Undefined index: studentID F:\wamp\www\SCDA\Admin\Lib\Action\AdminAction.class.php 第 27 行.
SQL: SELECT * FROM `hd_student` LIMIT 1   [ RunTime:0.000802s ]
INFO: [ view_parse ] --START--
INFO: ParseTemplate Behavior ::run [ RunTime:0.016732s ]
INFO: [ view_parse ] --END-- [ RunTime:0.017001s ]
INFO: [ view_filter ] --START--
INFO: ContentReplace Behavior ::run [ RunTime:0.000933s ]
INFO: TokenBuild Behavior ::run [ RunTime:0.001049s ]
INFO: WriteHtmlCache Behavior ::run [ RunTime:0.000727s ]
INFO: ShowRuntime Behavior ::run [ RunTime:0.001364s ]
INFO: [ view_filter ] --END-- [ RunTime:0.004585s ]
INFO: [ view_end ] --START--
INFO: ShowPageTrace Behavior ::run [ RunTime:0.001250s ]
INFO: [ view_end ] --END-- [ RunTime:0.001441s ]

[ 2015-10-04T18:13:58+08:00 ] 127.0.0.1 /SCDA/admin.php/Admin/detail/id/responsive-nav.css
INFO: [ route_check ] --START--
INFO: CheckRoute Behavior ::run [ RunTime:0.001457s ]
INFO: [ route_check ] --END-- [ RunTime:0.001660s ]
INFO: [ app_begin ] --START--
INFO: ReadHtmlCache Behavior ::run [ RunTime:0.001086s ]
INFO: [ app_begin ] --END-- [ RunTime:0.001258s ]
SQL: SHOW COLUMNS FROM `hd_student` [ RunTime:0.008922s ]
NOTIC: [8] Undefined index: studentID F:\wamp\www\SCDA\Admin\Lib\Action\AdminAction.class.php 第 27 行.
SQL: SELECT * FROM `hd_student` LIMIT 1   [ RunTime:0.002608s ]
INFO: [ view_parse ] --START--
INFO: ParseTemplate Behavior ::run [ RunTime:0.017140s ]
INFO: [ view_parse ] --END-- [ RunTime:0.017487s ]
INFO: [ view_filter ] --START--
INFO: ContentReplace Behavior ::run [ RunTime:0.001302s ]
INFO: TokenBuild Behavior ::run [ RunTime:0.006838s ]
INFO: WriteHtmlCache Behavior ::run [ RunTime:0.002517s ]
INFO: ShowRuntime Behavior ::run [ RunTime:0.001051s ]
INFO: [ view_filter ] --END-- [ RunTime:0.023430s ]
INFO: [ view_end ] --START--
INFO: ShowPageTrace Behavior ::run [ RunTime:0.000984s ]
INFO: [ view_end ] --END-- [ RunTime:0.001132s ]

[ 2015-10-04T18:14:02+08:00 ] 127.0.0.1 /SCDA/admin.php/Admin/detail/id/18
INFO: [ route_check ] --START--
INFO: CheckRoute Behavior ::run [ RunTime:0.001668s ]
INFO: [ route_check ] --END-- [ RunTime:0.001854s ]
INFO: [ app_begin ] --START--
INFO: ReadHtmlCache Behavior ::run [ RunTime:0.000749s ]
INFO: [ app_begin ] --END-- [ RunTime:0.000856s ]
SQL: SHOW COLUMNS FROM `hd_student` [ RunTime:0.008615s ]
NOTIC: [8] Undefined index: studentID F:\wamp\www\SCDA\Admin\Lib\Action\AdminAction.class.php 第 27 行.
SQL: SELECT * FROM `hd_student` LIMIT 1   [ RunTime:0.000666s ]
INFO: [ view_parse ] --START--
INFO: ParseTemplate Behavior ::run [ RunTime:0.011356s ]
INFO: [ view_parse ] --END-- [ RunTime:0.011566s ]
INFO: [ view_filter ] --START--
INFO: ContentReplace Behavior ::run [ RunTime:0.000896s ]
INFO: TokenBuild Behavior ::run [ RunTime:0.000659s ]
INFO: WriteHtmlCache Behavior ::run [ RunTime:0.000443s ]
INFO: ShowRuntime Behavior ::run [ RunTime:0.001016s ]
INFO: [ view_filter ] --END-- [ RunTime:0.003403s ]
INFO: [ view_end ] --START--
INFO: ShowPageTrace Behavior ::run [ RunTime:0.001045s ]
INFO: [ view_end ] --END-- [ RunTime:0.001218s ]

[ 2015-10-04T18:14:02+08:00 ] 127.0.0.1 /SCDA/admin.php/Admin/detail/id/responsive-nav.css
INFO: [ route_check ] --START--
INFO: CheckRoute Behavior ::run [ RunTime:0.001399s ]
INFO: [ route_check ] --END-- [ RunTime:0.001617s ]
INFO: [ app_begin ] --START--
INFO: ReadHtmlCache Behavior ::run [ RunTime:0.001089s ]
INFO: [ app_begin ] --END-- [ RunTime:0.001266s ]
SQL: SHOW COLUMNS FROM `hd_student` [ RunTime:0.011794s ]
NOTIC: [8] Undefined index: studentID F:\wamp\www\SCDA\Admin\Lib\Action\AdminAction.class.php 第 27 行.
SQL: SELECT * FROM `hd_student` LIMIT 1   [ RunTime:0.000956s ]
INFO: [ view_parse ] --START--
INFO: ParseTemplate Behavior ::run [ RunTime:0.015575s ]
INFO: [ view_parse ] --END-- [ RunTime:0.015795s ]
INFO: [ view_filter ] --START--
INFO: ContentReplace Behavior ::run [ RunTime:0.001091s ]
INFO: TokenBuild Behavior ::run [ RunTime:0.001047s ]
INFO: WriteHtmlCache Behavior ::run [ RunTime:0.000720s ]
INFO: ShowRuntime Behavior ::run [ RunTime:0.001382s ]
INFO: [ view_filter ] --END-- [ RunTime:0.004765s ]
INFO: [ view_end ] --START--
INFO: ShowPageTrace Behavior ::run [ RunTime:0.001434s ]
INFO: [ view_end ] --END-- [ RunTime:0.001614s ]

[ 2015-10-04T18:15:51+08:00 ] 127.0.0.1 /SCDA/admin.php/Admin/admin.html
INFO: [ route_check ] --START--
INFO: CheckRoute Behavior ::run [ RunTime:0.001208s ]
INFO: [ route_check ] --END-- [ RunTime:0.001385s ]
INFO: [ app_begin ] --START--
INFO: ReadHtmlCache Behavior ::run [ RunTime:0.000961s ]
INFO: [ app_begin ] --END-- [ RunTime:0.001118s ]
SQL: SHOW COLUMNS FROM `hd_student` [ RunTime:0.008838s ]
SQL: SELECT * FROM `hd_student`  [ RunTime:0.001326s ]
SQL: SELECT COUNT(*) AS tp_count FROM `hd_student` LIMIT 1   [ RunTime:0.000565s ]
INFO: [ view_parse ] --START--
NOTIC: [8] Undefined variable: meeting F:\wamp\www\SCDA\Admin\Runtime\Cache\452b9d0b59a67b87b47e419eddde234d.php 第 102 行.
NOTIC: [8] Undefined index: id F:\wamp\www\SCDA\Admin\Runtime\Cache\452b9d0b59a67b87b47e419eddde234d.php 第 123 行.
NOTIC: [8] Undefined index: id F:\wamp\www\SCDA\Admin\Runtime\Cache\452b9d0b59a67b87b47e419eddde234d.php 第 123 行.
NOTIC: [8] Undefined index: id F:\wamp\www\SCDA\Admin\Runtime\Cache\452b9d0b59a67b87b47e419eddde234d.php 第 123 行.
NOTIC: [8] Undefined index: id F:\wamp\www\SCDA\Admin\Runtime\Cache\452b9d0b59a67b87b47e419eddde234d.php 第 123 行.
NOTIC: [8] Undefined index: id F:\wamp\www\SCDA\Admin\Runtime\Cache\452b9d0b59a67b87b47e419eddde234d.php 第 123 行.
NOTIC: [8] Undefined index: id F:\wamp\www\SCDA\Admin\Runtime\Cache\452b9d0b59a67b87b47e419eddde234d.php 第 123 行.
NOTIC: [8] Undefined index: id F:\wamp\www\SCDA\Admin\Runtime\Cache\452b9d0b59a67b87b47e419eddde234d.php 第 123 行.
NOTIC: [8] Undefined index: id F:\wamp\www\SCDA\Admin\Runtime\Cache\452b9d0b59a67b87b47e419eddde234d.php 第 123 行.
NOTIC: [8] Undefined index: id F:\wamp\www\SCDA\Admin\Runtime\Cache\452b9d0b59a67b87b47e419eddde234d.php 第 123 行.
NOTIC: [8] Undefined index: id F:\wamp\www\SCDA\Admin\Runtime\Cache\452b9d0b59a67b87b47e419eddde234d.php 第 123 行.
NOTIC: [8] Undefined index: id F:\wamp\www\SCDA\Admin\Runtime\Cache\452b9d0b59a67b87b47e419eddde234d.php 第 123 行.
NOTIC: [8] Undefined index: id F:\wamp\www\SCDA\Admin\Runtime\Cache\452b9d0b59a67b87b47e419eddde234d.php 第 123 行.
NOTIC: [8] Undefined index: id F:\wamp\www\SCDA\Admin\Runtime\Cache\452b9d0b59a67b87b47e419eddde234d.php 第 123 行.
NOTIC: [8] Undefined index: id F:\wamp\www\SCDA\Admin\Runtime\Cache\452b9d0b59a67b87b47e419eddde234d.php 第 123 行.
NOTIC: [8] Undefined index: id F:\wamp\www\SCDA\Admin\Runtime\Cache\452b9d0b59a67b87b47e419eddde234d.php 第 123 行.
NOTIC: [8] Undefined index: id F:\wamp\www\SCDA\Admin\Runtime\Cache\452b9d0b59a67b87b47e419eddde234d.php 第 123 行.
NOTIC: [8] Undefined index: id F:\wamp\www\SCDA\Admin\Runtime\Cache\452b9d0b59a67b87b47e419eddde234d.php 第 123 行.
NOTIC: [8] Undefined index: id F:\wamp\www\SCDA\Admin\Runtime\Cache\452b9d0b59a67b87b47e419eddde234d.php 第 123 行.
NOTIC: [8] Undefined index: id F:\wamp\www\SCDA\Admin\Runtime\Cache\452b9d0b59a67b87b47e419eddde234d.php 第 123 行.
NOTIC: [8] Undefined index: id F:\wamp\www\SCDA\Admin\Runtime\Cache\452b9d0b59a67b87b47e419eddde234d.php 第 123 行.
NOTIC: [8] Undefined index: id F:\wamp\www\SCDA\Admin\Runtime\Cache\452b9d0b59a67b87b47e419eddde234d.php 第 123 行.
NOTIC: [8] Undefined index: id F:\wamp\www\SCDA\Admin\Runtime\Cache\452b9d0b59a67b87b47e419eddde234d.php 第 123 行.
NOTIC: [8] Undefined index: id F:\wamp\www\SCDA\Admin\Runtime\Cache\452b9d0b59a67b87b47e419eddde234d.php 第 123 行.
NOTIC: [8] Undefined index: id F:\wamp\www\SCDA\Admin\Runtime\Cache\452b9d0b59a67b87b47e419eddde234d.php 第 123 行.
NOTIC: [8] Undefined index: id F:\wamp\www\SCDA\Admin\Runtime\Cache\452b9d0b59a67b87b47e419eddde234d.php 第 123 行.
INFO: ParseTemplate Behavior ::run [ RunTime:0.021612s ]
INFO: [ view_parse ] --END-- [ RunTime:0.021762s ]
INFO: [ view_filter ] --START--
INFO: ContentReplace Behavior ::run [ RunTime:0.000715s ]
INFO: TokenBuild Behavior ::run [ RunTime:0.000961s ]
INFO: WriteHtmlCache Behavior ::run [ RunTime:0.000737s ]
INFO: ShowRuntime Behavior ::run [ RunTime:0.000939s ]
INFO: [ view_filter ] --END-- [ RunTime:0.003764s ]
INFO: [ view_end ] --START--
INFO: ShowPageTrace Behavior ::run [ RunTime:0.000752s ]
INFO: [ view_end ] --END-- [ RunTime:0.000860s ]

[ 2015-10-04T18:15:51+08:00 ] 127.0.0.1 /SCDA/admin.php/Admin/responsive-nav.css
INFO: [ route_check ] --START--
INFO: CheckRoute Behavior ::run [ RunTime:0.001336s ]
INFO: [ route_check ] --END-- [ RunTime:0.001507s ]
INFO: [ app_begin ] --START--
INFO: ReadHtmlCache Behavior ::run [ RunTime:0.001408s ]
INFO: [ app_begin ] --END-- [ RunTime:0.001640s ]
ERR: 非法操作:responsive-nav.css

[ 2015-10-04T18:15:54+08:00 ] 127.0.0.1 /SCDA/admin.php/Admin/detail/studentID/18
INFO: [ route_check ] --START--
INFO: CheckRoute Behavior ::run [ RunTime:0.001667s ]
INFO: [ route_check ] --END-- [ RunTime:0.001887s ]
INFO: [ app_begin ] --START--
INFO: ReadHtmlCache Behavior ::run [ RunTime:0.001061s ]
INFO: [ app_begin ] --END-- [ RunTime:0.001223s ]
SQL: SHOW COLUMNS FROM `hd_student` [ RunTime:0.007356s ]
NOTIC: [8] Undefined index: studentID F:\wamp\www\SCDA\Admin\Lib\Action\AdminAction.class.php 第 27 行.
SQL: SELECT * FROM `hd_student` LIMIT 1   [ RunTime:0.000886s ]
INFO: [ view_parse ] --START--
INFO: ParseTemplate Behavior ::run [ RunTime:0.014870s ]
INFO: [ view_parse ] --END-- [ RunTime:0.015091s ]
INFO: [ view_filter ] --START--
INFO: ContentReplace Behavior ::run [ RunTime:0.000686s ]
INFO: TokenBuild Behavior ::run [ RunTime:0.000818s ]
INFO: WriteHtmlCache Behavior ::run [ RunTime:0.000584s ]
INFO: ShowRuntime Behavior ::run [ RunTime:0.001649s ]
INFO: [ view_filter ] --END-- [ RunTime:0.004140s ]
INFO: [ view_end ] --START--
INFO: ShowPageTrace Behavior ::run [ RunTime:0.001126s ]
INFO: [ view_end ] --END-- [ RunTime:0.001298s ]

[ 2015-10-04T18:15:54+08:00 ] 127.0.0.1 /SCDA/admin.php/Admin/detail/studentID/responsive-nav.css
INFO: [ route_check ] --START--
INFO: CheckRoute Behavior ::run [ RunTime:0.002116s ]
INFO: [ route_check ] --END-- [ RunTime:0.002344s ]
INFO: [ app_begin ] --START--
INFO: ReadHtmlCache Behavior ::run [ RunTime:0.001515s ]
INFO: [ app_begin ] --END-- [ RunTime:0.001774s ]
SQL: SHOW COLUMNS FROM `hd_student` [ RunTime:0.009200s ]
NOTIC: [8] Undefined index: studentID F:\wamp\www\SCDA\Admin\Lib\Action\AdminAction.class.php 第 27 行.
SQL: SELECT * FROM `hd_student` LIMIT 1   [ RunTime:0.000935s ]
INFO: [ view_parse ] --START--
INFO: ParseTemplate Behavior ::run [ RunTime:0.016976s ]
INFO: [ view_parse ] --END-- [ RunTime:0.017224s ]
INFO: [ view_filter ] --START--
INFO: ContentReplace Behavior ::run [ RunTime:0.002453s ]
INFO: TokenBuild Behavior ::run [ RunTime:0.001146s ]
INFO: WriteHtmlCache Behavior ::run [ RunTime:0.001208s ]
INFO: ShowRuntime Behavior ::run [ RunTime:0.001300s ]
INFO: [ view_filter ] --END-- [ RunTime:0.006662s ]
INFO: [ view_end ] --START--
INFO: ShowPageTrace Behavior ::run [ RunTime:0.001228s ]
INFO: [ view_end ] --END-- [ RunTime:0.001409s ]

[ 2015-10-04T18:18:11+08:00 ] 127.0.0.1 /SCDA/admin.php/
INFO: [ route_check ] --START--
INFO: CheckRoute Behavior ::run [ RunTime:0.001004s ]
INFO: [ route_check ] --END-- [ RunTime:0.001164s ]
INFO: [ app_begin ] --START--
INFO: ReadHtmlCache Behavior ::run [ RunTime:0.000873s ]
INFO: [ app_begin ] --END-- [ RunTime:0.001021s ]

[ 2015-10-04T18:18:11+08:00 ] 127.0.0.1 /SCDA/admin.php/Login/login.html
INFO: [ route_check ] --START--
INFO: CheckRoute Behavior ::run [ RunTime:0.001896s ]
INFO: [ route_check ] --END-- [ RunTime:0.002138s ]
INFO: [ app_begin ] --START--
INFO: ReadHtmlCache Behavior ::run [ RunTime:0.001131s ]
INFO: [ app_begin ] --END-- [ RunTime:0.001326s ]
INFO: [ view_parse ] --START--
NOTIC: [8] Undefined variable: data F:\wamp\www\SCDA\Admin\Runtime\Cache\27e9c4fddbdacc085a84cce69c1ba206.php 第 50 行.
NOTIC: [8] Undefined variable: data F:\wamp\www\SCDA\Admin\Runtime\Cache\27e9c4fddbdacc085a84cce69c1ba206.php 第 54 行.
INFO: ParseTemplate Behavior ::run [ RunTime:0.011041s ]
INFO: [ view_parse ] --END-- [ RunTime:0.011272s ]
INFO: [ view_filter ] --START--
INFO: ContentReplace Behavior ::run [ RunTime:0.001113s ]
INFO: TokenBuild Behavior ::run [ RunTime:0.001181s ]
INFO: WriteHtmlCache Behavior ::run [ RunTime:0.001282s ]
INFO: ShowRuntime Behavior ::run [ RunTime:0.001511s ]
INFO: [ view_filter ] --END-- [ RunTime:0.005699s ]
INFO: [ view_end ] --START--
INFO: ShowPageTrace Behavior ::run [ RunTime:0.001241s ]
INFO: [ view_end ] --END-- [ RunTime:0.001432s ]

[ 2015-10-04T18:18:11+08:00 ] 127.0.0.1 /SCDA/admin.php/Login/responsive-nav.css
INFO: [ route_check ] --START--
INFO: CheckRoute Behavior ::run [ RunTime:0.001292s ]
INFO: [ route_check ] --END-- [ RunTime:0.001521s ]
INFO: [ app_begin ] --START--
INFO: ReadHtmlCache Behavior ::run [ RunTime:0.001755s ]
INFO: [ app_begin ] --END-- [ RunTime:0.001941s ]
ERR: 非法操作:responsive-nav.css

[ 2015-10-04T18:18:28+08:00 ] 127.0.0.1 /SCDA/admin.php/Login/login.html
INFO: [ route_check ] --START--
INFO: CheckRoute Behavior ::run [ RunTime:0.001305s ]
INFO: [ route_check ] --END-- [ RunTime:0.001515s ]
INFO: [ app_begin ] --START--
INFO: ReadHtmlCache Behavior ::run [ RunTime:0.001140s ]
INFO: [ app_begin ] --END-- [ RunTime:0.001301s ]
INFO: [ view_parse ] --START--
NOTIC: [8] Undefined variable: data F:\wamp\www\SCDA\Admin\Runtime\Cache\27e9c4fddbdacc085a84cce69c1ba206.php 第 50 行.
NOTIC: [8] Undefined variable: data F:\wamp\www\SCDA\Admin\Runtime\Cache\27e9c4fddbdacc085a84cce69c1ba206.php 第 54 行.
INFO: ParseTemplate Behavior ::run [ RunTime:0.011375s ]
INFO: [ view_parse ] --END-- [ RunTime:0.011566s ]
INFO: [ view_filter ] --START--
INFO: ContentReplace Behavior ::run [ RunTime:0.000583s ]
INFO: TokenBuild Behavior ::run [ RunTime:0.000654s ]
INFO: WriteHtmlCache Behavior ::run [ RunTime:0.000374s ]
INFO: ShowRuntime Behavior ::run [ RunTime:0.000603s ]
INFO: [ view_filter ] --END-- [ RunTime:0.002557s ]
INFO: [ view_end ] --START--
INFO: ShowPageTrace Behavior ::run [ RunTime:0.000657s ]
INFO: [ view_end ] --END-- [ RunTime:0.000761s ]

[ 2015-10-04T18:18:28+08:00 ] 127.0.0.1 /SCDA/admin.php/Login/responsive-nav.css
INFO: [ route_check ] --START--
INFO: CheckRoute Behavior ::run [ RunTime:0.002031s ]
INFO: [ route_check ] --END-- [ RunTime:0.002255s ]
INFO: [ app_begin ] --START--
INFO: ReadHtmlCache Behavior ::run [ RunTime:0.002051s ]
INFO: [ app_begin ] --END-- [ RunTime:0.002267s ]
ERR: 非法操作:responsive-nav.css

[ 2015-10-04T18:18:40+08:00 ] 127.0.0.1 /SCDA/admin.php/Login/doLogin
INFO: [ route_check ] --START--
INFO: CheckRoute Behavior ::run [ RunTime:0.001867s ]
INFO: [ route_check ] --END-- [ RunTime:0.002090s ]
INFO: [ app_begin ] --START--
INFO: ReadHtmlCache Behavior ::run [ RunTime:0.001302s ]
INFO: [ app_begin ] --END-- [ RunTime:0.001513s ]
SQL: SHOW COLUMNS FROM `hd_user` [ RunTime:0.009959s ]
SQL: SELECT COUNT(*) AS tp_count FROM `hd_user` WHERE ( `username` = 'scda' ) AND ( `password` = 'SCDAnet061122' ) LIMIT 1   [ RunTime:0.000604s ]
NOTIC: [8] Undefined index: username F:\wamp\www\SCDA\Admin\Lib\Action\LoginAction.class.php 第 19 行.
INFO: [ view_parse ] --START--
INFO: ParseTemplate Behavior ::run [ RunTime:0.013805s ]
INFO: [ view_parse ] --END-- [ RunTime:0.014029s ]
INFO: [ view_filter ] --START--
INFO: ContentReplace Behavior ::run [ RunTime:0.001068s ]
INFO: TokenBuild Behavior ::run [ RunTime:0.000878s ]
INFO: WriteHtmlCache Behavior ::run [ RunTime:0.000582s ]
INFO: ShowRuntime Behavior ::run [ RunTime:0.000844s ]
INFO: [ view_filter ] --END-- [ RunTime:0.003942s ]
INFO: [ view_end ] --START--
INFO: ShowPageTrace Behavior ::run [ RunTime:0.000936s ]
INFO: [ view_end ] --END-- [ RunTime:0.001082s ]

[ 2015-10-04T18:18:41+08:00 ] 127.0.0.1 /SCDA/admin.php/Admin/admin.html
INFO: [ route_check ] --START--
INFO: CheckRoute Behavior ::run [ RunTime:0.006666s ]
INFO: [ route_check ] --END-- [ RunTime:0.006816s ]
INFO: [ app_begin ] --START--
INFO: ReadHtmlCache Behavior ::run [ RunTime:0.001034s ]
INFO: [ app_begin ] --END-- [ RunTime:0.001155s ]
SQL: SHOW COLUMNS FROM `hd_student` [ RunTime:0.005991s ]
SQL: SELECT * FROM `hd_student`  [ RunTime:0.000801s ]
SQL: SELECT COUNT(*) AS tp_count FROM `hd_student` LIMIT 1   [ RunTime:0.000585s ]
INFO: [ view_parse ] --START--
NOTIC: [8] Undefined variable: meeting F:\wamp\www\SCDA\Admin\Runtime\Cache\452b9d0b59a67b87b47e419eddde234d.php 第 102 行.
NOTIC: [8] Undefined index: id F:\wamp\www\SCDA\Admin\Runtime\Cache\452b9d0b59a67b87b47e419eddde234d.php 第 123 行.
NOTIC: [8] Undefined index: id F:\wamp\www\SCDA\Admin\Runtime\Cache\452b9d0b59a67b87b47e419eddde234d.php 第 123 行.
NOTIC: [8] Undefined index: id F:\wamp\www\SCDA\Admin\Runtime\Cache\452b9d0b59a67b87b47e419eddde234d.php 第 123 行.
NOTIC: [8] Undefined index: id F:\wamp\www\SCDA\Admin\Runtime\Cache\452b9d0b59a67b87b47e419eddde234d.php 第 123 行.
NOTIC: [8] Undefined index: id F:\wamp\www\SCDA\Admin\Runtime\Cache\452b9d0b59a67b87b47e419eddde234d.php 第 123 行.
NOTIC: [8] Undefined index: id F:\wamp\www\SCDA\Admin\Runtime\Cache\452b9d0b59a67b87b47e419eddde234d.php 第 123 行.
NOTIC: [8] Undefined index: id F:\wamp\www\SCDA\Admin\Runtime\Cache\452b9d0b59a67b87b47e419eddde234d.php 第 123 行.
NOTIC: [8] Undefined index: id F:\wamp\www\SCDA\Admin\Runtime\Cache\452b9d0b59a67b87b47e419eddde234d.php 第 123 行.
NOTIC: [8] Undefined index: id F:\wamp\www\SCDA\Admin\Runtime\Cache\452b9d0b59a67b87b47e419eddde234d.php 第 123 行.
NOTIC: [8] Undefined index: id F:\wamp\www\SCDA\Admin\Runtime\Cache\452b9d0b59a67b87b47e419eddde234d.php 第 123 行.
NOTIC: [8] Undefined index: id F:\wamp\www\SCDA\Admin\Runtime\Cache\452b9d0b59a67b87b47e419eddde234d.php 第 123 行.
NOTIC: [8] Undefined index: id F:\wamp\www\SCDA\Admin\Runtime\Cache\452b9d0b59a67b87b47e419eddde234d.php 第 123 行.
NOTIC: [8] Undefined index: id F:\wamp\www\SCDA\Admin\Runtime\Cache\452b9d0b59a67b87b47e419eddde234d.php 第 123 行.
NOTIC: [8] Undefined index: id F:\wamp\www\SCDA\Admin\Runtime\Cache\452b9d0b59a67b87b47e419eddde234d.php 第 123 行.
NOTIC: [8] Undefined index: id F:\wamp\www\SCDA\Admin\Runtime\Cache\452b9d0b59a67b87b47e419eddde234d.php 第 123 行.
NOTIC: [8] Undefined index: id F:\wamp\www\SCDA\Admin\Runtime\Cache\452b9d0b59a67b87b47e419eddde234d.php 第 123 行.
NOTIC: [8] Undefined index: id F:\wamp\www\SCDA\Admin\Runtime\Cache\452b9d0b59a67b87b47e419eddde234d.php 第 123 行.
NOTIC: [8] Undefined index: id F:\wamp\www\SCDA\Admin\Runtime\Cache\452b9d0b59a67b87b47e419eddde234d.php 第 123 行.
NOTIC: [8] Undefined index: id F:\wamp\www\SCDA\Admin\Runtime\Cache\452b9d0b59a67b87b47e419eddde234d.php 第 123 行.
NOTIC: [8] Undefined index: id F:\wamp\www\SCDA\Admin\Runtime\Cache\452b9d0b59a67b87b47e419eddde234d.php 第 123 行.
NOTIC: [8] Undefined index: id F:\wamp\www\SCDA\Admin\Runtime\Cache\452b9d0b59a67b87b47e419eddde234d.php 第 123 行.
NOTIC: [8] Undefined index: id F:\wamp\www\SCDA\Admin\Runtime\Cache\452b9d0b59a67b87b47e419eddde234d.php 第 123 行.
NOTIC: [8] Undefined index: id F:\wamp\www\SCDA\Admin\Runtime\Cache\452b9d0b59a67b87b47e419eddde234d.php 第 123 行.
NOTIC: [8] Undefined index: id F:\wamp\www\SCDA\Admin\Runtime\Cache\452b9d0b59a67b87b47e419eddde234d.php 第 123 行.
NOTIC: [8] Undefined index: id F:\wamp\www\SCDA\Admin\Runtime\Cache\452b9d0b59a67b87b47e419eddde234d.php 第 123 行.
INFO: ParseTemplate Behavior ::run [ RunTime:0.035006s ]
INFO: [ view_parse ] --END-- [ RunTime:0.035210s ]
INFO: [ view_filter ] --START--
INFO: ContentReplace Behavior ::run [ RunTime:0.001027s ]
INFO: TokenBuild Behavior ::run [ RunTime:0.001088s ]
INFO: WriteHtmlCache Behavior ::run [ RunTime:0.000808s ]
INFO: ShowRuntime Behavior ::run [ RunTime:0.001122s ]
INFO: [ view_filter ] --END-- [ RunTime:0.004556s ]
INFO: [ view_end ] --START--
INFO: ShowPageTrace Behavior ::run [ RunTime:0.000998s ]
INFO: [ view_end ] --END-- [ RunTime:0.001170s ]

[ 2015-10-04T18:18:41+08:00 ] 127.0.0.1 /SCDA/admin.php/Admin/responsive-nav.css
INFO: [ route_check ] --START--
INFO: CheckRoute Behavior ::run [ RunTime:0.032274s ]
INFO: [ route_check ] --END-- [ RunTime:0.032662s ]
INFO: [ app_begin ] --START--
INFO: ReadHtmlCache Behavior ::run [ RunTime:0.001366s ]
INFO: [ app_begin ] --END-- [ RunTime:0.001567s ]
ERR: 非法操作:responsive-nav.css

[ 2015-10-04T18:18:45+08:00 ] 127.0.0.1 /SCDA/admin.php/Admin/detail/studentID/2
INFO: [ route_check ] --START--
INFO: CheckRoute Behavior ::run [ RunTime:0.000973s ]
INFO: [ route_check ] --END-- [ RunTime:0.001115s ]
INFO: [ app_begin ] --START--
INFO: ReadHtmlCache Behavior ::run [ RunTime:0.001749s ]
INFO: [ app_begin ] --END-- [ RunTime:0.002053s ]
SQL: SHOW COLUMNS FROM `hd_student` [ RunTime:0.007762s ]
SQL: SELECT * FROM `hd_student` WHERE ( `studentID` = 2 ) LIMIT 1   [ RunTime:0.000696s ]
INFO: [ view_parse ] --START--
INFO: ParseTemplate Behavior ::run [ RunTime:0.015984s ]
INFO: [ view_parse ] --END-- [ RunTime:0.016185s ]
INFO: [ view_filter ] --START--
INFO: ContentReplace Behavior ::run [ RunTime:0.001431s ]
INFO: TokenBuild Behavior ::run [ RunTime:0.000915s ]
INFO: WriteHtmlCache Behavior ::run [ RunTime:0.000729s ]
INFO: ShowRuntime Behavior ::run [ RunTime:0.000789s ]
INFO: [ view_filter ] --END-- [ RunTime:0.004327s ]
INFO: [ view_end ] --START--
INFO: ShowPageTrace Behavior ::run [ RunTime:0.000790s ]
INFO: [ view_end ] --END-- [ RunTime:0.000937s ]

[ 2015-10-04T18:18:45+08:00 ] 127.0.0.1 /SCDA/admin.php/Admin/detail/studentID/responsive-nav.css
INFO: [ route_check ] --START--
INFO: CheckRoute Behavior ::run [ RunTime:0.001713s ]
INFO: [ route_check ] --END-- [ RunTime:0.001937s ]
INFO: [ app_begin ] --START--
INFO: ReadHtmlCache Behavior ::run [ RunTime:0.001104s ]
INFO: [ app_begin ] --END-- [ RunTime:0.001283s ]
SQL: SHOW COLUMNS FROM `hd_student` [ RunTime:0.006451s ]
SQL: SELECT * FROM `hd_student` WHERE ( `studentID` = 0 ) LIMIT 1   [ RunTime:0.000953s ]
INFO: [ view_parse ] --START--
INFO: ParseTemplate Behavior ::run [ RunTime:0.020371s ]
INFO: [ view_parse ] --END-- [ RunTime:0.020608s ]
INFO: [ view_filter ] --START--
INFO: ContentReplace Behavior ::run [ RunTime:0.000848s ]
INFO: TokenBuild Behavior ::run [ RunTime:0.000710s ]
INFO: WriteHtmlCache Behavior ::run [ RunTime:0.000702s ]
INFO: ShowRuntime Behavior ::run [ RunTime:0.000863s ]
INFO: [ view_filter ] --END-- [ RunTime:0.003509s ]
INFO: [ view_end ] --START--
INFO: ShowPageTrace Behavior ::run [ RunTime:0.000868s ]
INFO: [ view_end ] --END-- [ RunTime:0.001031s ]

[ 2015-10-04T18:21:16+08:00 ] 127.0.0.1 /SCDA/admin.php/Admin/admin.html
INFO: [ route_check ] --START--
INFO: CheckRoute Behavior ::run [ RunTime:0.001141s ]
INFO: [ route_check ] --END-- [ RunTime:0.001302s ]
INFO: [ app_begin ] --START--
INFO: ReadHtmlCache Behavior ::run [ RunTime:0.001558s ]
INFO: [ app_begin ] --END-- [ RunTime:0.001732s ]
SQL: SHOW COLUMNS FROM `hd_student` [ RunTime:0.007243s ]
SQL: SELECT * FROM `hd_student`  [ RunTime:0.001222s ]
SQL: SELECT COUNT(*) AS tp_count FROM `hd_student` LIMIT 1   [ RunTime:0.000409s ]
INFO: [ view_parse ] --START--
NOTIC: [8] Undefined variable: meeting F:\wamp\www\SCDA\Admin\Runtime\Cache\452b9d0b59a67b87b47e419eddde234d.php 第 102 行.
NOTIC: [8] Undefined index: id F:\wamp\www\SCDA\Admin\Runtime\Cache\452b9d0b59a67b87b47e419eddde234d.php 第 123 行.
NOTIC: [8] Undefined index: id F:\wamp\www\SCDA\Admin\Runtime\Cache\452b9d0b59a67b87b47e419eddde234d.php 第 123 行.
NOTIC: [8] Undefined index: id F:\wamp\www\SCDA\Admin\Runtime\Cache\452b9d0b59a67b87b47e419eddde234d.php 第 123 行.
NOTIC: [8] Undefined index: id F:\wamp\www\SCDA\Admin\Runtime\Cache\452b9d0b59a67b87b47e419eddde234d.php 第 123 行.
NOTIC: [8] Undefined index: id F:\wamp\www\SCDA\Admin\Runtime\Cache\452b9d0b59a67b87b47e419eddde234d.php 第 123 行.
NOTIC: [8] Undefined index: id F:\wamp\www\SCDA\Admin\Runtime\Cache\452b9d0b59a67b87b47e419eddde234d.php 第 123 行.
NOTIC: [8] Undefined index: id F:\wamp\www\SCDA\Admin\Runtime\Cache\452b9d0b59a67b87b47e419eddde234d.php 第 123 行.
NOTIC: [8] Undefined index: id F:\wamp\www\SCDA\Admin\Runtime\Cache\452b9d0b59a67b87b47e419eddde234d.php 第 123 行.
NOTIC: [8] Undefined index: id F:\wamp\www\SCDA\Admin\Runtime\Cache\452b9d0b59a67b87b47e419eddde234d.php 第 123 行.
NOTIC: [8] Undefined index: id F:\wamp\www\SCDA\Admin\Runtime\Cache\452b9d0b59a67b87b47e419eddde234d.php 第 123 行.
NOTIC: [8] Undefined index: id F:\wamp\www\SCDA\Admin\Runtime\Cache\452b9d0b59a67b87b47e419eddde234d.php 第 123 行.
NOTIC: [8] Undefined index: id F:\wamp\www\SCDA\Admin\Runtime\Cache\452b9d0b59a67b87b47e419eddde234d.php 第 123 行.
NOTIC: [8] Undefined index: id F:\wamp\www\SCDA\Admin\Runtime\Cache\452b9d0b59a67b87b47e419eddde234d.php 第 123 行.
NOTIC: [8] Undefined index: id F:\wamp\www\SCDA\Admin\Runtime\Cache\452b9d0b59a67b87b47e419eddde234d.php 第 123 行.
NOTIC: [8] Undefined index: id F:\wamp\www\SCDA\Admin\Runtime\Cache\452b9d0b59a67b87b47e419eddde234d.php 第 123 行.
NOTIC: [8] Undefined index: id F:\wamp\www\SCDA\Admin\Runtime\Cache\452b9d0b59a67b87b47e419eddde234d.php 第 123 行.
NOTIC: [8] Undefined index: id F:\wamp\www\SCDA\Admin\Runtime\Cache\452b9d0b59a67b87b47e419eddde234d.php 第 123 行.
NOTIC: [8] Undefined index: id F:\wamp\www\SCDA\Admin\Runtime\Cache\452b9d0b59a67b87b47e419eddde234d.php 第 123 行.
NOTIC: [8] Undefined index: id F:\wamp\www\SCDA\Admin\Runtime\Cache\452b9d0b59a67b87b47e419eddde234d.php 第 123 行.
NOTIC: [8] Undefined index: id F:\wamp\www\SCDA\Admin\Runtime\Cache\452b9d0b59a67b87b47e419eddde234d.php 第 123 行.
NOTIC: [8] Undefined index: id F:\wamp\www\SCDA\Admin\Runtime\Cache\452b9d0b59a67b87b47e419eddde234d.php 第 123 行.
NOTIC: [8] Undefined index: id F:\wamp\www\SCDA\Admin\Runtime\Cache\452b9d0b59a67b87b47e419eddde234d.php 第 123 行.
NOTIC: [8] Undefined index: id F:\wamp\www\SCDA\Admin\Runtime\Cache\452b9d0b59a67b87b47e419eddde234d.php 第 123 行.
NOTIC: [8] Undefined index: id F:\wamp\www\SCDA\Admin\Runtime\Cache\452b9d0b59a67b87b47e419eddde234d.php 第 123 行.
NOTIC: [8] Undefined index: id F:\wamp\www\SCDA\Admin\Runtime\Cache\452b9d0b59a67b87b47e419eddde234d.php 第 123 行.
INFO: ParseTemplate Behavior ::run [ RunTime:0.017421s ]
INFO: [ view_parse ] --END-- [ RunTime:0.017554s ]
INFO: [ view_filter ] --START--
INFO: ContentReplace Behavior ::run [ RunTime:0.000918s ]
INFO: TokenBuild Behavior ::run [ RunTime:0.000781s ]
INFO: WriteHtmlCache Behavior ::run [ RunTime:0.000630s ]
INFO: ShowRuntime Behavior ::run [ RunTime:0.001337s ]
INFO: [ view_filter ] --END-- [ RunTime:0.004133s ]
INFO: [ view_end ] --START--
INFO: ShowPageTrace Behavior ::run [ RunTime:0.000937s ]
INFO: [ view_end ] --END-- [ RunTime:0.001079s ]

[ 2015-10-04T18:21:16+08:00 ] 127.0.0.1 /SCDA/admin.php/Admin/responsive-nav.css
INFO: [ route_check ] --START--
INFO: CheckRoute Behavior ::run [ RunTime:0.001577s ]
INFO: [ route_check ] --END-- [ RunTime:0.001793s ]
INFO: [ app_begin ] --START--
INFO: ReadHtmlCache Behavior ::run [ RunTime:0.001377s ]
INFO: [ app_begin ] --END-- [ RunTime:0.001748s ]
ERR: 非法操作:responsive-nav.css

[ 2015-10-04T18:21:23+08:00 ] 127.0.0.1 /SCDA/admin.php/Admin/detail/studentID/25
INFO: [ route_check ] --START--
INFO: CheckRoute Behavior ::run [ RunTime:0.001824s ]
INFO: [ route_check ] --END-- [ RunTime:0.002054s ]
INFO: [ app_begin ] --START--
INFO: ReadHtmlCache Behavior ::run [ RunTime:0.001216s ]
INFO: [ app_begin ] --END-- [ RunTime:0.001400s ]
SQL: SHOW COLUMNS FROM `hd_student` [ RunTime:0.007990s ]
SQL: SELECT * FROM `hd_student` WHERE ( `studentID` = 25 ) LIMIT 1   [ RunTime:0.000836s ]
INFO: [ view_parse ] --START--
INFO: ParseTemplate Behavior ::run [ RunTime:0.015662s ]
INFO: [ view_parse ] --END-- [ RunTime:0.016060s ]
INFO: [ view_filter ] --START--
INFO: ContentReplace Behavior ::run [ RunTime:0.001031s ]
INFO: TokenBuild Behavior ::run [ RunTime:0.000761s ]
INFO: WriteHtmlCache Behavior ::run [ RunTime:0.000549s ]
INFO: ShowRuntime Behavior ::run [ RunTime:0.001318s ]
INFO: [ view_filter ] --END-- [ RunTime:0.004086s ]
INFO: [ view_end ] --START--
INFO: ShowPageTrace Behavior ::run [ RunTime:0.001033s ]
INFO: [ view_end ] --END-- [ RunTime:0.001180s ]

[ 2015-10-04T18:21:23+08:00 ] 127.0.0.1 /SCDA/admin.php/Admin/detail/studentID/responsive-nav.css
INFO: [ route_check ] --START--
INFO: CheckRoute Behavior ::run [ RunTime:0.006201s ]
INFO: [ route_check ] --END-- [ RunTime:0.007397s ]
INFO: [ app_begin ] --START--
INFO: ReadHtmlCache Behavior ::run [ RunTime:0.001203s ]
INFO: [ app_begin ] --END-- [ RunTime:0.001693s ]
SQL: SHOW COLUMNS FROM `hd_student` [ RunTime:0.009957s ]
SQL: SELECT * FROM `hd_student` WHERE ( `studentID` = 0 ) LIMIT 1   [ RunTime:0.001834s ]
INFO: [ view_parse ] --START--
INFO: ParseTemplate Behavior ::run [ RunTime:0.019733s ]
INFO: [ view_parse ] --END-- [ RunTime:0.019935s ]
INFO: [ view_filter ] --START--
INFO: ContentReplace Behavior ::run [ RunTime:0.000786s ]
INFO: TokenBuild Behavior ::run [ RunTime:0.001292s ]
INFO: WriteHtmlCache Behavior ::run [ RunTime:0.000511s ]
INFO: ShowRuntime Behavior ::run [ RunTime:0.000734s ]
INFO: [ view_filter ] --END-- [ RunTime:0.003693s ]
INFO: [ view_end ] --START--
INFO: ShowPageTrace Behavior ::run [ RunTime:0.001113s ]
INFO: [ view_end ] --END-- [ RunTime:0.001299s ]

[ 2015-10-04T18:41:54+08:00 ] 127.0.0.1 /SCDA/admin.php/Admin/detail/studentID/25
INFO: [ route_check ] --START--
INFO: CheckRoute Behavior ::run [ RunTime:0.001280s ]
INFO: [ route_check ] --END-- [ RunTime:0.001493s ]
INFO: [ app_begin ] --START--
INFO: ReadHtmlCache Behavior ::run [ RunTime:0.001091s ]
INFO: [ app_begin ] --END-- [ RunTime:0.001284s ]
SQL: SHOW COLUMNS FROM `hd_student` [ RunTime:0.008102s ]
SQL: SELECT * FROM `hd_student` WHERE ( `studentID` = 25 ) LIMIT 1   [ RunTime:0.000865s ]
INFO: [ view_parse ] --START--
INFO: ParseTemplate Behavior ::run [ RunTime:0.016076s ]
INFO: [ view_parse ] --END-- [ RunTime:0.016303s ]
INFO: [ view_filter ] --START--
INFO: ContentReplace Behavior ::run [ RunTime:0.000848s ]
INFO: TokenBuild Behavior ::run [ RunTime:0.000818s ]
INFO: WriteHtmlCache Behavior ::run [ RunTime:0.000702s ]
INFO: ShowRuntime Behavior ::run [ RunTime:0.001089s ]
INFO: [ view_filter ] --END-- [ RunTime:0.003885s ]
INFO: [ view_end ] --START--
INFO: ShowPageTrace Behavior ::run [ RunTime:0.000891s ]
INFO: [ view_end ] --END-- [ RunTime:0.001004s ]

[ 2015-10-04T18:41:54+08:00 ] 127.0.0.1 /SCDA/admin.php/Admin/detail/studentID/responsive-nav.css
INFO: [ route_check ] --START--
INFO: CheckRoute Behavior ::run [ RunTime:0.001338s ]
INFO: [ route_check ] --END-- [ RunTime:0.001576s ]
INFO: [ app_begin ] --START--
INFO: ReadHtmlCache Behavior ::run [ RunTime:0.001036s ]
INFO: [ app_begin ] --END-- [ RunTime:0.001269s ]
SQL: SHOW COLUMNS FROM `hd_student` [ RunTime:0.008619s ]
SQL: SELECT * FROM `hd_student` WHERE ( `studentID` = 0 ) LIMIT 1   [ RunTime:0.000940s ]
INFO: [ view_parse ] --START--
INFO: ParseTemplate Behavior ::run [ RunTime:0.014817s ]
INFO: [ view_parse ] --END-- [ RunTime:0.015077s ]
INFO: [ view_filter ] --START--
INFO: ContentReplace Behavior ::run [ RunTime:0.000853s ]
INFO: TokenBuild Behavior ::run [ RunTime:0.000724s ]
INFO: WriteHtmlCache Behavior ::run [ RunTime:0.000679s ]
INFO: ShowRuntime Behavior ::run [ RunTime:0.000999s ]
INFO: [ view_filter ] --END-- [ RunTime:0.003696s ]
INFO: [ view_end ] --START--
INFO: ShowPageTrace Behavior ::run [ RunTime:0.001068s ]
INFO: [ view_end ] --END-- [ RunTime:0.001235s ]

[ 2015-10-04T18:57:39+08:00 ] 127.0.0.1 /SCDA/admin.php
INFO: [ app_begin ] --START--
INFO: ReadHtmlCache Behavior ::run [ RunTime:0.001546s ]
INFO: [ app_begin ] --END-- [ RunTime:0.002045s ]

[ 2015-10-04T18:57:39+08:00 ] 127.0.0.1 /SCDA/admin.php/Login/login.html
INFO: [ route_check ] --START--
INFO: CheckRoute Behavior ::run [ RunTime:0.001897s ]
INFO: [ route_check ] --END-- [ RunTime:0.002112s ]
INFO: [ app_begin ] --START--
INFO: ReadHtmlCache Behavior ::run [ RunTime:0.002305s ]
INFO: [ app_begin ] --END-- [ RunTime:0.002520s ]
INFO: [ view_parse ] --START--
NOTIC: [8] Undefined variable: data F:\wamp\www\SCDA\Admin\Runtime\Cache\27e9c4fddbdacc085a84cce69c1ba206.php 第 50 行.
NOTIC: [8] Undefined variable: data F:\wamp\www\SCDA\Admin\Runtime\Cache\27e9c4fddbdacc085a84cce69c1ba206.php 第 54 行.
INFO: ParseTemplate Behavior ::run [ RunTime:0.016647s ]
INFO: [ view_parse ] --END-- [ RunTime:0.016968s ]
INFO: [ view_filter ] --START--
INFO: ContentReplace Behavior ::run [ RunTime:0.001150s ]
INFO: TokenBuild Behavior ::run [ RunTime:0.001014s ]
INFO: WriteHtmlCache Behavior ::run [ RunTime:0.000769s ]
INFO: ShowRuntime Behavior ::run [ RunTime:0.000941s ]
INFO: [ view_filter ] --END-- [ RunTime:0.004384s ]
INFO: [ view_end ] --START--
INFO: ShowPageTrace Behavior ::run [ RunTime:0.000930s ]
INFO: [ view_end ] --END-- [ RunTime:0.001161s ]

[ 2015-10-04T18:57:39+08:00 ] 127.0.0.1 /SCDA/admin.php/Login/responsive-nav.css
INFO: [ route_check ] --START--
INFO: CheckRoute Behavior ::run [ RunTime:0.001856s ]
INFO: [ route_check ] --END-- [ RunTime:0.002098s ]
INFO: [ app_begin ] --START--
INFO: ReadHtmlCache Behavior ::run [ RunTime:0.002835s ]
INFO: [ app_begin ] --END-- [ RunTime:0.003103s ]
ERR: 非法操作:responsive-nav.css

[ 2015-10-04T18:57:41+08:00 ] 127.0.0.1 /SCDA/admin.php/Login/doLogin
INFO: [ route_check ] --START--
INFO: CheckRoute Behavior ::run [ RunTime:0.001195s ]
INFO: [ route_check ] --END-- [ RunTime:0.001332s ]
INFO: [ app_begin ] --START--
INFO: ReadHtmlCache Behavior ::run [ RunTime:0.001106s ]
INFO: [ app_begin ] --END-- [ RunTime:0.001244s ]
SQL: SHOW COLUMNS FROM `hd_user` [ RunTime:0.008606s ]
SQL: SELECT COUNT(*) AS tp_count FROM `hd_user` WHERE ( `username` = 'scda' ) AND ( `password` = 'SCDAnet061122' ) LIMIT 1   [ RunTime:0.000564s ]
NOTIC: [8] Undefined index: username F:\wamp\www\SCDA\Admin\Lib\Action\LoginAction.class.php 第 19 行.
INFO: [ view_parse ] --START--
INFO: ParseTemplate Behavior ::run [ RunTime:0.014729s ]
INFO: [ view_parse ] --END-- [ RunTime:0.014907s ]
INFO: [ view_filter ] --START--
INFO: ContentReplace Behavior ::run [ RunTime:0.000789s ]
INFO: TokenBuild Behavior ::run [ RunTime:0.000887s ]
INFO: WriteHtmlCache Behavior ::run [ RunTime:0.000730s ]
INFO: ShowRuntime Behavior ::run [ RunTime:0.000856s ]
INFO: [ view_filter ] --END-- [ RunTime:0.003631s ]
INFO: [ view_end ] --START--
INFO: ShowPageTrace Behavior ::run [ RunTime:0.000999s ]
INFO: [ view_end ] --END-- [ RunTime:0.001153s ]

[ 2015-10-04T18:57:42+08:00 ] 127.0.0.1 /SCDA/admin.php/Admin/admin.html
INFO: [ route_check ] --START--
INFO: CheckRoute Behavior ::run [ RunTime:0.001445s ]
INFO: [ route_check ] --END-- [ RunTime:0.001639s ]
INFO: [ app_begin ] --START--
INFO: ReadHtmlCache Behavior ::run [ RunTime:0.000839s ]
INFO: [ app_begin ] --END-- [ RunTime:0.000965s ]
SQL: SHOW COLUMNS FROM `hd_student` [ RunTime:0.007656s ]
SQL: SELECT * FROM `hd_student`  [ RunTime:0.001048s ]
SQL: SELECT COUNT(*) AS tp_count FROM `hd_student` LIMIT 1   [ RunTime:0.000355s ]
INFO: [ view_parse ] --START--
NOTIC: [8] Undefined variable: meeting F:\wamp\www\SCDA\Admin\Runtime\Cache\452b9d0b59a67b87b47e419eddde234d.php 第 102 行.
NOTIC: [8] Undefined index: id F:\wamp\www\SCDA\Admin\Runtime\Cache\452b9d0b59a67b87b47e419eddde234d.php 第 123 行.
NOTIC: [8] Undefined index: id F:\wamp\www\SCDA\Admin\Runtime\Cache\452b9d0b59a67b87b47e419eddde234d.php 第 123 行.
NOTIC: [8] Undefined index: id F:\wamp\www\SCDA\Admin\Runtime\Cache\452b9d0b59a67b87b47e419eddde234d.php 第 123 行.
NOTIC: [8] Undefined index: id F:\wamp\www\SCDA\Admin\Runtime\Cache\452b9d0b59a67b87b47e419eddde234d.php 第 123 行.
NOTIC: [8] Undefined index: id F:\wamp\www\SCDA\Admin\Runtime\Cache\452b9d0b59a67b87b47e419eddde234d.php 第 123 行.
NOTIC: [8] Undefined index: id F:\wamp\www\SCDA\Admin\Runtime\Cache\452b9d0b59a67b87b47e419eddde234d.php 第 123 行.
NOTIC: [8] Undefined index: id F:\wamp\www\SCDA\Admin\Runtime\Cache\452b9d0b59a67b87b47e419eddde234d.php 第 123 行.
NOTIC: [8] Undefined index: id F:\wamp\www\SCDA\Admin\Runtime\Cache\452b9d0b59a67b87b47e419eddde234d.php 第 123 行.
NOTIC: [8] Undefined index: id F:\wamp\www\SCDA\Admin\Runtime\Cache\452b9d0b59a67b87b47e419eddde234d.php 第 123 行.
NOTIC: [8] Undefined index: id F:\wamp\www\SCDA\Admin\Runtime\Cache\452b9d0b59a67b87b47e419eddde234d.php 第 123 行.
NOTIC: [8] Undefined index: id F:\wamp\www\SCDA\Admin\Runtime\Cache\452b9d0b59a67b87b47e419eddde234d.php 第 123 行.
NOTIC: [8] Undefined index: id F:\wamp\www\SCDA\Admin\Runtime\Cache\452b9d0b59a67b87b47e419eddde234d.php 第 123 行.
NOTIC: [8] Undefined index: id F:\wamp\www\SCDA\Admin\Runtime\Cache\452b9d0b59a67b87b47e419eddde234d.php 第 123 行.
NOTIC: [8] Undefined index: id F:\wamp\www\SCDA\Admin\Runtime\Cache\452b9d0b59a67b87b47e419eddde234d.php 第 123 行.
NOTIC: [8] Undefined index: id F:\wamp\www\SCDA\Admin\Runtime\Cache\452b9d0b59a67b87b47e419eddde234d.php 第 123 行.
NOTIC: [8] Undefined index: id F:\wamp\www\SCDA\Admin\Runtime\Cache\452b9d0b59a67b87b47e419eddde234d.php 第 123 行.
NOTIC: [8] Undefined index: id F:\wamp\www\SCDA\Admin\Runtime\Cache\452b9d0b59a67b87b47e419eddde234d.php 第 123 行.
NOTIC: [8] Undefined index: id F:\wamp\www\SCDA\Admin\Runtime\Cache\452b9d0b59a67b87b47e419eddde234d.php 第 123 行.
NOTIC: [8] Undefined index: id F:\wamp\www\SCDA\Admin\Runtime\Cache\452b9d0b59a67b87b47e419eddde234d.php 第 123 行.
NOTIC: [8] Undefined index: id F:\wamp\www\SCDA\Admin\Runtime\Cache\452b9d0b59a67b87b47e419eddde234d.php 第 123 行.
NOTIC: [8] Undefined index: id F:\wamp\www\SCDA\Admin\Runtime\Cache\452b9d0b59a67b87b47e419eddde234d.php 第 123 行.
NOTIC: [8] Undefined index: id F:\wamp\www\SCDA\Admin\Runtime\Cache\452b9d0b59a67b87b47e419eddde234d.php 第 123 行.
NOTIC: [8] Undefined index: id F:\wamp\www\SCDA\Admin\Runtime\Cache\452b9d0b59a67b87b47e419eddde234d.php 第 123 行.
NOTIC: [8] Undefined index: id F:\wamp\www\SCDA\Admin\Runtime\Cache\452b9d0b59a67b87b47e419eddde234d.php 第 123 行.
NOTIC: [8] Undefined index: id F:\wamp\www\SCDA\Admin\Runtime\Cache\452b9d0b59a67b87b47e419eddde234d.php 第 123 行.
INFO: ParseTemplate Behavior ::run [ RunTime:0.022943s ]
INFO: [ view_parse ] --END-- [ RunTime:0.023129s ]
INFO: [ view_filter ] --START--
INFO: ContentReplace Behavior ::run [ RunTime:0.001137s ]
INFO: TokenBuild Behavior ::run [ RunTime:0.000993s ]
INFO: WriteHtmlCache Behavior ::run [ RunTime:0.000662s ]
INFO: ShowRuntime Behavior ::run [ RunTime:0.000973s ]
INFO: [ view_filter ] --END-- [ RunTime:0.004193s ]
INFO: [ view_end ] --START--
INFO: ShowPageTrace Behavior ::run [ RunTime:0.001027s ]
INFO: [ view_end ] --END-- [ RunTime:0.001206s ]

[ 2015-10-04T18:57:42+08:00 ] 127.0.0.1 /SCDA/admin.php/Admin/responsive-nav.css
INFO: [ route_check ] --START--
INFO: CheckRoute Behavior ::run [ RunTime:0.001499s ]
INFO: [ route_check ] --END-- [ RunTime:0.001756s ]
INFO: [ app_begin ] --START--
INFO: ReadHtmlCache Behavior ::run [ RunTime:0.001494s ]
INFO: [ app_begin ] --END-- [ RunTime:0.001746s ]
ERR: 非法操作:responsive-nav.css

[ 2015-10-04T18:57:48+08:00 ] 127.0.0.1 /SCDA/admin.php/Login/login.html
INFO: [ route_check ] --START--
INFO: CheckRoute Behavior ::run [ RunTime:0.001313s ]
INFO: [ route_check ] --END-- [ RunTime:0.001456s ]
INFO: [ app_begin ] --START--
INFO: ReadHtmlCache Behavior ::run [ RunTime:0.001138s ]
INFO: [ app_begin ] --END-- [ RunTime:0.001314s ]
INFO: [ view_parse ] --START--
NOTIC: [8] Undefined variable: data F:\wamp\www\SCDA\Admin\Runtime\Cache\27e9c4fddbdacc085a84cce69c1ba206.php 第 50 行.
NOTIC: [8] Undefined variable: data F:\wamp\www\SCDA\Admin\Runtime\Cache\27e9c4fddbdacc085a84cce69c1ba206.php 第 54 行.
INFO: ParseTemplate Behavior ::run [ RunTime:0.013825s ]
INFO: [ view_parse ] --END-- [ RunTime:0.014218s ]
INFO: [ view_filter ] --START--
INFO: ContentReplace Behavior ::run [ RunTime:0.001743s ]
INFO: TokenBuild Behavior ::run [ RunTime:0.002061s ]
INFO: WriteHtmlCache Behavior ::run [ RunTime:0.000988s ]
INFO: ShowRuntime Behavior ::run [ RunTime:0.000979s ]
INFO: [ view_filter ] --END-- [ RunTime:0.006317s ]
INFO: [ view_end ] --START--
INFO: ShowPageTrace Behavior ::run [ RunTime:0.001112s ]
INFO: [ view_end ] --END-- [ RunTime:0.001259s ]

[ 2015-10-04T18:57:48+08:00 ] 127.0.0.1 /SCDA/admin.php/Login/responsive-nav.css
INFO: [ route_check ] --START--
INFO: CheckRoute Behavior ::run [ RunTime:0.001564s ]
INFO: [ route_check ] --END-- [ RunTime:0.001800s ]
INFO: [ app_begin ] --START--
INFO: ReadHtmlCache Behavior ::run [ RunTime:0.001376s ]
INFO: [ app_begin ] --END-- [ RunTime:0.001578s ]
ERR: 非法操作:responsive-nav.css

[ 2015-10-04T18:57:49+08:00 ] 127.0.0.1 /SCDA/admin.php/Login/login.html
INFO: [ route_check ] --START--
INFO: CheckRoute Behavior ::run [ RunTime:0.001378s ]
INFO: [ route_check ] --END-- [ RunTime:0.001579s ]
INFO: [ app_begin ] --START--
INFO: ReadHtmlCache Behavior ::run [ RunTime:0.001293s ]
INFO: [ app_begin ] --END-- [ RunTime:0.001441s ]
INFO: [ view_parse ] --START--
NOTIC: [8] Undefined variable: data F:\wamp\www\SCDA\Admin\Runtime\Cache\27e9c4fddbdacc085a84cce69c1ba206.php 第 50 行.
NOTIC: [8] Undefined variable: data F:\wamp\www\SCDA\Admin\Runtime\Cache\27e9c4fddbdacc085a84cce69c1ba206.php 第 54 行.
INFO: ParseTemplate Behavior ::run [ RunTime:0.013924s ]
INFO: [ view_parse ] --END-- [ RunTime:0.014080s ]
INFO: [ view_filter ] --START--
INFO: ContentReplace Behavior ::run [ RunTime:0.000812s ]
INFO: TokenBuild Behavior ::run [ RunTime:0.001104s ]
INFO: WriteHtmlCache Behavior ::run [ RunTime:0.001126s ]
INFO: ShowRuntime Behavior ::run [ RunTime:0.002388s ]
INFO: [ view_filter ] --END-- [ RunTime:0.005990s ]
INFO: [ view_end ] --START--
INFO: ShowPageTrace Behavior ::run [ RunTime:0.001392s ]
INFO: [ view_end ] --END-- [ RunTime:0.001536s ]

[ 2015-10-04T18:57:50+08:00 ] 127.0.0.1 /SCDA/admin.php/Login/responsive-nav.css
INFO: [ route_check ] --START--
INFO: CheckRoute Behavior ::run [ RunTime:0.001508s ]
INFO: [ route_check ] --END-- [ RunTime:0.001680s ]
INFO: [ app_begin ] --START--
INFO: ReadHtmlCache Behavior ::run [ RunTime:0.000907s ]
INFO: [ app_begin ] --END-- [ RunTime:0.001084s ]
ERR: 非法操作:responsive-nav.css

[ 2015-10-04T18:57:51+08:00 ] 127.0.0.1 /SCDA/admin.php/Login/doLogin
INFO: [ route_check ] --START--
INFO: CheckRoute Behavior ::run [ RunTime:0.001625s ]
INFO: [ route_check ] --END-- [ RunTime:0.001835s ]
INFO: [ app_begin ] --START--
INFO: ReadHtmlCache Behavior ::run [ RunTime:0.001423s ]
INFO: [ app_begin ] --END-- [ RunTime:0.001612s ]
SQL: SHOW COLUMNS FROM `hd_user` [ RunTime:0.006712s ]
SQL: SELECT COUNT(*) AS tp_count FROM `hd_user` WHERE ( `username` = 'scda' ) AND ( `password` = 'SCDAnet061122' ) LIMIT 1   [ RunTime:0.000508s ]
NOTIC: [8] Undefined index: username F:\wamp\www\SCDA\Admin\Lib\Action\LoginAction.class.php 第 19 行.
INFO: [ view_parse ] --START--
INFO: ParseTemplate Behavior ::run [ RunTime:0.012843s ]
INFO: [ view_parse ] --END-- [ RunTime:0.013069s ]
INFO: [ view_filter ] --START--
INFO: ContentReplace Behavior ::run [ RunTime:0.000739s ]
INFO: TokenBuild Behavior ::run [ RunTime:0.000899s ]
INFO: WriteHtmlCache Behavior ::run [ RunTime:0.000706s ]
INFO: ShowRuntime Behavior ::run [ RunTime:0.001333s ]
INFO: [ view_filter ] --END-- [ RunTime:0.004130s ]
INFO: [ view_end ] --START--
INFO: ShowPageTrace Behavior ::run [ RunTime:0.001389s ]
INFO: [ view_end ] --END-- [ RunTime:0.001634s ]

[ 2015-10-04T18:57:52+08:00 ] 127.0.0.1 /SCDA/admin.php/Admin/admin.html
INFO: [ route_check ] --START--
INFO: CheckRoute Behavior ::run [ RunTime:0.001780s ]
INFO: [ route_check ] --END-- [ RunTime:0.001992s ]
INFO: [ app_begin ] --START--
INFO: ReadHtmlCache Behavior ::run [ RunTime:0.001395s ]
INFO: [ app_begin ] --END-- [ RunTime:0.001587s ]
SQL: SHOW COLUMNS FROM `hd_student` [ RunTime:0.008501s ]
SQL: SELECT * FROM `hd_student`  [ RunTime:0.001225s ]
SQL: SELECT COUNT(*) AS tp_count FROM `hd_student` LIMIT 1   [ RunTime:0.000761s ]
INFO: [ view_parse ] --START--
NOTIC: [8] Undefined variable: meeting F:\wamp\www\SCDA\Admin\Runtime\Cache\452b9d0b59a67b87b47e419eddde234d.php 第 102 行.
NOTIC: [8] Undefined index: id F:\wamp\www\SCDA\Admin\Runtime\Cache\452b9d0b59a67b87b47e419eddde234d.php 第 123 行.
NOTIC: [8] Undefined index: id F:\wamp\www\SCDA\Admin\Runtime\Cache\452b9d0b59a67b87b47e419eddde234d.php 第 123 行.
NOTIC: [8] Undefined index: id F:\wamp\www\SCDA\Admin\Runtime\Cache\452b9d0b59a67b87b47e419eddde234d.php 第 123 行.
NOTIC: [8] Undefined index: id F:\wamp\www\SCDA\Admin\Runtime\Cache\452b9d0b59a67b87b47e419eddde234d.php 第 123 行.
NOTIC: [8] Undefined index: id F:\wamp\www\SCDA\Admin\Runtime\Cache\452b9d0b59a67b87b47e419eddde234d.php 第 123 行.
NOTIC: [8] Undefined index: id F:\wamp\www\SCDA\Admin\Runtime\Cache\452b9d0b59a67b87b47e419eddde234d.php 第 123 行.
NOTIC: [8] Undefined index: id F:\wamp\www\SCDA\Admin\Runtime\Cache\452b9d0b59a67b87b47e419eddde234d.php 第 123 行.
NOTIC: [8] Undefined index: id F:\wamp\www\SCDA\Admin\Runtime\Cache\452b9d0b59a67b87b47e419eddde234d.php 第 123 行.
NOTIC: [8] Undefined index: id F:\wamp\www\SCDA\Admin\Runtime\Cache\452b9d0b59a67b87b47e419eddde234d.php 第 123 行.
NOTIC: [8] Undefined index: id F:\wamp\www\SCDA\Admin\Runtime\Cache\452b9d0b59a67b87b47e419eddde234d.php 第 123 行.
NOTIC: [8] Undefined index: id F:\wamp\www\SCDA\Admin\Runtime\Cache\452b9d0b59a67b87b47e419eddde234d.php 第 123 行.
NOTIC: [8] Undefined index: id F:\wamp\www\SCDA\Admin\Runtime\Cache\452b9d0b59a67b87b47e419eddde234d.php 第 123 行.
NOTIC: [8] Undefined index: id F:\wamp\www\SCDA\Admin\Runtime\Cache\452b9d0b59a67b87b47e419eddde234d.php 第 123 行.
NOTIC: [8] Undefined index: id F:\wamp\www\SCDA\Admin\Runtime\Cache\452b9d0b59a67b87b47e419eddde234d.php 第 123 行.
NOTIC: [8] Undefined index: id F:\wamp\www\SCDA\Admin\Runtime\Cache\452b9d0b59a67b87b47e419eddde234d.php 第 123 行.
NOTIC: [8] Undefined index: id F:\wamp\www\SCDA\Admin\Runtime\Cache\452b9d0b59a67b87b47e419eddde234d.php 第 123 行.
NOTIC: [8] Undefined index: id F:\wamp\www\SCDA\Admin\Runtime\Cache\452b9d0b59a67b87b47e419eddde234d.php 第 123 行.
NOTIC: [8] Undefined index: id F:\wamp\www\SCDA\Admin\Runtime\Cache\452b9d0b59a67b87b47e419eddde234d.php 第 123 行.
NOTIC: [8] Undefined index: id F:\wamp\www\SCDA\Admin\Runtime\Cache\452b9d0b59a67b87b47e419eddde234d.php 第 123 行.
NOTIC: [8] Undefined index: id F:\wamp\www\SCDA\Admin\Runtime\Cache\452b9d0b59a67b87b47e419eddde234d.php 第 123 行.
NOTIC: [8] Undefined index: id F:\wamp\www\SCDA\Admin\Runtime\Cache\452b9d0b59a67b87b47e419eddde234d.php 第 123 行.
NOTIC: [8] Undefined index: id F:\wamp\www\SCDA\Admin\Runtime\Cache\452b9d0b59a67b87b47e419eddde234d.php 第 123 行.
NOTIC: [8] Undefined index: id F:\wamp\www\SCDA\Admin\Runtime\Cache\452b9d0b59a67b87b47e419eddde234d.php 第 123 行.
NOTIC: [8] Undefined index: id F:\wamp\www\SCDA\Admin\Runtime\Cache\452b9d0b59a67b87b47e419eddde234d.php 第 123 行.
NOTIC: [8] Undefined index: id F:\wamp\www\SCDA\Admin\Runtime\Cache\452b9d0b59a67b87b47e419eddde234d.php 第 123 行.
INFO: ParseTemplate Behavior ::run [ RunTime:0.021383s ]
INFO: [ view_parse ] --END-- [ RunTime:0.021685s ]
INFO: [ view_filter ] --START--
INFO: ContentReplace Behavior ::run [ RunTime:0.001139s ]
INFO: TokenBuild Behavior ::run [ RunTime:0.001070s ]
INFO: WriteHtmlCache Behavior ::run [ RunTime:0.000837s ]
INFO: ShowRuntime Behavior ::run [ RunTime:0.001138s ]
INFO: [ view_filter ] --END-- [ RunTime:0.004745s ]
INFO: [ view_end ] --START--
INFO: ShowPageTrace Behavior ::run [ RunTime:0.001346s ]
INFO: [ view_end ] --END-- [ RunTime:0.001466s ]

[ 2015-10-04T18:57:52+08:00 ] 127.0.0.1 /SCDA/admin.php/Admin/responsive-nav.css
INFO: [ route_check ] --START--
INFO: CheckRoute Behavior ::run [ RunTime:0.001339s ]
INFO: [ route_check ] --END-- [ RunTime:0.001527s ]
INFO: [ app_begin ] --START--
INFO: ReadHtmlCache Behavior ::run [ RunTime:0.001263s ]
INFO: [ app_begin ] --END-- [ RunTime:0.001443s ]
ERR: 非法操作:responsive-nav.css

