[ 2015-09-02T12:33:47+08:00 ] 127.0.0.1 /SCDA/
INFO: [ app_begin ] --START--
INFO: ReadHtmlCache Behavior ::run [ RunTime:0.001094s ]
INFO: [ app_begin ] --END-- [ RunTime:0.001265s ]
SQL: SHOW COLUMNS FROM `hd_meeting` [ RunTime:0.045060s ]
SQL: SELECT * FROM `hd_meeting`  [ RunTime:0.000501s ]

[ 2015-09-02T20:23:46+08:00 ] 127.0.0.1 /SCDA/index.php/
INFO: [ route_check ] --START--
INFO: CheckRoute Behavior ::run [ RunTime:0.000921s ]
INFO: [ route_check ] --END-- [ RunTime:0.001109s ]
INFO: [ app_begin ] --START--
INFO: ReadHtmlCache Behavior ::run [ RunTime:0.000635s ]
INFO: [ app_begin ] --END-- [ RunTime:0.000753s ]
SQL: SHOW COLUMNS FROM `hd_meeting` [ RunTime:0.006979s ]
ERR: 1146:Table 'hd_newstudent.hd_meeting' doesn't exist
 [ SQL语句 ] : SHOW COLUMNS FROM `hd_meeting`
SQL: SELECT * FROM `hd_meeting`  [ RunTime:0.000461s ]
ERR: 1146:Table 'hd_newstudent.hd_meeting' doesn't exist
 [ SQL语句 ] : SELECT * FROM `hd_meeting` 

[ 2015-09-02T20:23:56+08:00 ] 127.0.0.1 /SCDA/index.php/
INFO: [ route_check ] --START--
INFO: CheckRoute Behavior ::run [ RunTime:0.000725s ]
INFO: [ route_check ] --END-- [ RunTime:0.000845s ]
INFO: [ app_begin ] --START--
INFO: ReadHtmlCache Behavior ::run [ RunTime:0.000550s ]
INFO: [ app_begin ] --END-- [ RunTime:0.000648s ]
SQL: SHOW COLUMNS FROM `hd_meeting` [ RunTime:0.009218s ]
ERR: 1146:Table 'hd_newstudent.hd_meeting' doesn't exist
 [ SQL语句 ] : SHOW COLUMNS FROM `hd_meeting`
SQL: SELECT * FROM `hd_meeting`  [ RunTime:0.000545s ]
ERR: 1146:Table 'hd_newstudent.hd_meeting' doesn't exist
 [ SQL语句 ] : SELECT * FROM `hd_meeting` 

[ 2015-09-02T20:25:00+08:00 ] 127.0.0.1 /SCDA/
INFO: [ app_begin ] --START--
INFO: ReadHtmlCache Behavior ::run [ RunTime:0.000684s ]
INFO: [ app_begin ] --END-- [ RunTime:0.000821s ]
SQL: SHOW COLUMNS FROM `hd_meeting` [ RunTime:0.008075s ]
ERR: 1146:Table 'hd_newstudent.hd_meeting' doesn't exist
 [ SQL语句 ] : SHOW COLUMNS FROM `hd_meeting`
SQL: SELECT * FROM `hd_meeting`  [ RunTime:0.000629s ]
ERR: 1146:Table 'hd_newstudent.hd_meeting' doesn't exist
 [ SQL语句 ] : SELECT * FROM `hd_meeting` 

[ 2015-09-02T20:31:34+08:00 ] 127.0.0.1 /SCDA/
INFO: [ app_begin ] --START--
INFO: ReadHtmlCache Behavior ::run [ RunTime:0.001660s ]
INFO: [ app_begin ] --END-- [ RunTime:0.001920s ]
INFO: [ view_parse ] --START--
INFO: ParseTemplate Behavior ::run [ RunTime:0.019787s ]
INFO: [ view_parse ] --END-- [ RunTime:0.019941s ]
INFO: [ view_filter ] --START--
INFO: ContentReplace Behavior ::run [ RunTime:0.001321s ]
INFO: TokenBuild Behavior ::run [ RunTime:0.001488s ]
INFO: WriteHtmlCache Behavior ::run [ RunTime:0.001119s ]
INFO: ShowRuntime Behavior ::run [ RunTime:0.001270s ]
INFO: [ view_filter ] --END-- [ RunTime:0.005666s ]
INFO: [ view_end ] --START--
INFO: ShowPageTrace Behavior ::run [ RunTime:0.001626s ]
INFO: [ view_end ] --END-- [ RunTime:0.001808s ]

[ 2015-09-02T20:45:31+08:00 ] 127.0.0.1 /SCDA/
INFO: [ app_begin ] --START--
INFO: ReadHtmlCache Behavior ::run [ RunTime:0.000956s ]
INFO: [ app_begin ] --END-- [ RunTime:0.001112s ]
INFO: [ view_parse ] --START--
INFO: ParseTemplate Behavior ::run [ RunTime:0.017032s ]
INFO: [ view_parse ] --END-- [ RunTime:0.017180s ]
INFO: [ view_filter ] --START--
INFO: ContentReplace Behavior ::run [ RunTime:0.000861s ]
INFO: TokenBuild Behavior ::run [ RunTime:0.000810s ]
INFO: WriteHtmlCache Behavior ::run [ RunTime:0.000653s ]
INFO: ShowRuntime Behavior ::run [ RunTime:0.001348s ]
INFO: [ view_filter ] --END-- [ RunTime:0.004056s ]
INFO: [ view_end ] --START--
INFO: ShowPageTrace Behavior ::run [ RunTime:0.001302s ]
INFO: [ view_end ] --END-- [ RunTime:0.001431s ]

[ 2015-09-02T20:53:36+08:00 ] 127.0.0.1 /SCDA/
INFO: [ app_begin ] --START--
INFO: ReadHtmlCache Behavior ::run [ RunTime:0.000807s ]
INFO: [ app_begin ] --END-- [ RunTime:0.000946s ]
INFO: [ view_parse ] --START--
INFO: ParseTemplate Behavior ::run [ RunTime:0.016474s ]
INFO: [ view_parse ] --END-- [ RunTime:0.016657s ]
INFO: [ view_filter ] --START--
INFO: ContentReplace Behavior ::run [ RunTime:0.000809s ]
INFO: TokenBuild Behavior ::run [ RunTime:0.001220s ]
INFO: WriteHtmlCache Behavior ::run [ RunTime:0.000765s ]
INFO: ShowRuntime Behavior ::run [ RunTime:0.000876s ]
INFO: [ view_filter ] --END-- [ RunTime:0.004029s ]
INFO: [ view_end ] --START--
INFO: ShowPageTrace Behavior ::run [ RunTime:0.000850s ]
INFO: [ view_end ] --END-- [ RunTime:0.000955s ]

