[ 2015-08-30T23:05:33+08:00 ] 127.0.0.1 /SCDA/index.php/
INFO: [ route_check ] --START--
INFO: CheckRoute Behavior ::run [ RunTime:0.032117s ]
INFO: [ route_check ] --END-- [ RunTime:0.032256s ]
INFO: [ app_begin ] --START--
INFO: ReadHtmlCache Behavior ::run [ RunTime:0.030684s ]
INFO: [ app_begin ] --END-- [ RunTime:0.030856s ]
INFO: [ view_parse ] --START--
INFO: ParseTemplate Behavior ::run [ RunTime:0.136110s ]
INFO: [ view_parse ] --END-- [ RunTime:0.136312s ]
INFO: [ view_filter ] --START--
INFO: ContentReplace Behavior ::run [ RunTime:0.031973s ]
INFO: TokenBuild Behavior ::run [ RunTime:0.031961s ]
INFO: WriteHtmlCache Behavior ::run [ RunTime:0.031611s ]
INFO: ShowRuntime Behavior ::run [ RunTime:0.032388s ]
INFO: [ view_filter ] --END-- [ RunTime:0.128617s ]
INFO: [ view_end ] --START--
INFO: ShowPageTrace Behavior ::run [ RunTime:0.046727s ]
INFO: [ view_end ] --END-- [ RunTime:0.046905s ]

[ 2015-08-30T23:05:48+08:00 ] 127.0.0.1 /SCDA/index.php/
INFO: [ route_check ] --START--
INFO: CheckRoute Behavior ::run [ RunTime:0.001266s ]
INFO: [ route_check ] --END-- [ RunTime:0.001431s ]
INFO: [ app_begin ] --START--
INFO: ReadHtmlCache Behavior ::run [ RunTime:0.001146s ]
INFO: [ app_begin ] --END-- [ RunTime:0.001313s ]
INFO: [ view_parse ] --START--
INFO: ParseTemplate Behavior ::run [ RunTime:0.018179s ]
INFO: [ view_parse ] --END-- [ RunTime:0.018384s ]
INFO: [ view_filter ] --START--
INFO: ContentReplace Behavior ::run [ RunTime:0.000749s ]
INFO: TokenBuild Behavior ::run [ RunTime:0.000731s ]
INFO: WriteHtmlCache Behavior ::run [ RunTime:0.000491s ]
INFO: ShowRuntime Behavior ::run [ RunTime:0.000717s ]
INFO: [ view_filter ] --END-- [ RunTime:0.003045s ]
INFO: [ view_end ] --START--
INFO: ShowPageTrace Behavior ::run [ RunTime:0.000781s ]
INFO: [ view_end ] --END-- [ RunTime:0.000892s ]

[ 2015-08-30T23:07:43+08:00 ] 127.0.0.1 /SCDA/index.php/
INFO: [ route_check ] --START--
INFO: CheckRoute Behavior ::run [ RunTime:0.001297s ]
INFO: [ route_check ] --END-- [ RunTime:0.001567s ]
INFO: [ app_begin ] --START--
INFO: ReadHtmlCache Behavior ::run [ RunTime:0.000745s ]
INFO: [ app_begin ] --END-- [ RunTime:0.000939s ]
INFO: [ view_parse ] --START--
INFO: ParseTemplate Behavior ::run [ RunTime:0.014657s ]
INFO: [ view_parse ] --END-- [ RunTime:0.014813s ]
INFO: [ view_filter ] --START--
INFO: ContentReplace Behavior ::run [ RunTime:0.000720s ]
INFO: TokenBuild Behavior ::run [ RunTime:0.000619s ]
INFO: WriteHtmlCache Behavior ::run [ RunTime:0.000391s ]
INFO: ShowRuntime Behavior ::run [ RunTime:0.000610s ]
INFO: [ view_filter ] --END-- [ RunTime:0.002691s ]
INFO: [ view_end ] --START--
INFO: ShowPageTrace Behavior ::run [ RunTime:0.000668s ]
INFO: [ view_end ] --END-- [ RunTime:0.000774s ]

[ 2015-08-30T23:07:44+08:00 ] 127.0.0.1 /SCDA/index.php/
INFO: [ route_check ] --START--
INFO: CheckRoute Behavior ::run [ RunTime:0.001273s ]
INFO: [ route_check ] --END-- [ RunTime:0.001616s ]
INFO: [ app_begin ] --START--
INFO: ReadHtmlCache Behavior ::run [ RunTime:0.000863s ]
INFO: [ app_begin ] --END-- [ RunTime:0.000986s ]
INFO: [ view_parse ] --START--
INFO: ParseTemplate Behavior ::run [ RunTime:0.013362s ]
INFO: [ view_parse ] --END-- [ RunTime:0.013501s ]
INFO: [ view_filter ] --START--
INFO: ContentReplace Behavior ::run [ RunTime:0.000697s ]
INFO: TokenBuild Behavior ::run [ RunTime:0.000517s ]
INFO: WriteHtmlCache Behavior ::run [ RunTime:0.000987s ]
INFO: ShowRuntime Behavior ::run [ RunTime:0.000660s ]
INFO: [ view_filter ] --END-- [ RunTime:0.003140s ]
INFO: [ view_end ] --START--
INFO: ShowPageTrace Behavior ::run [ RunTime:0.000786s ]
INFO: [ view_end ] --END-- [ RunTime:0.000875s ]

[ 2015-08-30T23:08:27+08:00 ] 127.0.0.1 /SCDA/index.php/
INFO: [ route_check ] --START--
INFO: CheckRoute Behavior ::run [ RunTime:0.001813s ]
INFO: [ route_check ] --END-- [ RunTime:0.002057s ]
INFO: [ app_begin ] --START--
INFO: ReadHtmlCache Behavior ::run [ RunTime:0.001177s ]
INFO: [ app_begin ] --END-- [ RunTime:0.001401s ]
INFO: [ view_parse ] --START--
INFO: ParseTemplate Behavior ::run [ RunTime:0.016809s ]
INFO: [ view_parse ] --END-- [ RunTime:0.016991s ]
INFO: [ view_filter ] --START--
INFO: ContentReplace Behavior ::run [ RunTime:0.000725s ]
INFO: TokenBuild Behavior ::run [ RunTime:0.000722s ]
INFO: WriteHtmlCache Behavior ::run [ RunTime:0.000488s ]
INFO: ShowRuntime Behavior ::run [ RunTime:0.000684s ]
INFO: [ view_filter ] --END-- [ RunTime:0.002925s ]
INFO: [ view_end ] --START--
INFO: ShowPageTrace Behavior ::run [ RunTime:0.000811s ]
INFO: [ view_end ] --END-- [ RunTime:0.000937s ]

[ 2015-08-30T23:08:34+08:00 ] 127.0.0.1 /SCDA/index.php/
INFO: [ route_check ] --START--
INFO: CheckRoute Behavior ::run [ RunTime:0.001301s ]
INFO: [ route_check ] --END-- [ RunTime:0.001546s ]
INFO: [ app_begin ] --START--
INFO: ReadHtmlCache Behavior ::run [ RunTime:0.001120s ]
INFO: [ app_begin ] --END-- [ RunTime:0.001344s ]
INFO: [ view_parse ] --START--
INFO: ParseTemplate Behavior ::run [ RunTime:0.018011s ]
INFO: [ view_parse ] --END-- [ RunTime:0.018230s ]
INFO: [ view_filter ] --START--
INFO: ContentReplace Behavior ::run [ RunTime:0.001216s ]
INFO: TokenBuild Behavior ::run [ RunTime:0.000836s ]
INFO: WriteHtmlCache Behavior ::run [ RunTime:0.000685s ]
INFO: ShowRuntime Behavior ::run [ RunTime:0.000957s ]
INFO: [ view_filter ] --END-- [ RunTime:0.004348s ]
INFO: [ view_end ] --START--
INFO: ShowPageTrace Behavior ::run [ RunTime:0.000871s ]
INFO: [ view_end ] --END-- [ RunTime:0.001008s ]

[ 2015-08-30T23:08:42+08:00 ] 127.0.0.1 /SCDA/index.php/
INFO: [ route_check ] --START--
INFO: CheckRoute Behavior ::run [ RunTime:0.001209s ]
INFO: [ route_check ] --END-- [ RunTime:0.001447s ]
INFO: [ app_begin ] --START--
INFO: ReadHtmlCache Behavior ::run [ RunTime:0.001156s ]
INFO: [ app_begin ] --END-- [ RunTime:0.001364s ]
INFO: [ view_parse ] --START--
INFO: ParseTemplate Behavior ::run [ RunTime:0.025782s ]
INFO: [ view_parse ] --END-- [ RunTime:0.026003s ]
INFO: [ view_filter ] --START--
INFO: ContentReplace Behavior ::run [ RunTime:0.000627s ]
INFO: TokenBuild Behavior ::run [ RunTime:0.000621s ]
INFO: WriteHtmlCache Behavior ::run [ RunTime:0.000376s ]
INFO: ShowRuntime Behavior ::run [ RunTime:0.000857s ]
INFO: [ view_filter ] --END-- [ RunTime:0.002860s ]
INFO: [ view_end ] --START--
INFO: ShowPageTrace Behavior ::run [ RunTime:0.001095s ]
INFO: [ view_end ] --END-- [ RunTime:0.001332s ]

[ 2015-08-30T23:30:14+08:00 ] 127.0.0.1 /SCDA/index.php/
INFO: [ route_check ] --START--
INFO: CheckRoute Behavior ::run [ RunTime:0.000909s ]
INFO: [ route_check ] --END-- [ RunTime:0.001045s ]
INFO: [ app_begin ] --START--
INFO: ReadHtmlCache Behavior ::run [ RunTime:0.000768s ]
INFO: [ app_begin ] --END-- [ RunTime:0.000876s ]
ERR: Action:M您所请求的方法不存在！

[ 2015-08-30T23:30:28+08:00 ] 127.0.0.1 /SCDA/index.php/
INFO: [ route_check ] --START--
INFO: CheckRoute Behavior ::run [ RunTime:0.001113s ]
INFO: [ route_check ] --END-- [ RunTime:0.001364s ]
INFO: [ app_begin ] --START--
INFO: ReadHtmlCache Behavior ::run [ RunTime:0.000821s ]
INFO: [ app_begin ] --END-- [ RunTime:0.000950s ]
SQL: SHOW COLUMNS FROM `hd_hd_metting` [ RunTime:0.005975s ]
ERR: 1146:Table 'hd_people.hd_hd_metting' doesn't exist
 [ SQL语句 ] : SHOW COLUMNS FROM `hd_hd_metting`
SQL: SELECT * FROM `hd_hd_metting`  [ RunTime:0.000588s ]
ERR: 1146:Table 'hd_people.hd_hd_metting' doesn't exist
 [ SQL语句 ] : SELECT * FROM `hd_hd_metting` 

[ 2015-08-30T23:30:51+08:00 ] 127.0.0.1 /SCDA/index.php/
INFO: [ route_check ] --START--
INFO: CheckRoute Behavior ::run [ RunTime:0.000812s ]
INFO: [ route_check ] --END-- [ RunTime:0.000948s ]
INFO: [ app_begin ] --START--
INFO: ReadHtmlCache Behavior ::run [ RunTime:0.000730s ]
INFO: [ app_begin ] --END-- [ RunTime:0.000861s ]
SQL: SHOW COLUMNS FROM `hd_metting` [ RunTime:0.004773s ]
ERR: 1146:Table 'hd_people.hd_metting' doesn't exist
 [ SQL语句 ] : SHOW COLUMNS FROM `hd_metting`
SQL: SELECT * FROM `hd_metting`  [ RunTime:0.000610s ]
ERR: 1146:Table 'hd_people.hd_metting' doesn't exist
 [ SQL语句 ] : SELECT * FROM `hd_metting` 

[ 2015-08-30T23:30:51+08:00 ] 127.0.0.1 /SCDA/index.php/
INFO: [ route_check ] --START--
INFO: CheckRoute Behavior ::run [ RunTime:0.003070s ]
INFO: [ route_check ] --END-- [ RunTime:0.003321s ]
INFO: [ app_begin ] --START--
INFO: ReadHtmlCache Behavior ::run [ RunTime:0.001155s ]
INFO: [ app_begin ] --END-- [ RunTime:0.001382s ]
SQL: SHOW COLUMNS FROM `hd_metting` [ RunTime:0.005550s ]
ERR: 1146:Table 'hd_people.hd_metting' doesn't exist
 [ SQL语句 ] : SHOW COLUMNS FROM `hd_metting`
SQL: SELECT * FROM `hd_metting`  [ RunTime:0.000444s ]
ERR: 1146:Table 'hd_people.hd_metting' doesn't exist
 [ SQL语句 ] : SELECT * FROM `hd_metting` 

[ 2015-08-30T23:30:57+08:00 ] 127.0.0.1 /SCDA/index.php/
INFO: [ route_check ] --START--
INFO: CheckRoute Behavior ::run [ RunTime:0.000814s ]
INFO: [ route_check ] --END-- [ RunTime:0.000971s ]
INFO: [ app_begin ] --START--
INFO: ReadHtmlCache Behavior ::run [ RunTime:0.000678s ]
INFO: [ app_begin ] --END-- [ RunTime:0.000785s ]
SQL: SHOW COLUMNS FROM `hd_metting` [ RunTime:0.004791s ]
ERR: 1146:Table 'hd_people.hd_metting' doesn't exist
 [ SQL语句 ] : SHOW COLUMNS FROM `hd_metting`
SQL: SELECT * FROM `hd_metting`  [ RunTime:0.000384s ]
ERR: 1146:Table 'hd_people.hd_metting' doesn't exist
 [ SQL语句 ] : SELECT * FROM `hd_metting` 

[ 2015-08-30T23:32:53+08:00 ] 127.0.0.1 /SCDA/index.php/
INFO: [ route_check ] --START--
INFO: CheckRoute Behavior ::run [ RunTime:0.001080s ]
INFO: [ route_check ] --END-- [ RunTime:0.001265s ]
INFO: [ app_begin ] --START--
INFO: ReadHtmlCache Behavior ::run [ RunTime:0.001067s ]
INFO: [ app_begin ] --END-- [ RunTime:0.001196s ]
SQL: SHOW COLUMNS FROM `hd_meeting` [ RunTime:0.008856s ]
SQL: SELECT * FROM `hd_meeting`  [ RunTime:0.000500s ]

