[ 2015-10-04T18:18:17+08:00 ] 127.0.0.1 /SCDA/index.php/
INFO: [ route_check ] --START--
INFO: CheckRoute Behavior ::run [ RunTime:0.001039s ]
INFO: [ route_check ] --END-- [ RunTime:0.001206s ]
INFO: [ app_begin ] --START--
INFO: ReadHtmlCache Behavior ::run [ RunTime:0.001003s ]
INFO: [ app_begin ] --END-- [ RunTime:0.001185s ]
INFO: [ view_parse ] --START--
NOTIC: [8] Undefined variable: data F:\wamp\www\SCDA\SCDA\Runtime\Cache\912a91f59b3115ecd7812dc09c7f8e58.php 第 446 行.
NOTIC: [8] Undefined variable: data F:\wamp\www\SCDA\SCDA\Runtime\Cache\912a91f59b3115ecd7812dc09c7f8e58.php 第 450 行.
NOTIC: [8] Undefined variable: data F:\wamp\www\SCDA\SCDA\Runtime\Cache\912a91f59b3115ecd7812dc09c7f8e58.php 第 454 行.
NOTIC: [8] Undefined variable: data F:\wamp\www\SCDA\SCDA\Runtime\Cache\912a91f59b3115ecd7812dc09c7f8e58.php 第 460 行.
NOTIC: [8] Undefined variable: data F:\wamp\www\SCDA\SCDA\Runtime\Cache\912a91f59b3115ecd7812dc09c7f8e58.php 第 464 行.
NOTIC: [8] Undefined variable: data F:\wamp\www\SCDA\SCDA\Runtime\Cache\912a91f59b3115ecd7812dc09c7f8e58.php 第 470 行.
NOTIC: [8] Undefined variable: data F:\wamp\www\SCDA\SCDA\Runtime\Cache\912a91f59b3115ecd7812dc09c7f8e58.php 第 476 行.
NOTIC: [8] Undefined variable: data F:\wamp\www\SCDA\SCDA\Runtime\Cache\912a91f59b3115ecd7812dc09c7f8e58.php 第 482 行.
NOTIC: [8] Undefined variable: data F:\wamp\www\SCDA\SCDA\Runtime\Cache\912a91f59b3115ecd7812dc09c7f8e58.php 第 488 行.
NOTIC: [8] Undefined variable: data F:\wamp\www\SCDA\SCDA\Runtime\Cache\912a91f59b3115ecd7812dc09c7f8e58.php 第 494 行.
NOTIC: [8] Undefined variable: data F:\wamp\www\SCDA\SCDA\Runtime\Cache\912a91f59b3115ecd7812dc09c7f8e58.php 第 502 行.
NOTIC: [8] Undefined variable: data F:\wamp\www\SCDA\SCDA\Runtime\Cache\912a91f59b3115ecd7812dc09c7f8e58.php 第 514 行.
NOTIC: [8] Undefined variable: data F:\wamp\www\SCDA\SCDA\Runtime\Cache\912a91f59b3115ecd7812dc09c7f8e58.php 第 533 行.
NOTIC: [8] Undefined variable: data F:\wamp\www\SCDA\SCDA\Runtime\Cache\912a91f59b3115ecd7812dc09c7f8e58.php 第 547 行.
NOTIC: [8] Undefined variable: data F:\wamp\www\SCDA\SCDA\Runtime\Cache\912a91f59b3115ecd7812dc09c7f8e58.php 第 561 行.
INFO: ParseTemplate Behavior ::run [ RunTime:0.077598s ]
INFO: [ view_parse ] --END-- [ RunTime:0.077774s ]
INFO: [ view_filter ] --START--
INFO: ContentReplace Behavior ::run [ RunTime:0.001241s ]
INFO: TokenBuild Behavior ::run [ RunTime:0.001540s ]
INFO: WriteHtmlCache Behavior ::run [ RunTime:0.000584s ]
INFO: ShowRuntime Behavior ::run [ RunTime:0.000876s ]
INFO: [ view_filter ] --END-- [ RunTime:0.004969s ]
INFO: [ view_end ] --START--
INFO: ShowPageTrace Behavior ::run [ RunTime:0.000912s ]
INFO: [ view_end ] --END-- [ RunTime:0.001073s ]

