[ 2015-10-12T15:26:31+08:00 ] 127.0.0.1 /SCDA/
INFO: [ app_begin ] --START--
INFO: ReadHtmlCache Behavior ::run [ RunTime:0.001107s ]
INFO: [ app_begin ] --END-- [ RunTime:0.001315s ]
INFO: [ view_parse ] --START--
NOTIC: [8] Undefined variable: data F:\wamp\www\SCDA\SCDA\Runtime\Cache\912a91f59b3115ecd7812dc09c7f8e58.php 第 446 行.
NOTIC: [8] Undefined variable: data F:\wamp\www\SCDA\SCDA\Runtime\Cache\912a91f59b3115ecd7812dc09c7f8e58.php 第 450 行.
NOTIC: [8] Undefined variable: data F:\wamp\www\SCDA\SCDA\Runtime\Cache\912a91f59b3115ecd7812dc09c7f8e58.php 第 454 行.
NOTIC: [8] Undefined variable: data F:\wamp\www\SCDA\SCDA\Runtime\Cache\912a91f59b3115ecd7812dc09c7f8e58.php 第 460 行.
NOTIC: [8] Undefined variable: data F:\wamp\www\SCDA\SCDA\Runtime\Cache\912a91f59b3115ecd7812dc09c7f8e58.php 第 464 行.
NOTIC: [8] Undefined variable: data F:\wamp\www\SCDA\SCDA\Runtime\Cache\912a91f59b3115ecd7812dc09c7f8e58.php 第 470 行.
NOTIC: [8] Undefined variable: data F:\wamp\www\SCDA\SCDA\Runtime\Cache\912a91f59b3115ecd7812dc09c7f8e58.php 第 476 行.
NOTIC: [8] Undefined variable: data F:\wamp\www\SCDA\SCDA\Runtime\Cache\912a91f59b3115ecd7812dc09c7f8e58.php 第 482 行.
NOTIC: [8] Undefined variable: data F:\wamp\www\SCDA\SCDA\Runtime\Cache\912a91f59b3115ecd7812dc09c7f8e58.php 第 488 行.
NOTIC: [8] Undefined variable: data F:\wamp\www\SCDA\SCDA\Runtime\Cache\912a91f59b3115ecd7812dc09c7f8e58.php 第 494 行.
NOTIC: [8] Undefined variable: data F:\wamp\www\SCDA\SCDA\Runtime\Cache\912a91f59b3115ecd7812dc09c7f8e58.php 第 502 行.
NOTIC: [8] Undefined variable: data F:\wamp\www\SCDA\SCDA\Runtime\Cache\912a91f59b3115ecd7812dc09c7f8e58.php 第 514 行.
NOTIC: [8] Undefined variable: data F:\wamp\www\SCDA\SCDA\Runtime\Cache\912a91f59b3115ecd7812dc09c7f8e58.php 第 533 行.
NOTIC: [8] Undefined variable: data F:\wamp\www\SCDA\SCDA\Runtime\Cache\912a91f59b3115ecd7812dc09c7f8e58.php 第 547 行.
NOTIC: [8] Undefined variable: data F:\wamp\www\SCDA\SCDA\Runtime\Cache\912a91f59b3115ecd7812dc09c7f8e58.php 第 561 行.
INFO: ParseTemplate Behavior ::run [ RunTime:0.039150s ]
INFO: [ view_parse ] --END-- [ RunTime:0.039382s ]
INFO: [ view_filter ] --START--
INFO: ContentReplace Behavior ::run [ RunTime:0.000970s ]
INFO: TokenBuild Behavior ::run [ RunTime:0.000828s ]
INFO: WriteHtmlCache Behavior ::run [ RunTime:0.000612s ]
INFO: ShowRuntime Behavior ::run [ RunTime:0.001050s ]
INFO: [ view_filter ] --END-- [ RunTime:0.003893s ]
INFO: [ view_end ] --START--
INFO: ShowPageTrace Behavior ::run [ RunTime:0.001071s ]
INFO: [ view_end ] --END-- [ RunTime:0.001224s ]

[ 2015-10-12T15:26:44+08:00 ] 127.0.0.1 /SCDA/index.php/Index/bangong
INFO: [ route_check ] --START--
INFO: CheckRoute Behavior ::run [ RunTime:0.001253s ]
INFO: [ route_check ] --END-- [ RunTime:0.001475s ]
INFO: [ app_begin ] --START--
INFO: ReadHtmlCache Behavior ::run [ RunTime:0.001034s ]
INFO: [ app_begin ] --END-- [ RunTime:0.001203s ]
INFO: [ view_parse ] --START--
INFO: ParseTemplate Behavior ::run [ RunTime:0.045428s ]
INFO: [ view_parse ] --END-- [ RunTime:0.045660s ]
INFO: [ view_filter ] --START--
INFO: ContentReplace Behavior ::run [ RunTime:0.000801s ]
INFO: TokenBuild Behavior ::run [ RunTime:0.000795s ]
INFO: WriteHtmlCache Behavior ::run [ RunTime:0.000616s ]
INFO: ShowRuntime Behavior ::run [ RunTime:0.001002s ]
INFO: [ view_filter ] --END-- [ RunTime:0.003717s ]
INFO: [ view_end ] --START--
INFO: ShowPageTrace Behavior ::run [ RunTime:0.001324s ]
INFO: [ view_end ] --END-- [ RunTime:0.001526s ]

[ 2015-10-12T15:26:48+08:00 ] 127.0.0.1 /SCDA/index.php/Index/form
INFO: [ route_check ] --START--
INFO: CheckRoute Behavior ::run [ RunTime:0.001714s ]
INFO: [ route_check ] --END-- [ RunTime:0.001959s ]
INFO: [ app_begin ] --START--
INFO: ReadHtmlCache Behavior ::run [ RunTime:0.001201s ]
INFO: [ app_begin ] --END-- [ RunTime:0.001567s ]
INFO: [ view_parse ] --START--
NOTIC: [8] Undefined variable: data F:\wamp\www\SCDA\SCDA\Runtime\Cache\48028b86ff23ea5066b842297f8af223.php 第 131 行.
NOTIC: [8] Undefined variable: data F:\wamp\www\SCDA\SCDA\Runtime\Cache\48028b86ff23ea5066b842297f8af223.php 第 135 行.
NOTIC: [8] Undefined variable: data F:\wamp\www\SCDA\SCDA\Runtime\Cache\48028b86ff23ea5066b842297f8af223.php 第 139 行.
NOTIC: [8] Undefined variable: data F:\wamp\www\SCDA\SCDA\Runtime\Cache\48028b86ff23ea5066b842297f8af223.php 第 145 行.
NOTIC: [8] Undefined variable: data F:\wamp\www\SCDA\SCDA\Runtime\Cache\48028b86ff23ea5066b842297f8af223.php 第 149 行.
NOTIC: [8] Undefined variable: data F:\wamp\www\SCDA\SCDA\Runtime\Cache\48028b86ff23ea5066b842297f8af223.php 第 155 行.
NOTIC: [8] Undefined variable: data F:\wamp\www\SCDA\SCDA\Runtime\Cache\48028b86ff23ea5066b842297f8af223.php 第 161 行.
NOTIC: [8] Undefined variable: data F:\wamp\www\SCDA\SCDA\Runtime\Cache\48028b86ff23ea5066b842297f8af223.php 第 167 行.
NOTIC: [8] Undefined variable: data F:\wamp\www\SCDA\SCDA\Runtime\Cache\48028b86ff23ea5066b842297f8af223.php 第 173 行.
NOTIC: [8] Undefined variable: data F:\wamp\www\SCDA\SCDA\Runtime\Cache\48028b86ff23ea5066b842297f8af223.php 第 179 行.
NOTIC: [8] Undefined variable: data F:\wamp\www\SCDA\SCDA\Runtime\Cache\48028b86ff23ea5066b842297f8af223.php 第 189 行.
NOTIC: [8] Undefined variable: data F:\wamp\www\SCDA\SCDA\Runtime\Cache\48028b86ff23ea5066b842297f8af223.php 第 201 行.
NOTIC: [8] Undefined variable: data F:\wamp\www\SCDA\SCDA\Runtime\Cache\48028b86ff23ea5066b842297f8af223.php 第 220 行.
NOTIC: [8] Undefined variable: data F:\wamp\www\SCDA\SCDA\Runtime\Cache\48028b86ff23ea5066b842297f8af223.php 第 234 行.
NOTIC: [8] Undefined variable: data F:\wamp\www\SCDA\SCDA\Runtime\Cache\48028b86ff23ea5066b842297f8af223.php 第 248 行.
INFO: ParseTemplate Behavior ::run [ RunTime:0.313640s ]
INFO: [ view_parse ] --END-- [ RunTime:0.313957s ]
INFO: [ view_filter ] --START--
INFO: ContentReplace Behavior ::run [ RunTime:0.001537s ]
INFO: TokenBuild Behavior ::run [ RunTime:0.001604s ]
INFO: WriteHtmlCache Behavior ::run [ RunTime:0.001244s ]
INFO: ShowRuntime Behavior ::run [ RunTime:0.004038s ]
INFO: [ view_filter ] --END-- [ RunTime:0.009119s ]
INFO: [ view_end ] --START--
INFO: ShowPageTrace Behavior ::run [ RunTime:0.002099s ]
INFO: [ view_end ] --END-- [ RunTime:0.002339s ]

[ 2015-10-12T15:31:26+08:00 ] 127.0.0.1 /SCDA/index.php/Index/scda
INFO: [ route_check ] --START--
INFO: CheckRoute Behavior ::run [ RunTime:0.001460s ]
INFO: [ route_check ] --END-- [ RunTime:0.001656s ]
INFO: [ app_begin ] --START--
INFO: ReadHtmlCache Behavior ::run [ RunTime:0.001903s ]
INFO: [ app_begin ] --END-- [ RunTime:0.002086s ]
INFO: [ view_parse ] --START--
INFO: ParseTemplate Behavior ::run [ RunTime:0.037844s ]
INFO: [ view_parse ] --END-- [ RunTime:0.038017s ]
INFO: [ view_filter ] --START--
INFO: ContentReplace Behavior ::run [ RunTime:0.000611s ]
INFO: TokenBuild Behavior ::run [ RunTime:0.000605s ]
INFO: WriteHtmlCache Behavior ::run [ RunTime:0.000414s ]
INFO: ShowRuntime Behavior ::run [ RunTime:0.000696s ]
INFO: [ view_filter ] --END-- [ RunTime:0.002618s ]
INFO: [ view_end ] --START--
INFO: ShowPageTrace Behavior ::run [ RunTime:0.000746s ]
INFO: [ view_end ] --END-- [ RunTime:0.000845s ]

[ 2015-10-12T15:40:04+08:00 ] 127.0.0.1 /SCDA/
INFO: [ app_begin ] --START--
INFO: ReadHtmlCache Behavior ::run [ RunTime:0.000985s ]
INFO: [ app_begin ] --END-- [ RunTime:0.001162s ]
INFO: [ view_parse ] --START--
NOTIC: [8] Undefined variable: data F:\wamp\www\SCDA\SCDA\Runtime\Cache\912a91f59b3115ecd7812dc09c7f8e58.php 第 446 行.
NOTIC: [8] Undefined variable: data F:\wamp\www\SCDA\SCDA\Runtime\Cache\912a91f59b3115ecd7812dc09c7f8e58.php 第 450 行.
NOTIC: [8] Undefined variable: data F:\wamp\www\SCDA\SCDA\Runtime\Cache\912a91f59b3115ecd7812dc09c7f8e58.php 第 454 行.
NOTIC: [8] Undefined variable: data F:\wamp\www\SCDA\SCDA\Runtime\Cache\912a91f59b3115ecd7812dc09c7f8e58.php 第 460 行.
NOTIC: [8] Undefined variable: data F:\wamp\www\SCDA\SCDA\Runtime\Cache\912a91f59b3115ecd7812dc09c7f8e58.php 第 464 行.
NOTIC: [8] Undefined variable: data F:\wamp\www\SCDA\SCDA\Runtime\Cache\912a91f59b3115ecd7812dc09c7f8e58.php 第 470 行.
NOTIC: [8] Undefined variable: data F:\wamp\www\SCDA\SCDA\Runtime\Cache\912a91f59b3115ecd7812dc09c7f8e58.php 第 476 行.
NOTIC: [8] Undefined variable: data F:\wamp\www\SCDA\SCDA\Runtime\Cache\912a91f59b3115ecd7812dc09c7f8e58.php 第 482 行.
NOTIC: [8] Undefined variable: data F:\wamp\www\SCDA\SCDA\Runtime\Cache\912a91f59b3115ecd7812dc09c7f8e58.php 第 488 行.
NOTIC: [8] Undefined variable: data F:\wamp\www\SCDA\SCDA\Runtime\Cache\912a91f59b3115ecd7812dc09c7f8e58.php 第 494 行.
NOTIC: [8] Undefined variable: data F:\wamp\www\SCDA\SCDA\Runtime\Cache\912a91f59b3115ecd7812dc09c7f8e58.php 第 502 行.
NOTIC: [8] Undefined variable: data F:\wamp\www\SCDA\SCDA\Runtime\Cache\912a91f59b3115ecd7812dc09c7f8e58.php 第 514 行.
NOTIC: [8] Undefined variable: data F:\wamp\www\SCDA\SCDA\Runtime\Cache\912a91f59b3115ecd7812dc09c7f8e58.php 第 533 行.
NOTIC: [8] Undefined variable: data F:\wamp\www\SCDA\SCDA\Runtime\Cache\912a91f59b3115ecd7812dc09c7f8e58.php 第 547 行.
NOTIC: [8] Undefined variable: data F:\wamp\www\SCDA\SCDA\Runtime\Cache\912a91f59b3115ecd7812dc09c7f8e58.php 第 561 行.
INFO: ParseTemplate Behavior ::run [ RunTime:0.022501s ]
INFO: [ view_parse ] --END-- [ RunTime:0.022660s ]
INFO: [ view_filter ] --START--
INFO: ContentReplace Behavior ::run [ RunTime:0.001102s ]
INFO: TokenBuild Behavior ::run [ RunTime:0.000918s ]
INFO: WriteHtmlCache Behavior ::run [ RunTime:0.000624s ]
INFO: ShowRuntime Behavior ::run [ RunTime:0.001047s ]
INFO: [ view_filter ] --END-- [ RunTime:0.004311s ]
INFO: [ view_end ] --START--
INFO: ShowPageTrace Behavior ::run [ RunTime:0.001038s ]
INFO: [ view_end ] --END-- [ RunTime:0.001215s ]

[ 2015-10-12T15:48:26+08:00 ] 127.0.0.1 /SCDA/index.php/Index/scda
INFO: [ route_check ] --START--
INFO: CheckRoute Behavior ::run [ RunTime:0.001862s ]
INFO: [ route_check ] --END-- [ RunTime:0.002076s ]
INFO: [ app_begin ] --START--
INFO: ReadHtmlCache Behavior ::run [ RunTime:0.001198s ]
INFO: [ app_begin ] --END-- [ RunTime:0.001421s ]
INFO: [ view_parse ] --START--
INFO: ParseTemplate Behavior ::run [ RunTime:0.011577s ]
INFO: [ view_parse ] --END-- [ RunTime:0.011702s ]
INFO: [ view_filter ] --START--
INFO: ContentReplace Behavior ::run [ RunTime:0.000645s ]
INFO: TokenBuild Behavior ::run [ RunTime:0.000584s ]
INFO: WriteHtmlCache Behavior ::run [ RunTime:0.000524s ]
INFO: ShowRuntime Behavior ::run [ RunTime:0.000812s ]
INFO: [ view_filter ] --END-- [ RunTime:0.002953s ]
INFO: [ view_end ] --START--
INFO: ShowPageTrace Behavior ::run [ RunTime:0.000756s ]
INFO: [ view_end ] --END-- [ RunTime:0.000841s ]

[ 2015-10-12T15:48:33+08:00 ] 127.0.0.1 /SCDA/index.php/Index/form
INFO: [ route_check ] --START--
INFO: CheckRoute Behavior ::run [ RunTime:0.001498s ]
INFO: [ route_check ] --END-- [ RunTime:0.001706s ]
INFO: [ app_begin ] --START--
INFO: ReadHtmlCache Behavior ::run [ RunTime:0.001091s ]
INFO: [ app_begin ] --END-- [ RunTime:0.001255s ]
INFO: [ view_parse ] --START--
NOTIC: [8] Undefined variable: data F:\wamp\www\SCDA\SCDA\Runtime\Cache\48028b86ff23ea5066b842297f8af223.php 第 131 行.
NOTIC: [8] Undefined variable: data F:\wamp\www\SCDA\SCDA\Runtime\Cache\48028b86ff23ea5066b842297f8af223.php 第 135 行.
NOTIC: [8] Undefined variable: data F:\wamp\www\SCDA\SCDA\Runtime\Cache\48028b86ff23ea5066b842297f8af223.php 第 139 行.
NOTIC: [8] Undefined variable: data F:\wamp\www\SCDA\SCDA\Runtime\Cache\48028b86ff23ea5066b842297f8af223.php 第 145 行.
NOTIC: [8] Undefined variable: data F:\wamp\www\SCDA\SCDA\Runtime\Cache\48028b86ff23ea5066b842297f8af223.php 第 149 行.
NOTIC: [8] Undefined variable: data F:\wamp\www\SCDA\SCDA\Runtime\Cache\48028b86ff23ea5066b842297f8af223.php 第 155 行.
NOTIC: [8] Undefined variable: data F:\wamp\www\SCDA\SCDA\Runtime\Cache\48028b86ff23ea5066b842297f8af223.php 第 161 行.
NOTIC: [8] Undefined variable: data F:\wamp\www\SCDA\SCDA\Runtime\Cache\48028b86ff23ea5066b842297f8af223.php 第 167 行.
NOTIC: [8] Undefined variable: data F:\wamp\www\SCDA\SCDA\Runtime\Cache\48028b86ff23ea5066b842297f8af223.php 第 173 行.
NOTIC: [8] Undefined variable: data F:\wamp\www\SCDA\SCDA\Runtime\Cache\48028b86ff23ea5066b842297f8af223.php 第 179 行.
NOTIC: [8] Undefined variable: data F:\wamp\www\SCDA\SCDA\Runtime\Cache\48028b86ff23ea5066b842297f8af223.php 第 189 行.
NOTIC: [8] Undefined variable: data F:\wamp\www\SCDA\SCDA\Runtime\Cache\48028b86ff23ea5066b842297f8af223.php 第 201 行.
NOTIC: [8] Undefined variable: data F:\wamp\www\SCDA\SCDA\Runtime\Cache\48028b86ff23ea5066b842297f8af223.php 第 220 行.
NOTIC: [8] Undefined variable: data F:\wamp\www\SCDA\SCDA\Runtime\Cache\48028b86ff23ea5066b842297f8af223.php 第 234 行.
NOTIC: [8] Undefined variable: data F:\wamp\www\SCDA\SCDA\Runtime\Cache\48028b86ff23ea5066b842297f8af223.php 第 248 行.
INFO: ParseTemplate Behavior ::run [ RunTime:0.020207s ]
INFO: [ view_parse ] --END-- [ RunTime:0.020415s ]
INFO: [ view_filter ] --START--
INFO: ContentReplace Behavior ::run [ RunTime:0.001046s ]
INFO: TokenBuild Behavior ::run [ RunTime:0.001018s ]
INFO: WriteHtmlCache Behavior ::run [ RunTime:0.000747s ]
INFO: ShowRuntime Behavior ::run [ RunTime:0.001159s ]
INFO: [ view_filter ] --END-- [ RunTime:0.004431s ]
INFO: [ view_end ] --START--
INFO: ShowPageTrace Behavior ::run [ RunTime:0.001124s ]
INFO: [ view_end ] --END-- [ RunTime:0.001274s ]

[ 2015-10-12T15:49:06+08:00 ] 127.0.0.1 /SCDA/index.php/Index/index
INFO: [ route_check ] --START--
INFO: CheckRoute Behavior ::run [ RunTime:0.000965s ]
INFO: [ route_check ] --END-- [ RunTime:0.001101s ]
INFO: [ app_begin ] --START--
INFO: ReadHtmlCache Behavior ::run [ RunTime:0.000763s ]
INFO: [ app_begin ] --END-- [ RunTime:0.000879s ]
INFO: [ view_parse ] --START--
NOTIC: [8] Undefined variable: data F:\wamp\www\SCDA\SCDA\Runtime\Cache\912a91f59b3115ecd7812dc09c7f8e58.php 第 446 行.
NOTIC: [8] Undefined variable: data F:\wamp\www\SCDA\SCDA\Runtime\Cache\912a91f59b3115ecd7812dc09c7f8e58.php 第 450 行.
NOTIC: [8] Undefined variable: data F:\wamp\www\SCDA\SCDA\Runtime\Cache\912a91f59b3115ecd7812dc09c7f8e58.php 第 454 行.
NOTIC: [8] Undefined variable: data F:\wamp\www\SCDA\SCDA\Runtime\Cache\912a91f59b3115ecd7812dc09c7f8e58.php 第 460 行.
NOTIC: [8] Undefined variable: data F:\wamp\www\SCDA\SCDA\Runtime\Cache\912a91f59b3115ecd7812dc09c7f8e58.php 第 464 行.
NOTIC: [8] Undefined variable: data F:\wamp\www\SCDA\SCDA\Runtime\Cache\912a91f59b3115ecd7812dc09c7f8e58.php 第 470 行.
NOTIC: [8] Undefined variable: data F:\wamp\www\SCDA\SCDA\Runtime\Cache\912a91f59b3115ecd7812dc09c7f8e58.php 第 476 行.
NOTIC: [8] Undefined variable: data F:\wamp\www\SCDA\SCDA\Runtime\Cache\912a91f59b3115ecd7812dc09c7f8e58.php 第 482 行.
NOTIC: [8] Undefined variable: data F:\wamp\www\SCDA\SCDA\Runtime\Cache\912a91f59b3115ecd7812dc09c7f8e58.php 第 488 行.
NOTIC: [8] Undefined variable: data F:\wamp\www\SCDA\SCDA\Runtime\Cache\912a91f59b3115ecd7812dc09c7f8e58.php 第 494 行.
NOTIC: [8] Undefined variable: data F:\wamp\www\SCDA\SCDA\Runtime\Cache\912a91f59b3115ecd7812dc09c7f8e58.php 第 502 行.
NOTIC: [8] Undefined variable: data F:\wamp\www\SCDA\SCDA\Runtime\Cache\912a91f59b3115ecd7812dc09c7f8e58.php 第 514 行.
NOTIC: [8] Undefined variable: data F:\wamp\www\SCDA\SCDA\Runtime\Cache\912a91f59b3115ecd7812dc09c7f8e58.php 第 533 行.
NOTIC: [8] Undefined variable: data F:\wamp\www\SCDA\SCDA\Runtime\Cache\912a91f59b3115ecd7812dc09c7f8e58.php 第 547 行.
NOTIC: [8] Undefined variable: data F:\wamp\www\SCDA\SCDA\Runtime\Cache\912a91f59b3115ecd7812dc09c7f8e58.php 第 561 行.
INFO: ParseTemplate Behavior ::run [ RunTime:0.018421s ]
INFO: [ view_parse ] --END-- [ RunTime:0.018535s ]
INFO: [ view_filter ] --START--
INFO: ContentReplace Behavior ::run [ RunTime:0.000771s ]
INFO: TokenBuild Behavior ::run [ RunTime:0.007328s ]
INFO: WriteHtmlCache Behavior ::run [ RunTime:0.000567s ]
INFO: ShowRuntime Behavior ::run [ RunTime:0.000678s ]
INFO: [ view_filter ] --END-- [ RunTime:0.009791s ]
INFO: [ view_end ] --START--
INFO: ShowPageTrace Behavior ::run [ RunTime:0.000803s ]
INFO: [ view_end ] --END-- [ RunTime:0.000944s ]

[ 2015-10-12T15:49:11+08:00 ] 127.0.0.1 /SCDA/index.php/Index/bangong
INFO: [ route_check ] --START--
INFO: CheckRoute Behavior ::run [ RunTime:0.000834s ]
INFO: [ route_check ] --END-- [ RunTime:0.000976s ]
INFO: [ app_begin ] --START--
INFO: ReadHtmlCache Behavior ::run [ RunTime:0.000638s ]
INFO: [ app_begin ] --END-- [ RunTime:0.000750s ]
INFO: [ view_parse ] --START--
INFO: ParseTemplate Behavior ::run [ RunTime:0.009523s ]
INFO: [ view_parse ] --END-- [ RunTime:0.009662s ]
INFO: [ view_filter ] --START--
INFO: ContentReplace Behavior ::run [ RunTime:0.000493s ]
INFO: TokenBuild Behavior ::run [ RunTime:0.000464s ]
INFO: WriteHtmlCache Behavior ::run [ RunTime:0.000320s ]
INFO: ShowRuntime Behavior ::run [ RunTime:0.000572s ]
INFO: [ view_filter ] --END-- [ RunTime:0.002150s ]
INFO: [ view_end ] --START--
INFO: ShowPageTrace Behavior ::run [ RunTime:0.000674s ]
INFO: [ view_end ] --END-- [ RunTime:0.000771s ]

[ 2015-10-12T15:52:18+08:00 ] 127.0.0.1 /SCDA/index.php/Index/scda
INFO: [ route_check ] --START--
INFO: CheckRoute Behavior ::run [ RunTime:0.005924s ]
INFO: [ route_check ] --END-- [ RunTime:0.006172s ]
INFO: [ app_begin ] --START--
INFO: ReadHtmlCache Behavior ::run [ RunTime:0.001278s ]
INFO: [ app_begin ] --END-- [ RunTime:0.001457s ]
INFO: [ view_parse ] --START--
INFO: ParseTemplate Behavior ::run [ RunTime:0.011394s ]
INFO: [ view_parse ] --END-- [ RunTime:0.011594s ]
INFO: [ view_filter ] --START--
INFO: ContentReplace Behavior ::run [ RunTime:0.000759s ]
INFO: TokenBuild Behavior ::run [ RunTime:0.000561s ]
INFO: WriteHtmlCache Behavior ::run [ RunTime:0.000486s ]
INFO: ShowRuntime Behavior ::run [ RunTime:0.000763s ]
INFO: [ view_filter ] --END-- [ RunTime:0.002879s ]
INFO: [ view_end ] --START--
INFO: ShowPageTrace Behavior ::run [ RunTime:0.000862s ]
INFO: [ view_end ] --END-- [ RunTime:0.000959s ]

[ 2015-10-12T15:52:34+08:00 ] 127.0.0.1 /SCDA/index.php/Index/form
INFO: [ route_check ] --START--
INFO: CheckRoute Behavior ::run [ RunTime:0.001267s ]
INFO: [ route_check ] --END-- [ RunTime:0.001480s ]
INFO: [ app_begin ] --START--
INFO: ReadHtmlCache Behavior ::run [ RunTime:0.000966s ]
INFO: [ app_begin ] --END-- [ RunTime:0.001139s ]
INFO: [ view_parse ] --START--
NOTIC: [8] Undefined variable: data F:\wamp\www\SCDA\SCDA\Runtime\Cache\48028b86ff23ea5066b842297f8af223.php 第 131 行.
NOTIC: [8] Undefined variable: data F:\wamp\www\SCDA\SCDA\Runtime\Cache\48028b86ff23ea5066b842297f8af223.php 第 135 行.
NOTIC: [8] Undefined variable: data F:\wamp\www\SCDA\SCDA\Runtime\Cache\48028b86ff23ea5066b842297f8af223.php 第 139 行.
NOTIC: [8] Undefined variable: data F:\wamp\www\SCDA\SCDA\Runtime\Cache\48028b86ff23ea5066b842297f8af223.php 第 145 行.
NOTIC: [8] Undefined variable: data F:\wamp\www\SCDA\SCDA\Runtime\Cache\48028b86ff23ea5066b842297f8af223.php 第 149 行.
NOTIC: [8] Undefined variable: data F:\wamp\www\SCDA\SCDA\Runtime\Cache\48028b86ff23ea5066b842297f8af223.php 第 155 行.
NOTIC: [8] Undefined variable: data F:\wamp\www\SCDA\SCDA\Runtime\Cache\48028b86ff23ea5066b842297f8af223.php 第 161 行.
NOTIC: [8] Undefined variable: data F:\wamp\www\SCDA\SCDA\Runtime\Cache\48028b86ff23ea5066b842297f8af223.php 第 167 行.
NOTIC: [8] Undefined variable: data F:\wamp\www\SCDA\SCDA\Runtime\Cache\48028b86ff23ea5066b842297f8af223.php 第 173 行.
NOTIC: [8] Undefined variable: data F:\wamp\www\SCDA\SCDA\Runtime\Cache\48028b86ff23ea5066b842297f8af223.php 第 179 行.
NOTIC: [8] Undefined variable: data F:\wamp\www\SCDA\SCDA\Runtime\Cache\48028b86ff23ea5066b842297f8af223.php 第 189 行.
NOTIC: [8] Undefined variable: data F:\wamp\www\SCDA\SCDA\Runtime\Cache\48028b86ff23ea5066b842297f8af223.php 第 201 行.
NOTIC: [8] Undefined variable: data F:\wamp\www\SCDA\SCDA\Runtime\Cache\48028b86ff23ea5066b842297f8af223.php 第 220 行.
NOTIC: [8] Undefined variable: data F:\wamp\www\SCDA\SCDA\Runtime\Cache\48028b86ff23ea5066b842297f8af223.php 第 234 行.
NOTIC: [8] Undefined variable: data F:\wamp\www\SCDA\SCDA\Runtime\Cache\48028b86ff23ea5066b842297f8af223.php 第 248 行.
INFO: ParseTemplate Behavior ::run [ RunTime:0.020878s ]
INFO: [ view_parse ] --END-- [ RunTime:0.021057s ]
INFO: [ view_filter ] --START--
INFO: ContentReplace Behavior ::run [ RunTime:0.000941s ]
INFO: TokenBuild Behavior ::run [ RunTime:0.000861s ]
INFO: WriteHtmlCache Behavior ::run [ RunTime:0.000634s ]
INFO: ShowRuntime Behavior ::run [ RunTime:0.001089s ]
INFO: [ view_filter ] --END-- [ RunTime:0.004046s ]
INFO: [ view_end ] --START--
INFO: ShowPageTrace Behavior ::run [ RunTime:0.001259s ]
INFO: [ view_end ] --END-- [ RunTime:0.001438s ]

[ 2015-10-12T15:53:21+08:00 ] 127.0.0.1 /SCDA/index.php/Index/index
INFO: [ route_check ] --START--
INFO: CheckRoute Behavior ::run [ RunTime:0.001813s ]
INFO: [ route_check ] --END-- [ RunTime:0.002055s ]
INFO: [ app_begin ] --START--
INFO: ReadHtmlCache Behavior ::run [ RunTime:0.001054s ]
INFO: [ app_begin ] --END-- [ RunTime:0.001234s ]
INFO: [ view_parse ] --START--
NOTIC: [8] Undefined variable: data F:\wamp\www\SCDA\SCDA\Runtime\Cache\912a91f59b3115ecd7812dc09c7f8e58.php 第 446 行.
NOTIC: [8] Undefined variable: data F:\wamp\www\SCDA\SCDA\Runtime\Cache\912a91f59b3115ecd7812dc09c7f8e58.php 第 450 行.
NOTIC: [8] Undefined variable: data F:\wamp\www\SCDA\SCDA\Runtime\Cache\912a91f59b3115ecd7812dc09c7f8e58.php 第 454 行.
NOTIC: [8] Undefined variable: data F:\wamp\www\SCDA\SCDA\Runtime\Cache\912a91f59b3115ecd7812dc09c7f8e58.php 第 460 行.
NOTIC: [8] Undefined variable: data F:\wamp\www\SCDA\SCDA\Runtime\Cache\912a91f59b3115ecd7812dc09c7f8e58.php 第 464 行.
NOTIC: [8] Undefined variable: data F:\wamp\www\SCDA\SCDA\Runtime\Cache\912a91f59b3115ecd7812dc09c7f8e58.php 第 470 行.
NOTIC: [8] Undefined variable: data F:\wamp\www\SCDA\SCDA\Runtime\Cache\912a91f59b3115ecd7812dc09c7f8e58.php 第 476 行.
NOTIC: [8] Undefined variable: data F:\wamp\www\SCDA\SCDA\Runtime\Cache\912a91f59b3115ecd7812dc09c7f8e58.php 第 482 行.
NOTIC: [8] Undefined variable: data F:\wamp\www\SCDA\SCDA\Runtime\Cache\912a91f59b3115ecd7812dc09c7f8e58.php 第 488 行.
NOTIC: [8] Undefined variable: data F:\wamp\www\SCDA\SCDA\Runtime\Cache\912a91f59b3115ecd7812dc09c7f8e58.php 第 494 行.
NOTIC: [8] Undefined variable: data F:\wamp\www\SCDA\SCDA\Runtime\Cache\912a91f59b3115ecd7812dc09c7f8e58.php 第 502 行.
NOTIC: [8] Undefined variable: data F:\wamp\www\SCDA\SCDA\Runtime\Cache\912a91f59b3115ecd7812dc09c7f8e58.php 第 514 行.
NOTIC: [8] Undefined variable: data F:\wamp\www\SCDA\SCDA\Runtime\Cache\912a91f59b3115ecd7812dc09c7f8e58.php 第 533 行.
NOTIC: [8] Undefined variable: data F:\wamp\www\SCDA\SCDA\Runtime\Cache\912a91f59b3115ecd7812dc09c7f8e58.php 第 547 行.
NOTIC: [8] Undefined variable: data F:\wamp\www\SCDA\SCDA\Runtime\Cache\912a91f59b3115ecd7812dc09c7f8e58.php 第 561 行.
INFO: ParseTemplate Behavior ::run [ RunTime:0.015659s ]
INFO: [ view_parse ] --END-- [ RunTime:0.015784s ]
INFO: [ view_filter ] --START--
INFO: ContentReplace Behavior ::run [ RunTime:0.000610s ]
INFO: TokenBuild Behavior ::run [ RunTime:0.000454s ]
INFO: WriteHtmlCache Behavior ::run [ RunTime:0.000369s ]
INFO: ShowRuntime Behavior ::run [ RunTime:0.000577s ]
INFO: [ view_filter ] --END-- [ RunTime:0.002261s ]
INFO: [ view_end ] --START--
INFO: ShowPageTrace Behavior ::run [ RunTime:0.000609s ]
INFO: [ view_end ] --END-- [ RunTime:0.000705s ]

[ 2015-10-12T16:28:07+08:00 ] 127.0.0.1 /SCDA/
INFO: [ app_begin ] --START--
INFO: ReadHtmlCache Behavior ::run [ RunTime:0.002345s ]
INFO: [ app_begin ] --END-- [ RunTime:0.002750s ]
INFO: [ view_parse ] --START--
NOTIC: [8] Undefined variable: data F:\wamp\www\SCDA\SCDA\Runtime\Cache\912a91f59b3115ecd7812dc09c7f8e58.php 第 446 行.
NOTIC: [8] Undefined variable: data F:\wamp\www\SCDA\SCDA\Runtime\Cache\912a91f59b3115ecd7812dc09c7f8e58.php 第 450 行.
NOTIC: [8] Undefined variable: data F:\wamp\www\SCDA\SCDA\Runtime\Cache\912a91f59b3115ecd7812dc09c7f8e58.php 第 454 行.
NOTIC: [8] Undefined variable: data F:\wamp\www\SCDA\SCDA\Runtime\Cache\912a91f59b3115ecd7812dc09c7f8e58.php 第 460 行.
NOTIC: [8] Undefined variable: data F:\wamp\www\SCDA\SCDA\Runtime\Cache\912a91f59b3115ecd7812dc09c7f8e58.php 第 464 行.
NOTIC: [8] Undefined variable: data F:\wamp\www\SCDA\SCDA\Runtime\Cache\912a91f59b3115ecd7812dc09c7f8e58.php 第 470 行.
NOTIC: [8] Undefined variable: data F:\wamp\www\SCDA\SCDA\Runtime\Cache\912a91f59b3115ecd7812dc09c7f8e58.php 第 476 行.
NOTIC: [8] Undefined variable: data F:\wamp\www\SCDA\SCDA\Runtime\Cache\912a91f59b3115ecd7812dc09c7f8e58.php 第 482 行.
NOTIC: [8] Undefined variable: data F:\wamp\www\SCDA\SCDA\Runtime\Cache\912a91f59b3115ecd7812dc09c7f8e58.php 第 488 行.
NOTIC: [8] Undefined variable: data F:\wamp\www\SCDA\SCDA\Runtime\Cache\912a91f59b3115ecd7812dc09c7f8e58.php 第 494 行.
NOTIC: [8] Undefined variable: data F:\wamp\www\SCDA\SCDA\Runtime\Cache\912a91f59b3115ecd7812dc09c7f8e58.php 第 502 行.
NOTIC: [8] Undefined variable: data F:\wamp\www\SCDA\SCDA\Runtime\Cache\912a91f59b3115ecd7812dc09c7f8e58.php 第 514 行.
NOTIC: [8] Undefined variable: data F:\wamp\www\SCDA\SCDA\Runtime\Cache\912a91f59b3115ecd7812dc09c7f8e58.php 第 533 行.
NOTIC: [8] Undefined variable: data F:\wamp\www\SCDA\SCDA\Runtime\Cache\912a91f59b3115ecd7812dc09c7f8e58.php 第 547 行.
NOTIC: [8] Undefined variable: data F:\wamp\www\SCDA\SCDA\Runtime\Cache\912a91f59b3115ecd7812dc09c7f8e58.php 第 561 行.
INFO: ParseTemplate Behavior ::run [ RunTime:0.021955s ]
INFO: [ view_parse ] --END-- [ RunTime:0.022126s ]
INFO: [ view_filter ] --START--
INFO: ContentReplace Behavior ::run [ RunTime:0.001007s ]
INFO: TokenBuild Behavior ::run [ RunTime:0.000728s ]
INFO: WriteHtmlCache Behavior ::run [ RunTime:0.000614s ]
INFO: ShowRuntime Behavior ::run [ RunTime:0.001016s ]
INFO: [ view_filter ] --END-- [ RunTime:0.003811s ]
INFO: [ view_end ] --START--
INFO: ShowPageTrace Behavior ::run [ RunTime:0.001085s ]
INFO: [ view_end ] --END-- [ RunTime:0.001243s ]

[ 2015-10-12T16:28:10+08:00 ] 127.0.0.1 /SCDA/index.php/Index/bangong
INFO: [ route_check ] --START--
INFO: CheckRoute Behavior ::run [ RunTime:0.001346s ]
INFO: [ route_check ] --END-- [ RunTime:0.001572s ]
INFO: [ app_begin ] --START--
INFO: ReadHtmlCache Behavior ::run [ RunTime:0.000991s ]
INFO: [ app_begin ] --END-- [ RunTime:0.001158s ]
INFO: [ view_parse ] --START--
INFO: ParseTemplate Behavior ::run [ RunTime:0.009341s ]
INFO: [ view_parse ] --END-- [ RunTime:0.009498s ]
INFO: [ view_filter ] --START--
INFO: ContentReplace Behavior ::run [ RunTime:0.000583s ]
INFO: TokenBuild Behavior ::run [ RunTime:0.000499s ]
INFO: WriteHtmlCache Behavior ::run [ RunTime:0.000363s ]
INFO: ShowRuntime Behavior ::run [ RunTime:0.000552s ]
INFO: [ view_filter ] --END-- [ RunTime:0.002301s ]
INFO: [ view_end ] --START--
INFO: ShowPageTrace Behavior ::run [ RunTime:0.000689s ]
INFO: [ view_end ] --END-- [ RunTime:0.000793s ]

[ 2015-10-12T16:28:19+08:00 ] 127.0.0.1 /SCDA/index.php/Index/form
INFO: [ route_check ] --START--
INFO: CheckRoute Behavior ::run [ RunTime:0.001318s ]
INFO: [ route_check ] --END-- [ RunTime:0.001535s ]
INFO: [ app_begin ] --START--
INFO: ReadHtmlCache Behavior ::run [ RunTime:0.001000s ]
INFO: [ app_begin ] --END-- [ RunTime:0.001179s ]
INFO: [ view_parse ] --START--
NOTIC: [8] Undefined variable: data F:\wamp\www\SCDA\SCDA\Runtime\Cache\48028b86ff23ea5066b842297f8af223.php 第 131 行.
NOTIC: [8] Undefined variable: data F:\wamp\www\SCDA\SCDA\Runtime\Cache\48028b86ff23ea5066b842297f8af223.php 第 135 行.
NOTIC: [8] Undefined variable: data F:\wamp\www\SCDA\SCDA\Runtime\Cache\48028b86ff23ea5066b842297f8af223.php 第 139 行.
NOTIC: [8] Undefined variable: data F:\wamp\www\SCDA\SCDA\Runtime\Cache\48028b86ff23ea5066b842297f8af223.php 第 145 行.
NOTIC: [8] Undefined variable: data F:\wamp\www\SCDA\SCDA\Runtime\Cache\48028b86ff23ea5066b842297f8af223.php 第 149 行.
NOTIC: [8] Undefined variable: data F:\wamp\www\SCDA\SCDA\Runtime\Cache\48028b86ff23ea5066b842297f8af223.php 第 155 行.
NOTIC: [8] Undefined variable: data F:\wamp\www\SCDA\SCDA\Runtime\Cache\48028b86ff23ea5066b842297f8af223.php 第 161 行.
NOTIC: [8] Undefined variable: data F:\wamp\www\SCDA\SCDA\Runtime\Cache\48028b86ff23ea5066b842297f8af223.php 第 167 行.
NOTIC: [8] Undefined variable: data F:\wamp\www\SCDA\SCDA\Runtime\Cache\48028b86ff23ea5066b842297f8af223.php 第 173 行.
NOTIC: [8] Undefined variable: data F:\wamp\www\SCDA\SCDA\Runtime\Cache\48028b86ff23ea5066b842297f8af223.php 第 179 行.
NOTIC: [8] Undefined variable: data F:\wamp\www\SCDA\SCDA\Runtime\Cache\48028b86ff23ea5066b842297f8af223.php 第 189 行.
NOTIC: [8] Undefined variable: data F:\wamp\www\SCDA\SCDA\Runtime\Cache\48028b86ff23ea5066b842297f8af223.php 第 201 行.
NOTIC: [8] Undefined variable: data F:\wamp\www\SCDA\SCDA\Runtime\Cache\48028b86ff23ea5066b842297f8af223.php 第 220 行.
NOTIC: [8] Undefined variable: data F:\wamp\www\SCDA\SCDA\Runtime\Cache\48028b86ff23ea5066b842297f8af223.php 第 234 行.
NOTIC: [8] Undefined variable: data F:\wamp\www\SCDA\SCDA\Runtime\Cache\48028b86ff23ea5066b842297f8af223.php 第 248 行.
INFO: ParseTemplate Behavior ::run [ RunTime:0.011614s ]
INFO: [ view_parse ] --END-- [ RunTime:0.011739s ]
INFO: [ view_filter ] --START--
INFO: ContentReplace Behavior ::run [ RunTime:0.000575s ]
INFO: TokenBuild Behavior ::run [ RunTime:0.000657s ]
INFO: WriteHtmlCache Behavior ::run [ RunTime:0.031698s ]
INFO: ShowRuntime Behavior ::run [ RunTime:0.004019s ]
INFO: [ view_filter ] --END-- [ RunTime:0.037255s ]
INFO: [ view_end ] --START--
INFO: ShowPageTrace Behavior ::run [ RunTime:0.000713s ]
INFO: [ view_end ] --END-- [ RunTime:0.000818s ]

[ 2015-10-12T16:29:04+08:00 ] 127.0.0.1 /SCDA/index.php/Index/index
INFO: [ route_check ] --START--
INFO: CheckRoute Behavior ::run [ RunTime:0.003193s ]
INFO: [ route_check ] --END-- [ RunTime:0.003709s ]
INFO: [ app_begin ] --START--
INFO: ReadHtmlCache Behavior ::run [ RunTime:0.001979s ]
INFO: [ app_begin ] --END-- [ RunTime:0.002419s ]
INFO: [ view_parse ] --START--
NOTIC: [8] Undefined variable: data F:\wamp\www\SCDA\SCDA\Runtime\Cache\912a91f59b3115ecd7812dc09c7f8e58.php 第 446 行.
NOTIC: [8] Undefined variable: data F:\wamp\www\SCDA\SCDA\Runtime\Cache\912a91f59b3115ecd7812dc09c7f8e58.php 第 450 行.
NOTIC: [8] Undefined variable: data F:\wamp\www\SCDA\SCDA\Runtime\Cache\912a91f59b3115ecd7812dc09c7f8e58.php 第 454 行.
NOTIC: [8] Undefined variable: data F:\wamp\www\SCDA\SCDA\Runtime\Cache\912a91f59b3115ecd7812dc09c7f8e58.php 第 460 行.
NOTIC: [8] Undefined variable: data F:\wamp\www\SCDA\SCDA\Runtime\Cache\912a91f59b3115ecd7812dc09c7f8e58.php 第 464 行.
NOTIC: [8] Undefined variable: data F:\wamp\www\SCDA\SCDA\Runtime\Cache\912a91f59b3115ecd7812dc09c7f8e58.php 第 470 行.
NOTIC: [8] Undefined variable: data F:\wamp\www\SCDA\SCDA\Runtime\Cache\912a91f59b3115ecd7812dc09c7f8e58.php 第 476 行.
NOTIC: [8] Undefined variable: data F:\wamp\www\SCDA\SCDA\Runtime\Cache\912a91f59b3115ecd7812dc09c7f8e58.php 第 482 行.
NOTIC: [8] Undefined variable: data F:\wamp\www\SCDA\SCDA\Runtime\Cache\912a91f59b3115ecd7812dc09c7f8e58.php 第 488 行.
NOTIC: [8] Undefined variable: data F:\wamp\www\SCDA\SCDA\Runtime\Cache\912a91f59b3115ecd7812dc09c7f8e58.php 第 494 行.
NOTIC: [8] Undefined variable: data F:\wamp\www\SCDA\SCDA\Runtime\Cache\912a91f59b3115ecd7812dc09c7f8e58.php 第 502 行.
NOTIC: [8] Undefined variable: data F:\wamp\www\SCDA\SCDA\Runtime\Cache\912a91f59b3115ecd7812dc09c7f8e58.php 第 514 行.
NOTIC: [8] Undefined variable: data F:\wamp\www\SCDA\SCDA\Runtime\Cache\912a91f59b3115ecd7812dc09c7f8e58.php 第 533 行.
NOTIC: [8] Undefined variable: data F:\wamp\www\SCDA\SCDA\Runtime\Cache\912a91f59b3115ecd7812dc09c7f8e58.php 第 547 行.
NOTIC: [8] Undefined variable: data F:\wamp\www\SCDA\SCDA\Runtime\Cache\912a91f59b3115ecd7812dc09c7f8e58.php 第 561 行.
INFO: ParseTemplate Behavior ::run [ RunTime:0.037088s ]
INFO: [ view_parse ] --END-- [ RunTime:0.037358s ]
INFO: [ view_filter ] --START--
INFO: ContentReplace Behavior ::run [ RunTime:0.001596s ]
INFO: TokenBuild Behavior ::run [ RunTime:0.000902s ]
INFO: WriteHtmlCache Behavior ::run [ RunTime:0.000716s ]
INFO: ShowRuntime Behavior ::run [ RunTime:0.000953s ]
INFO: [ view_filter ] --END-- [ RunTime:0.004820s ]
INFO: [ view_end ] --START--
INFO: ShowPageTrace Behavior ::run [ RunTime:0.001117s ]
INFO: [ view_end ] --END-- [ RunTime:0.001281s ]

[ 2015-10-12T16:32:20+08:00 ] 127.0.0.1 /SCDA/index.php/Index/xuanchuan
INFO: [ route_check ] --START--
INFO: CheckRoute Behavior ::run [ RunTime:0.001600s ]
INFO: [ route_check ] --END-- [ RunTime:0.001823s ]
INFO: [ app_begin ] --START--
INFO: ReadHtmlCache Behavior ::run [ RunTime:0.001216s ]
INFO: [ app_begin ] --END-- [ RunTime:0.001392s ]
INFO: [ view_parse ] --START--
INFO: ParseTemplate Behavior ::run [ RunTime:0.014345s ]
INFO: [ view_parse ] --END-- [ RunTime:0.014627s ]
INFO: [ view_filter ] --START--
INFO: ContentReplace Behavior ::run [ RunTime:0.001274s ]
INFO: TokenBuild Behavior ::run [ RunTime:0.000941s ]
INFO: WriteHtmlCache Behavior ::run [ RunTime:0.000660s ]
INFO: ShowRuntime Behavior ::run [ RunTime:0.001010s ]
INFO: [ view_filter ] --END-- [ RunTime:0.004394s ]
INFO: [ view_end ] --START--
INFO: ShowPageTrace Behavior ::run [ RunTime:0.001178s ]
INFO: [ view_end ] --END-- [ RunTime:0.001342s ]

[ 2015-10-12T16:32:39+08:00 ] 127.0.0.1 /SCDA/index.php/Index/index
INFO: [ route_check ] --START--
INFO: CheckRoute Behavior ::run [ RunTime:0.001640s ]
INFO: [ route_check ] --END-- [ RunTime:0.001861s ]
INFO: [ app_begin ] --START--
INFO: ReadHtmlCache Behavior ::run [ RunTime:0.001549s ]
INFO: [ app_begin ] --END-- [ RunTime:0.001736s ]
INFO: [ view_parse ] --START--
NOTIC: [8] Undefined variable: data F:\wamp\www\SCDA\SCDA\Runtime\Cache\912a91f59b3115ecd7812dc09c7f8e58.php 第 446 行.
NOTIC: [8] Undefined variable: data F:\wamp\www\SCDA\SCDA\Runtime\Cache\912a91f59b3115ecd7812dc09c7f8e58.php 第 450 行.
NOTIC: [8] Undefined variable: data F:\wamp\www\SCDA\SCDA\Runtime\Cache\912a91f59b3115ecd7812dc09c7f8e58.php 第 454 行.
NOTIC: [8] Undefined variable: data F:\wamp\www\SCDA\SCDA\Runtime\Cache\912a91f59b3115ecd7812dc09c7f8e58.php 第 460 行.
NOTIC: [8] Undefined variable: data F:\wamp\www\SCDA\SCDA\Runtime\Cache\912a91f59b3115ecd7812dc09c7f8e58.php 第 464 行.
NOTIC: [8] Undefined variable: data F:\wamp\www\SCDA\SCDA\Runtime\Cache\912a91f59b3115ecd7812dc09c7f8e58.php 第 470 行.
NOTIC: [8] Undefined variable: data F:\wamp\www\SCDA\SCDA\Runtime\Cache\912a91f59b3115ecd7812dc09c7f8e58.php 第 476 行.
NOTIC: [8] Undefined variable: data F:\wamp\www\SCDA\SCDA\Runtime\Cache\912a91f59b3115ecd7812dc09c7f8e58.php 第 482 行.
NOTIC: [8] Undefined variable: data F:\wamp\www\SCDA\SCDA\Runtime\Cache\912a91f59b3115ecd7812dc09c7f8e58.php 第 488 行.
NOTIC: [8] Undefined variable: data F:\wamp\www\SCDA\SCDA\Runtime\Cache\912a91f59b3115ecd7812dc09c7f8e58.php 第 494 行.
NOTIC: [8] Undefined variable: data F:\wamp\www\SCDA\SCDA\Runtime\Cache\912a91f59b3115ecd7812dc09c7f8e58.php 第 502 行.
NOTIC: [8] Undefined variable: data F:\wamp\www\SCDA\SCDA\Runtime\Cache\912a91f59b3115ecd7812dc09c7f8e58.php 第 514 行.
NOTIC: [8] Undefined variable: data F:\wamp\www\SCDA\SCDA\Runtime\Cache\912a91f59b3115ecd7812dc09c7f8e58.php 第 533 行.
NOTIC: [8] Undefined variable: data F:\wamp\www\SCDA\SCDA\Runtime\Cache\912a91f59b3115ecd7812dc09c7f8e58.php 第 547 行.
NOTIC: [8] Undefined variable: data F:\wamp\www\SCDA\SCDA\Runtime\Cache\912a91f59b3115ecd7812dc09c7f8e58.php 第 561 行.
INFO: ParseTemplate Behavior ::run [ RunTime:0.020489s ]
INFO: [ view_parse ] --END-- [ RunTime:0.020647s ]
INFO: [ view_filter ] --START--
INFO: ContentReplace Behavior ::run [ RunTime:0.000737s ]
INFO: TokenBuild Behavior ::run [ RunTime:0.000671s ]
INFO: WriteHtmlCache Behavior ::run [ RunTime:0.000488s ]
INFO: ShowRuntime Behavior ::run [ RunTime:0.000731s ]
INFO: [ view_filter ] --END-- [ RunTime:0.002930s ]
INFO: [ view_end ] --START--
INFO: ShowPageTrace Behavior ::run [ RunTime:0.000762s ]
INFO: [ view_end ] --END-- [ RunTime:0.000858s ]

[ 2015-10-12T16:33:05+08:00 ] 127.0.0.1 /SCDA/index.php/Index/form
INFO: [ route_check ] --START--
INFO: CheckRoute Behavior ::run [ RunTime:0.001410s ]
INFO: [ route_check ] --END-- [ RunTime:0.001636s ]
INFO: [ app_begin ] --START--
INFO: ReadHtmlCache Behavior ::run [ RunTime:0.001022s ]
INFO: [ app_begin ] --END-- [ RunTime:0.001198s ]
INFO: [ view_parse ] --START--
NOTIC: [8] Undefined variable: data F:\wamp\www\SCDA\SCDA\Runtime\Cache\48028b86ff23ea5066b842297f8af223.php 第 131 行.
NOTIC: [8] Undefined variable: data F:\wamp\www\SCDA\SCDA\Runtime\Cache\48028b86ff23ea5066b842297f8af223.php 第 135 行.
NOTIC: [8] Undefined variable: data F:\wamp\www\SCDA\SCDA\Runtime\Cache\48028b86ff23ea5066b842297f8af223.php 第 139 行.
NOTIC: [8] Undefined variable: data F:\wamp\www\SCDA\SCDA\Runtime\Cache\48028b86ff23ea5066b842297f8af223.php 第 145 行.
NOTIC: [8] Undefined variable: data F:\wamp\www\SCDA\SCDA\Runtime\Cache\48028b86ff23ea5066b842297f8af223.php 第 149 行.
NOTIC: [8] Undefined variable: data F:\wamp\www\SCDA\SCDA\Runtime\Cache\48028b86ff23ea5066b842297f8af223.php 第 155 行.
NOTIC: [8] Undefined variable: data F:\wamp\www\SCDA\SCDA\Runtime\Cache\48028b86ff23ea5066b842297f8af223.php 第 161 行.
NOTIC: [8] Undefined variable: data F:\wamp\www\SCDA\SCDA\Runtime\Cache\48028b86ff23ea5066b842297f8af223.php 第 167 行.
NOTIC: [8] Undefined variable: data F:\wamp\www\SCDA\SCDA\Runtime\Cache\48028b86ff23ea5066b842297f8af223.php 第 173 行.
NOTIC: [8] Undefined variable: data F:\wamp\www\SCDA\SCDA\Runtime\Cache\48028b86ff23ea5066b842297f8af223.php 第 179 行.
NOTIC: [8] Undefined variable: data F:\wamp\www\SCDA\SCDA\Runtime\Cache\48028b86ff23ea5066b842297f8af223.php 第 189 行.
NOTIC: [8] Undefined variable: data F:\wamp\www\SCDA\SCDA\Runtime\Cache\48028b86ff23ea5066b842297f8af223.php 第 201 行.
NOTIC: [8] Undefined variable: data F:\wamp\www\SCDA\SCDA\Runtime\Cache\48028b86ff23ea5066b842297f8af223.php 第 220 行.
NOTIC: [8] Undefined variable: data F:\wamp\www\SCDA\SCDA\Runtime\Cache\48028b86ff23ea5066b842297f8af223.php 第 234 行.
NOTIC: [8] Undefined variable: data F:\wamp\www\SCDA\SCDA\Runtime\Cache\48028b86ff23ea5066b842297f8af223.php 第 248 行.
INFO: ParseTemplate Behavior ::run [ RunTime:0.020274s ]
INFO: [ view_parse ] --END-- [ RunTime:0.020520s ]
INFO: [ view_filter ] --START--
INFO: ContentReplace Behavior ::run [ RunTime:0.001294s ]
INFO: TokenBuild Behavior ::run [ RunTime:0.001222s ]
INFO: WriteHtmlCache Behavior ::run [ RunTime:0.000827s ]
INFO: ShowRuntime Behavior ::run [ RunTime:0.001087s ]
INFO: [ view_filter ] --END-- [ RunTime:0.005157s ]
INFO: [ view_end ] --START--
INFO: ShowPageTrace Behavior ::run [ RunTime:0.001198s ]
INFO: [ view_end ] --END-- [ RunTime:0.001408s ]

[ 2015-10-12T16:33:09+08:00 ] 127.0.0.1 /SCDA/index.php/Index/index
INFO: [ route_check ] --START--
INFO: CheckRoute Behavior ::run [ RunTime:0.001211s ]
INFO: [ route_check ] --END-- [ RunTime:0.001441s ]
INFO: [ app_begin ] --START--
INFO: ReadHtmlCache Behavior ::run [ RunTime:0.000802s ]
INFO: [ app_begin ] --END-- [ RunTime:0.000927s ]
INFO: [ view_parse ] --START--
NOTIC: [8] Undefined variable: data F:\wamp\www\SCDA\SCDA\Runtime\Cache\912a91f59b3115ecd7812dc09c7f8e58.php 第 446 行.
NOTIC: [8] Undefined variable: data F:\wamp\www\SCDA\SCDA\Runtime\Cache\912a91f59b3115ecd7812dc09c7f8e58.php 第 450 行.
NOTIC: [8] Undefined variable: data F:\wamp\www\SCDA\SCDA\Runtime\Cache\912a91f59b3115ecd7812dc09c7f8e58.php 第 454 行.
NOTIC: [8] Undefined variable: data F:\wamp\www\SCDA\SCDA\Runtime\Cache\912a91f59b3115ecd7812dc09c7f8e58.php 第 460 行.
NOTIC: [8] Undefined variable: data F:\wamp\www\SCDA\SCDA\Runtime\Cache\912a91f59b3115ecd7812dc09c7f8e58.php 第 464 行.
NOTIC: [8] Undefined variable: data F:\wamp\www\SCDA\SCDA\Runtime\Cache\912a91f59b3115ecd7812dc09c7f8e58.php 第 470 行.
NOTIC: [8] Undefined variable: data F:\wamp\www\SCDA\SCDA\Runtime\Cache\912a91f59b3115ecd7812dc09c7f8e58.php 第 476 行.
NOTIC: [8] Undefined variable: data F:\wamp\www\SCDA\SCDA\Runtime\Cache\912a91f59b3115ecd7812dc09c7f8e58.php 第 482 行.
NOTIC: [8] Undefined variable: data F:\wamp\www\SCDA\SCDA\Runtime\Cache\912a91f59b3115ecd7812dc09c7f8e58.php 第 488 行.
NOTIC: [8] Undefined variable: data F:\wamp\www\SCDA\SCDA\Runtime\Cache\912a91f59b3115ecd7812dc09c7f8e58.php 第 494 行.
NOTIC: [8] Undefined variable: data F:\wamp\www\SCDA\SCDA\Runtime\Cache\912a91f59b3115ecd7812dc09c7f8e58.php 第 502 行.
NOTIC: [8] Undefined variable: data F:\wamp\www\SCDA\SCDA\Runtime\Cache\912a91f59b3115ecd7812dc09c7f8e58.php 第 514 行.
NOTIC: [8] Undefined variable: data F:\wamp\www\SCDA\SCDA\Runtime\Cache\912a91f59b3115ecd7812dc09c7f8e58.php 第 533 行.
NOTIC: [8] Undefined variable: data F:\wamp\www\SCDA\SCDA\Runtime\Cache\912a91f59b3115ecd7812dc09c7f8e58.php 第 547 行.
NOTIC: [8] Undefined variable: data F:\wamp\www\SCDA\SCDA\Runtime\Cache\912a91f59b3115ecd7812dc09c7f8e58.php 第 561 行.
INFO: ParseTemplate Behavior ::run [ RunTime:0.013860s ]
INFO: [ view_parse ] --END-- [ RunTime:0.013960s ]
INFO: [ view_filter ] --START--
INFO: ContentReplace Behavior ::run [ RunTime:0.000594s ]
INFO: TokenBuild Behavior ::run [ RunTime:0.000571s ]
INFO: WriteHtmlCache Behavior ::run [ RunTime:0.000403s ]
INFO: ShowRuntime Behavior ::run [ RunTime:0.000651s ]
INFO: [ view_filter ] --END-- [ RunTime:0.002481s ]
INFO: [ view_end ] --START--
INFO: ShowPageTrace Behavior ::run [ RunTime:0.000672s ]
INFO: [ view_end ] --END-- [ RunTime:0.000764s ]

[ 2015-10-12T16:33:12+08:00 ] 127.0.0.1 /SCDA/index.php/Index/bangong
INFO: [ route_check ] --START--
INFO: CheckRoute Behavior ::run [ RunTime:0.001192s ]
INFO: [ route_check ] --END-- [ RunTime:0.001383s ]
INFO: [ app_begin ] --START--
INFO: ReadHtmlCache Behavior ::run [ RunTime:0.000683s ]
INFO: [ app_begin ] --END-- [ RunTime:0.000793s ]
INFO: [ view_parse ] --START--
INFO: ParseTemplate Behavior ::run [ RunTime:0.011539s ]
INFO: [ view_parse ] --END-- [ RunTime:0.011679s ]
INFO: [ view_filter ] --START--
INFO: ContentReplace Behavior ::run [ RunTime:0.000608s ]
INFO: TokenBuild Behavior ::run [ RunTime:0.000538s ]
INFO: WriteHtmlCache Behavior ::run [ RunTime:0.000333s ]
INFO: ShowRuntime Behavior ::run [ RunTime:0.000552s ]
INFO: [ view_filter ] --END-- [ RunTime:0.002338s ]
INFO: [ view_end ] --START--
INFO: ShowPageTrace Behavior ::run [ RunTime:0.000740s ]
INFO: [ view_end ] --END-- [ RunTime:0.000832s ]

[ 2015-10-12T16:33:29+08:00 ] 127.0.0.1 /SCDA/index.php/Index/form
INFO: [ route_check ] --START--
INFO: CheckRoute Behavior ::run [ RunTime:0.001433s ]
INFO: [ route_check ] --END-- [ RunTime:0.001672s ]
INFO: [ app_begin ] --START--
INFO: ReadHtmlCache Behavior ::run [ RunTime:0.001163s ]
INFO: [ app_begin ] --END-- [ RunTime:0.001361s ]
INFO: [ view_parse ] --START--
NOTIC: [8] Undefined variable: data F:\wamp\www\SCDA\SCDA\Runtime\Cache\48028b86ff23ea5066b842297f8af223.php 第 131 行.
NOTIC: [8] Undefined variable: data F:\wamp\www\SCDA\SCDA\Runtime\Cache\48028b86ff23ea5066b842297f8af223.php 第 135 行.
NOTIC: [8] Undefined variable: data F:\wamp\www\SCDA\SCDA\Runtime\Cache\48028b86ff23ea5066b842297f8af223.php 第 139 行.
NOTIC: [8] Undefined variable: data F:\wamp\www\SCDA\SCDA\Runtime\Cache\48028b86ff23ea5066b842297f8af223.php 第 145 行.
NOTIC: [8] Undefined variable: data F:\wamp\www\SCDA\SCDA\Runtime\Cache\48028b86ff23ea5066b842297f8af223.php 第 149 行.
NOTIC: [8] Undefined variable: data F:\wamp\www\SCDA\SCDA\Runtime\Cache\48028b86ff23ea5066b842297f8af223.php 第 155 行.
NOTIC: [8] Undefined variable: data F:\wamp\www\SCDA\SCDA\Runtime\Cache\48028b86ff23ea5066b842297f8af223.php 第 161 行.
NOTIC: [8] Undefined variable: data F:\wamp\www\SCDA\SCDA\Runtime\Cache\48028b86ff23ea5066b842297f8af223.php 第 167 行.
NOTIC: [8] Undefined variable: data F:\wamp\www\SCDA\SCDA\Runtime\Cache\48028b86ff23ea5066b842297f8af223.php 第 173 行.
NOTIC: [8] Undefined variable: data F:\wamp\www\SCDA\SCDA\Runtime\Cache\48028b86ff23ea5066b842297f8af223.php 第 179 行.
NOTIC: [8] Undefined variable: data F:\wamp\www\SCDA\SCDA\Runtime\Cache\48028b86ff23ea5066b842297f8af223.php 第 189 行.
NOTIC: [8] Undefined variable: data F:\wamp\www\SCDA\SCDA\Runtime\Cache\48028b86ff23ea5066b842297f8af223.php 第 201 行.
NOTIC: [8] Undefined variable: data F:\wamp\www\SCDA\SCDA\Runtime\Cache\48028b86ff23ea5066b842297f8af223.php 第 220 行.
NOTIC: [8] Undefined variable: data F:\wamp\www\SCDA\SCDA\Runtime\Cache\48028b86ff23ea5066b842297f8af223.php 第 234 行.
NOTIC: [8] Undefined variable: data F:\wamp\www\SCDA\SCDA\Runtime\Cache\48028b86ff23ea5066b842297f8af223.php 第 248 行.
INFO: ParseTemplate Behavior ::run [ RunTime:0.019464s ]
INFO: [ view_parse ] --END-- [ RunTime:0.019665s ]
INFO: [ view_filter ] --START--
INFO: ContentReplace Behavior ::run [ RunTime:0.000990s ]
INFO: TokenBuild Behavior ::run [ RunTime:0.000972s ]
INFO: WriteHtmlCache Behavior ::run [ RunTime:0.000706s ]
INFO: ShowRuntime Behavior ::run [ RunTime:0.001148s ]
INFO: [ view_filter ] --END-- [ RunTime:0.004342s ]
INFO: [ view_end ] --START--
INFO: ShowPageTrace Behavior ::run [ RunTime:0.001241s ]
INFO: [ view_end ] --END-- [ RunTime:0.001451s ]

[ 2015-10-12T16:33:31+08:00 ] 127.0.0.1 /SCDA/index.php/Index/index
INFO: [ route_check ] --START--
INFO: CheckRoute Behavior ::run [ RunTime:0.001273s ]
INFO: [ route_check ] --END-- [ RunTime:0.001482s ]
INFO: [ app_begin ] --START--
INFO: ReadHtmlCache Behavior ::run [ RunTime:0.001002s ]
INFO: [ app_begin ] --END-- [ RunTime:0.001179s ]
INFO: [ view_parse ] --START--
NOTIC: [8] Undefined variable: data F:\wamp\www\SCDA\SCDA\Runtime\Cache\912a91f59b3115ecd7812dc09c7f8e58.php 第 446 行.
NOTIC: [8] Undefined variable: data F:\wamp\www\SCDA\SCDA\Runtime\Cache\912a91f59b3115ecd7812dc09c7f8e58.php 第 450 行.
NOTIC: [8] Undefined variable: data F:\wamp\www\SCDA\SCDA\Runtime\Cache\912a91f59b3115ecd7812dc09c7f8e58.php 第 454 行.
NOTIC: [8] Undefined variable: data F:\wamp\www\SCDA\SCDA\Runtime\Cache\912a91f59b3115ecd7812dc09c7f8e58.php 第 460 行.
NOTIC: [8] Undefined variable: data F:\wamp\www\SCDA\SCDA\Runtime\Cache\912a91f59b3115ecd7812dc09c7f8e58.php 第 464 行.
NOTIC: [8] Undefined variable: data F:\wamp\www\SCDA\SCDA\Runtime\Cache\912a91f59b3115ecd7812dc09c7f8e58.php 第 470 行.
NOTIC: [8] Undefined variable: data F:\wamp\www\SCDA\SCDA\Runtime\Cache\912a91f59b3115ecd7812dc09c7f8e58.php 第 476 行.
NOTIC: [8] Undefined variable: data F:\wamp\www\SCDA\SCDA\Runtime\Cache\912a91f59b3115ecd7812dc09c7f8e58.php 第 482 行.
NOTIC: [8] Undefined variable: data F:\wamp\www\SCDA\SCDA\Runtime\Cache\912a91f59b3115ecd7812dc09c7f8e58.php 第 488 行.
NOTIC: [8] Undefined variable: data F:\wamp\www\SCDA\SCDA\Runtime\Cache\912a91f59b3115ecd7812dc09c7f8e58.php 第 494 行.
NOTIC: [8] Undefined variable: data F:\wamp\www\SCDA\SCDA\Runtime\Cache\912a91f59b3115ecd7812dc09c7f8e58.php 第 502 行.
NOTIC: [8] Undefined variable: data F:\wamp\www\SCDA\SCDA\Runtime\Cache\912a91f59b3115ecd7812dc09c7f8e58.php 第 514 行.
NOTIC: [8] Undefined variable: data F:\wamp\www\SCDA\SCDA\Runtime\Cache\912a91f59b3115ecd7812dc09c7f8e58.php 第 533 行.
NOTIC: [8] Undefined variable: data F:\wamp\www\SCDA\SCDA\Runtime\Cache\912a91f59b3115ecd7812dc09c7f8e58.php 第 547 行.
NOTIC: [8] Undefined variable: data F:\wamp\www\SCDA\SCDA\Runtime\Cache\912a91f59b3115ecd7812dc09c7f8e58.php 第 561 行.
INFO: ParseTemplate Behavior ::run [ RunTime:0.021937s ]
INFO: [ view_parse ] --END-- [ RunTime:0.022105s ]
INFO: [ view_filter ] --START--
INFO: ContentReplace Behavior ::run [ RunTime:0.002047s ]
INFO: TokenBuild Behavior ::run [ RunTime:0.000972s ]
INFO: WriteHtmlCache Behavior ::run [ RunTime:0.000516s ]
INFO: ShowRuntime Behavior ::run [ RunTime:0.000861s ]
INFO: [ view_filter ] --END-- [ RunTime:0.004923s ]
INFO: [ view_end ] --START--
INFO: ShowPageTrace Behavior ::run [ RunTime:0.000595s ]
INFO: [ view_end ] --END-- [ RunTime:0.000712s ]

[ 2015-10-12T16:33:35+08:00 ] 127.0.0.1 /SCDA/index.php/Index/chuanmei
INFO: [ route_check ] --START--
INFO: CheckRoute Behavior ::run [ RunTime:0.001155s ]
INFO: [ route_check ] --END-- [ RunTime:0.001371s ]
INFO: [ app_begin ] --START--
INFO: ReadHtmlCache Behavior ::run [ RunTime:0.000931s ]
INFO: [ app_begin ] --END-- [ RunTime:0.001065s ]
INFO: [ view_parse ] --START--
INFO: ParseTemplate Behavior ::run [ RunTime:0.043526s ]
INFO: [ view_parse ] --END-- [ RunTime:0.043913s ]
INFO: [ view_filter ] --START--
INFO: ContentReplace Behavior ::run [ RunTime:0.000690s ]
INFO: TokenBuild Behavior ::run [ RunTime:0.000600s ]
INFO: WriteHtmlCache Behavior ::run [ RunTime:0.000439s ]
INFO: ShowRuntime Behavior ::run [ RunTime:0.000685s ]
INFO: [ view_filter ] --END-- [ RunTime:0.002834s ]
INFO: [ view_end ] --START--
INFO: ShowPageTrace Behavior ::run [ RunTime:0.000915s ]
INFO: [ view_end ] --END-- [ RunTime:0.001028s ]

[ 2015-10-12T16:33:59+08:00 ] 127.0.0.1 /SCDA/index.php/Index/xuanchuan
INFO: [ route_check ] --START--
INFO: CheckRoute Behavior ::run [ RunTime:0.001141s ]
INFO: [ route_check ] --END-- [ RunTime:0.001351s ]
INFO: [ app_begin ] --START--
INFO: ReadHtmlCache Behavior ::run [ RunTime:0.000893s ]
INFO: [ app_begin ] --END-- [ RunTime:0.001070s ]
INFO: [ view_parse ] --START--
INFO: ParseTemplate Behavior ::run [ RunTime:0.010402s ]
INFO: [ view_parse ] --END-- [ RunTime:0.010594s ]
INFO: [ view_filter ] --START--
INFO: ContentReplace Behavior ::run [ RunTime:0.000592s ]
INFO: TokenBuild Behavior ::run [ RunTime:0.000560s ]
INFO: WriteHtmlCache Behavior ::run [ RunTime:0.000392s ]
INFO: ShowRuntime Behavior ::run [ RunTime:0.000662s ]
INFO: [ view_filter ] --END-- [ RunTime:0.002605s ]
INFO: [ view_end ] --START--
INFO: ShowPageTrace Behavior ::run [ RunTime:0.000803s ]
INFO: [ view_end ] --END-- [ RunTime:0.000969s ]

[ 2015-10-12T16:35:15+08:00 ] 127.0.0.1 /SCDA/index.php/Index/index
INFO: [ route_check ] --START--
INFO: CheckRoute Behavior ::run [ RunTime:0.001703s ]
INFO: [ route_check ] --END-- [ RunTime:0.001976s ]
INFO: [ app_begin ] --START--
INFO: ReadHtmlCache Behavior ::run [ RunTime:0.001169s ]
INFO: [ app_begin ] --END-- [ RunTime:0.001348s ]
INFO: [ view_parse ] --START--
NOTIC: [8] Undefined variable: data F:\wamp\www\SCDA\SCDA\Runtime\Cache\912a91f59b3115ecd7812dc09c7f8e58.php 第 446 行.
NOTIC: [8] Undefined variable: data F:\wamp\www\SCDA\SCDA\Runtime\Cache\912a91f59b3115ecd7812dc09c7f8e58.php 第 450 行.
NOTIC: [8] Undefined variable: data F:\wamp\www\SCDA\SCDA\Runtime\Cache\912a91f59b3115ecd7812dc09c7f8e58.php 第 454 行.
NOTIC: [8] Undefined variable: data F:\wamp\www\SCDA\SCDA\Runtime\Cache\912a91f59b3115ecd7812dc09c7f8e58.php 第 460 行.
NOTIC: [8] Undefined variable: data F:\wamp\www\SCDA\SCDA\Runtime\Cache\912a91f59b3115ecd7812dc09c7f8e58.php 第 464 行.
NOTIC: [8] Undefined variable: data F:\wamp\www\SCDA\SCDA\Runtime\Cache\912a91f59b3115ecd7812dc09c7f8e58.php 第 470 行.
NOTIC: [8] Undefined variable: data F:\wamp\www\SCDA\SCDA\Runtime\Cache\912a91f59b3115ecd7812dc09c7f8e58.php 第 476 行.
NOTIC: [8] Undefined variable: data F:\wamp\www\SCDA\SCDA\Runtime\Cache\912a91f59b3115ecd7812dc09c7f8e58.php 第 482 行.
NOTIC: [8] Undefined variable: data F:\wamp\www\SCDA\SCDA\Runtime\Cache\912a91f59b3115ecd7812dc09c7f8e58.php 第 488 行.
NOTIC: [8] Undefined variable: data F:\wamp\www\SCDA\SCDA\Runtime\Cache\912a91f59b3115ecd7812dc09c7f8e58.php 第 494 行.
NOTIC: [8] Undefined variable: data F:\wamp\www\SCDA\SCDA\Runtime\Cache\912a91f59b3115ecd7812dc09c7f8e58.php 第 502 行.
NOTIC: [8] Undefined variable: data F:\wamp\www\SCDA\SCDA\Runtime\Cache\912a91f59b3115ecd7812dc09c7f8e58.php 第 514 行.
NOTIC: [8] Undefined variable: data F:\wamp\www\SCDA\SCDA\Runtime\Cache\912a91f59b3115ecd7812dc09c7f8e58.php 第 533 行.
NOTIC: [8] Undefined variable: data F:\wamp\www\SCDA\SCDA\Runtime\Cache\912a91f59b3115ecd7812dc09c7f8e58.php 第 547 行.
NOTIC: [8] Undefined variable: data F:\wamp\www\SCDA\SCDA\Runtime\Cache\912a91f59b3115ecd7812dc09c7f8e58.php 第 561 行.
INFO: ParseTemplate Behavior ::run [ RunTime:0.022629s ]
INFO: [ view_parse ] --END-- [ RunTime:0.022765s ]
INFO: [ view_filter ] --START--
INFO: ContentReplace Behavior ::run [ RunTime:0.000748s ]
INFO: TokenBuild Behavior ::run [ RunTime:0.000616s ]
INFO: WriteHtmlCache Behavior ::run [ RunTime:0.000465s ]
INFO: ShowRuntime Behavior ::run [ RunTime:0.000806s ]
INFO: [ view_filter ] --END-- [ RunTime:0.002999s ]
INFO: [ view_end ] --START--
INFO: ShowPageTrace Behavior ::run [ RunTime:0.001079s ]
INFO: [ view_end ] --END-- [ RunTime:0.001219s ]

[ 2015-10-12T16:37:16+08:00 ] 127.0.0.1 /SCDA/
INFO: [ app_begin ] --START--
INFO: ReadHtmlCache Behavior ::run [ RunTime:0.000889s ]
INFO: [ app_begin ] --END-- [ RunTime:0.001009s ]
INFO: [ view_parse ] --START--
NOTIC: [8] Undefined variable: data F:\wamp\www\SCDA\SCDA\Runtime\Cache\912a91f59b3115ecd7812dc09c7f8e58.php 第 446 行.
NOTIC: [8] Undefined variable: data F:\wamp\www\SCDA\SCDA\Runtime\Cache\912a91f59b3115ecd7812dc09c7f8e58.php 第 450 行.
NOTIC: [8] Undefined variable: data F:\wamp\www\SCDA\SCDA\Runtime\Cache\912a91f59b3115ecd7812dc09c7f8e58.php 第 454 行.
NOTIC: [8] Undefined variable: data F:\wamp\www\SCDA\SCDA\Runtime\Cache\912a91f59b3115ecd7812dc09c7f8e58.php 第 460 行.
NOTIC: [8] Undefined variable: data F:\wamp\www\SCDA\SCDA\Runtime\Cache\912a91f59b3115ecd7812dc09c7f8e58.php 第 464 行.
NOTIC: [8] Undefined variable: data F:\wamp\www\SCDA\SCDA\Runtime\Cache\912a91f59b3115ecd7812dc09c7f8e58.php 第 470 行.
NOTIC: [8] Undefined variable: data F:\wamp\www\SCDA\SCDA\Runtime\Cache\912a91f59b3115ecd7812dc09c7f8e58.php 第 476 行.
NOTIC: [8] Undefined variable: data F:\wamp\www\SCDA\SCDA\Runtime\Cache\912a91f59b3115ecd7812dc09c7f8e58.php 第 482 行.
NOTIC: [8] Undefined variable: data F:\wamp\www\SCDA\SCDA\Runtime\Cache\912a91f59b3115ecd7812dc09c7f8e58.php 第 488 行.
NOTIC: [8] Undefined variable: data F:\wamp\www\SCDA\SCDA\Runtime\Cache\912a91f59b3115ecd7812dc09c7f8e58.php 第 494 行.
NOTIC: [8] Undefined variable: data F:\wamp\www\SCDA\SCDA\Runtime\Cache\912a91f59b3115ecd7812dc09c7f8e58.php 第 502 行.
NOTIC: [8] Undefined variable: data F:\wamp\www\SCDA\SCDA\Runtime\Cache\912a91f59b3115ecd7812dc09c7f8e58.php 第 514 行.
NOTIC: [8] Undefined variable: data F:\wamp\www\SCDA\SCDA\Runtime\Cache\912a91f59b3115ecd7812dc09c7f8e58.php 第 533 行.
NOTIC: [8] Undefined variable: data F:\wamp\www\SCDA\SCDA\Runtime\Cache\912a91f59b3115ecd7812dc09c7f8e58.php 第 547 行.
NOTIC: [8] Undefined variable: data F:\wamp\www\SCDA\SCDA\Runtime\Cache\912a91f59b3115ecd7812dc09c7f8e58.php 第 561 行.
INFO: ParseTemplate Behavior ::run [ RunTime:0.015207s ]
INFO: [ view_parse ] --END-- [ RunTime:0.015329s ]
INFO: [ view_filter ] --START--
INFO: ContentReplace Behavior ::run [ RunTime:0.000791s ]
INFO: TokenBuild Behavior ::run [ RunTime:0.000644s ]
INFO: WriteHtmlCache Behavior ::run [ RunTime:0.000478s ]
INFO: ShowRuntime Behavior ::run [ RunTime:0.000820s ]
INFO: [ view_filter ] --END-- [ RunTime:0.002994s ]
INFO: [ view_end ] --START--
INFO: ShowPageTrace Behavior ::run [ RunTime:0.000752s ]
INFO: [ view_end ] --END-- [ RunTime:0.000843s ]

[ 2015-10-12T16:37:46+08:00 ] 127.0.0.1 /SCDA/
INFO: [ app_begin ] --START--
INFO: ReadHtmlCache Behavior ::run [ RunTime:0.001080s ]
INFO: [ app_begin ] --END-- [ RunTime:0.001278s ]
INFO: [ view_parse ] --START--
NOTIC: [8] Undefined variable: data F:\wamp\www\SCDA\SCDA\Runtime\Cache\912a91f59b3115ecd7812dc09c7f8e58.php 第 446 行.
NOTIC: [8] Undefined variable: data F:\wamp\www\SCDA\SCDA\Runtime\Cache\912a91f59b3115ecd7812dc09c7f8e58.php 第 450 行.
NOTIC: [8] Undefined variable: data F:\wamp\www\SCDA\SCDA\Runtime\Cache\912a91f59b3115ecd7812dc09c7f8e58.php 第 454 行.
NOTIC: [8] Undefined variable: data F:\wamp\www\SCDA\SCDA\Runtime\Cache\912a91f59b3115ecd7812dc09c7f8e58.php 第 460 行.
NOTIC: [8] Undefined variable: data F:\wamp\www\SCDA\SCDA\Runtime\Cache\912a91f59b3115ecd7812dc09c7f8e58.php 第 464 行.
NOTIC: [8] Undefined variable: data F:\wamp\www\SCDA\SCDA\Runtime\Cache\912a91f59b3115ecd7812dc09c7f8e58.php 第 470 行.
NOTIC: [8] Undefined variable: data F:\wamp\www\SCDA\SCDA\Runtime\Cache\912a91f59b3115ecd7812dc09c7f8e58.php 第 476 行.
NOTIC: [8] Undefined variable: data F:\wamp\www\SCDA\SCDA\Runtime\Cache\912a91f59b3115ecd7812dc09c7f8e58.php 第 482 行.
NOTIC: [8] Undefined variable: data F:\wamp\www\SCDA\SCDA\Runtime\Cache\912a91f59b3115ecd7812dc09c7f8e58.php 第 488 行.
NOTIC: [8] Undefined variable: data F:\wamp\www\SCDA\SCDA\Runtime\Cache\912a91f59b3115ecd7812dc09c7f8e58.php 第 494 行.
NOTIC: [8] Undefined variable: data F:\wamp\www\SCDA\SCDA\Runtime\Cache\912a91f59b3115ecd7812dc09c7f8e58.php 第 502 行.
NOTIC: [8] Undefined variable: data F:\wamp\www\SCDA\SCDA\Runtime\Cache\912a91f59b3115ecd7812dc09c7f8e58.php 第 514 行.
NOTIC: [8] Undefined variable: data F:\wamp\www\SCDA\SCDA\Runtime\Cache\912a91f59b3115ecd7812dc09c7f8e58.php 第 533 行.
NOTIC: [8] Undefined variable: data F:\wamp\www\SCDA\SCDA\Runtime\Cache\912a91f59b3115ecd7812dc09c7f8e58.php 第 547 行.
NOTIC: [8] Undefined variable: data F:\wamp\www\SCDA\SCDA\Runtime\Cache\912a91f59b3115ecd7812dc09c7f8e58.php 第 561 行.
INFO: ParseTemplate Behavior ::run [ RunTime:0.016999s ]
INFO: [ view_parse ] --END-- [ RunTime:0.017135s ]
INFO: [ view_filter ] --START--
INFO: ContentReplace Behavior ::run [ RunTime:0.000757s ]
INFO: TokenBuild Behavior ::run [ RunTime:0.000519s ]
INFO: WriteHtmlCache Behavior ::run [ RunTime:0.000390s ]
INFO: ShowRuntime Behavior ::run [ RunTime:0.000726s ]
INFO: [ view_filter ] --END-- [ RunTime:0.002683s ]
INFO: [ view_end ] --START--
INFO: ShowPageTrace Behavior ::run [ RunTime:0.000711s ]
INFO: [ view_end ] --END-- [ RunTime:0.000859s ]

[ 2015-10-12T16:38:03+08:00 ] 127.0.0.1 /SCDA/
INFO: [ app_begin ] --START--
INFO: ReadHtmlCache Behavior ::run [ RunTime:0.002017s ]
INFO: [ app_begin ] --END-- [ RunTime:0.002326s ]
INFO: [ view_parse ] --START--
NOTIC: [8] Undefined variable: data F:\wamp\www\SCDA\SCDA\Runtime\Cache\912a91f59b3115ecd7812dc09c7f8e58.php 第 446 行.
NOTIC: [8] Undefined variable: data F:\wamp\www\SCDA\SCDA\Runtime\Cache\912a91f59b3115ecd7812dc09c7f8e58.php 第 450 行.
NOTIC: [8] Undefined variable: data F:\wamp\www\SCDA\SCDA\Runtime\Cache\912a91f59b3115ecd7812dc09c7f8e58.php 第 454 行.
NOTIC: [8] Undefined variable: data F:\wamp\www\SCDA\SCDA\Runtime\Cache\912a91f59b3115ecd7812dc09c7f8e58.php 第 460 行.
NOTIC: [8] Undefined variable: data F:\wamp\www\SCDA\SCDA\Runtime\Cache\912a91f59b3115ecd7812dc09c7f8e58.php 第 464 行.
NOTIC: [8] Undefined variable: data F:\wamp\www\SCDA\SCDA\Runtime\Cache\912a91f59b3115ecd7812dc09c7f8e58.php 第 470 行.
NOTIC: [8] Undefined variable: data F:\wamp\www\SCDA\SCDA\Runtime\Cache\912a91f59b3115ecd7812dc09c7f8e58.php 第 476 行.
NOTIC: [8] Undefined variable: data F:\wamp\www\SCDA\SCDA\Runtime\Cache\912a91f59b3115ecd7812dc09c7f8e58.php 第 482 行.
NOTIC: [8] Undefined variable: data F:\wamp\www\SCDA\SCDA\Runtime\Cache\912a91f59b3115ecd7812dc09c7f8e58.php 第 488 行.
NOTIC: [8] Undefined variable: data F:\wamp\www\SCDA\SCDA\Runtime\Cache\912a91f59b3115ecd7812dc09c7f8e58.php 第 494 行.
NOTIC: [8] Undefined variable: data F:\wamp\www\SCDA\SCDA\Runtime\Cache\912a91f59b3115ecd7812dc09c7f8e58.php 第 502 行.
NOTIC: [8] Undefined variable: data F:\wamp\www\SCDA\SCDA\Runtime\Cache\912a91f59b3115ecd7812dc09c7f8e58.php 第 514 行.
NOTIC: [8] Undefined variable: data F:\wamp\www\SCDA\SCDA\Runtime\Cache\912a91f59b3115ecd7812dc09c7f8e58.php 第 533 行.
NOTIC: [8] Undefined variable: data F:\wamp\www\SCDA\SCDA\Runtime\Cache\912a91f59b3115ecd7812dc09c7f8e58.php 第 547 行.
NOTIC: [8] Undefined variable: data F:\wamp\www\SCDA\SCDA\Runtime\Cache\912a91f59b3115ecd7812dc09c7f8e58.php 第 561 行.
INFO: ParseTemplate Behavior ::run [ RunTime:0.031329s ]
INFO: [ view_parse ] --END-- [ RunTime:0.031568s ]
INFO: [ view_filter ] --START--
INFO: ContentReplace Behavior ::run [ RunTime:0.002267s ]
INFO: TokenBuild Behavior ::run [ RunTime:0.001499s ]
INFO: WriteHtmlCache Behavior ::run [ RunTime:0.001256s ]
INFO: ShowRuntime Behavior ::run [ RunTime:0.001535s ]
INFO: [ view_filter ] --END-- [ RunTime:0.007382s ]
INFO: [ view_end ] --START--
INFO: ShowPageTrace Behavior ::run [ RunTime:0.001534s ]
INFO: [ view_end ] --END-- [ RunTime:0.001744s ]

[ 2015-10-12T16:49:33+08:00 ] 127.0.0.1 /SCDA/index.php/Index/signup
INFO: [ route_check ] --START--
INFO: CheckRoute Behavior ::run [ RunTime:0.001444s ]
INFO: [ route_check ] --END-- [ RunTime:0.001641s ]
INFO: [ app_begin ] --START--
INFO: ReadHtmlCache Behavior ::run [ RunTime:0.001321s ]
INFO: [ app_begin ] --END-- [ RunTime:0.001580s ]
SQL: SHOW COLUMNS FROM `hd_student` [ RunTime:0.075914s ]
SQL: INSERT INTO `hd_student` (`sname`,`sex`,`birth`,`hometown`,`nation`,`academy`,`profession`,`dormitory`,`phonenumber`,`qq`,`development1`,`development2`,`STSwap`,`hobby`,`introduction`) VALUES ('aaaaaaaa','aaa','aa','aaa','aaa','aaa','aa','aa','aaa','aa','办公室','传媒部','1','aaa','aaaaaaaaaaaaaaaaaaa') [ RunTime:0.209154s ]
INFO: [ view_parse ] --START--
INFO: ParseTemplate Behavior ::run [ RunTime:0.043831s ]
INFO: [ view_parse ] --END-- [ RunTime:0.044304s ]
INFO: [ view_filter ] --START--
INFO: ContentReplace Behavior ::run [ RunTime:0.001577s ]
INFO: TokenBuild Behavior ::run [ RunTime:0.001717s ]
INFO: WriteHtmlCache Behavior ::run [ RunTime:0.001189s ]
INFO: ShowRuntime Behavior ::run [ RunTime:0.001841s ]
INFO: [ view_filter ] --END-- [ RunTime:0.007178s ]
INFO: [ view_end ] --START--
INFO: ShowPageTrace Behavior ::run [ RunTime:0.002104s ]
INFO: [ view_end ] --END-- [ RunTime:0.002370s ]

[ 2015-10-12T16:49:35+08:00 ] 127.0.0.1 /SCDA/index.php/Index/sure
INFO: [ route_check ] --START--
INFO: CheckRoute Behavior ::run [ RunTime:0.002312s ]
INFO: [ route_check ] --END-- [ RunTime:0.002691s ]
INFO: [ app_begin ] --START--
INFO: ReadHtmlCache Behavior ::run [ RunTime:0.001682s ]
INFO: [ app_begin ] --END-- [ RunTime:0.001953s ]
INFO: [ view_parse ] --START--
INFO: ParseTemplate Behavior ::run [ RunTime:0.053941s ]
INFO: [ view_parse ] --END-- [ RunTime:0.054200s ]
INFO: [ view_filter ] --START--
INFO: ContentReplace Behavior ::run [ RunTime:0.000725s ]
INFO: TokenBuild Behavior ::run [ RunTime:0.000828s ]
INFO: WriteHtmlCache Behavior ::run [ RunTime:0.000523s ]
INFO: ShowRuntime Behavior ::run [ RunTime:0.000858s ]
INFO: [ view_filter ] --END-- [ RunTime:0.003366s ]
INFO: [ view_end ] --START--
INFO: ShowPageTrace Behavior ::run [ RunTime:0.001079s ]
INFO: [ view_end ] --END-- [ RunTime:0.001243s ]

[ 2015-10-12T16:49:38+08:00 ] 127.0.0.1 /SCDA/index.php/Index/index
INFO: [ route_check ] --START--
INFO: CheckRoute Behavior ::run [ RunTime:0.002110s ]
INFO: [ route_check ] --END-- [ RunTime:0.002439s ]
INFO: [ app_begin ] --START--
INFO: ReadHtmlCache Behavior ::run [ RunTime:0.001417s ]
INFO: [ app_begin ] --END-- [ RunTime:0.001620s ]
INFO: [ view_parse ] --START--
NOTIC: [8] Undefined variable: data F:\wamp\www\SCDA\SCDA\Runtime\Cache\912a91f59b3115ecd7812dc09c7f8e58.php 第 446 行.
NOTIC: [8] Undefined variable: data F:\wamp\www\SCDA\SCDA\Runtime\Cache\912a91f59b3115ecd7812dc09c7f8e58.php 第 450 行.
NOTIC: [8] Undefined variable: data F:\wamp\www\SCDA\SCDA\Runtime\Cache\912a91f59b3115ecd7812dc09c7f8e58.php 第 454 行.
NOTIC: [8] Undefined variable: data F:\wamp\www\SCDA\SCDA\Runtime\Cache\912a91f59b3115ecd7812dc09c7f8e58.php 第 460 行.
NOTIC: [8] Undefined variable: data F:\wamp\www\SCDA\SCDA\Runtime\Cache\912a91f59b3115ecd7812dc09c7f8e58.php 第 464 行.
NOTIC: [8] Undefined variable: data F:\wamp\www\SCDA\SCDA\Runtime\Cache\912a91f59b3115ecd7812dc09c7f8e58.php 第 470 行.
NOTIC: [8] Undefined variable: data F:\wamp\www\SCDA\SCDA\Runtime\Cache\912a91f59b3115ecd7812dc09c7f8e58.php 第 476 行.
NOTIC: [8] Undefined variable: data F:\wamp\www\SCDA\SCDA\Runtime\Cache\912a91f59b3115ecd7812dc09c7f8e58.php 第 482 行.
NOTIC: [8] Undefined variable: data F:\wamp\www\SCDA\SCDA\Runtime\Cache\912a91f59b3115ecd7812dc09c7f8e58.php 第 488 行.
NOTIC: [8] Undefined variable: data F:\wamp\www\SCDA\SCDA\Runtime\Cache\912a91f59b3115ecd7812dc09c7f8e58.php 第 494 行.
NOTIC: [8] Undefined variable: data F:\wamp\www\SCDA\SCDA\Runtime\Cache\912a91f59b3115ecd7812dc09c7f8e58.php 第 502 行.
NOTIC: [8] Undefined variable: data F:\wamp\www\SCDA\SCDA\Runtime\Cache\912a91f59b3115ecd7812dc09c7f8e58.php 第 514 行.
NOTIC: [8] Undefined variable: data F:\wamp\www\SCDA\SCDA\Runtime\Cache\912a91f59b3115ecd7812dc09c7f8e58.php 第 533 行.
NOTIC: [8] Undefined variable: data F:\wamp\www\SCDA\SCDA\Runtime\Cache\912a91f59b3115ecd7812dc09c7f8e58.php 第 547 行.
NOTIC: [8] Undefined variable: data F:\wamp\www\SCDA\SCDA\Runtime\Cache\912a91f59b3115ecd7812dc09c7f8e58.php 第 561 行.
INFO: ParseTemplate Behavior ::run [ RunTime:0.022734s ]
INFO: [ view_parse ] --END-- [ RunTime:0.022901s ]
INFO: [ view_filter ] --START--
INFO: ContentReplace Behavior ::run [ RunTime:0.001000s ]
INFO: TokenBuild Behavior ::run [ RunTime:0.000791s ]
INFO: WriteHtmlCache Behavior ::run [ RunTime:0.000548s ]
INFO: ShowRuntime Behavior ::run [ RunTime:0.001001s ]
INFO: [ view_filter ] --END-- [ RunTime:0.003795s ]
INFO: [ view_end ] --START--
INFO: ShowPageTrace Behavior ::run [ RunTime:0.001036s ]
INFO: [ view_end ] --END-- [ RunTime:0.001193s ]

[ 2015-10-12T17:03:25+08:00 ] 127.0.0.1 /SCDA/index.php/Index/bangong
INFO: [ route_check ] --START--
INFO: CheckRoute Behavior ::run [ RunTime:0.004226s ]
INFO: [ route_check ] --END-- [ RunTime:0.004751s ]
INFO: [ app_begin ] --START--
INFO: ReadHtmlCache Behavior ::run [ RunTime:0.001318s ]
INFO: [ app_begin ] --END-- [ RunTime:0.001540s ]
INFO: [ view_parse ] --START--
INFO: ParseTemplate Behavior ::run [ RunTime:0.011672s ]
INFO: [ view_parse ] --END-- [ RunTime:0.011852s ]
INFO: [ view_filter ] --START--
INFO: ContentReplace Behavior ::run [ RunTime:0.000690s ]
INFO: TokenBuild Behavior ::run [ RunTime:0.000673s ]
INFO: WriteHtmlCache Behavior ::run [ RunTime:0.000464s ]
INFO: ShowRuntime Behavior ::run [ RunTime:0.001073s ]
INFO: [ view_filter ] --END-- [ RunTime:0.003253s ]
INFO: [ view_end ] --START--
INFO: ShowPageTrace Behavior ::run [ RunTime:0.001046s ]
INFO: [ view_end ] --END-- [ RunTime:0.001204s ]

[ 2015-10-12T17:03:38+08:00 ] 127.0.0.1 /SCDA/index.php/Index/zhigui
INFO: [ route_check ] --START--
INFO: CheckRoute Behavior ::run [ RunTime:0.001992s ]
INFO: [ route_check ] --END-- [ RunTime:0.002242s ]
INFO: [ app_begin ] --START--
INFO: ReadHtmlCache Behavior ::run [ RunTime:0.001229s ]
INFO: [ app_begin ] --END-- [ RunTime:0.001415s ]
INFO: [ view_parse ] --START--
INFO: ParseTemplate Behavior ::run [ RunTime:0.010766s ]
INFO: [ view_parse ] --END-- [ RunTime:0.010934s ]
INFO: [ view_filter ] --START--
INFO: ContentReplace Behavior ::run [ RunTime:0.000590s ]
INFO: TokenBuild Behavior ::run [ RunTime:0.000562s ]
INFO: WriteHtmlCache Behavior ::run [ RunTime:0.000402s ]
INFO: ShowRuntime Behavior ::run [ RunTime:0.000709s ]
INFO: [ view_filter ] --END-- [ RunTime:0.002612s ]
INFO: [ view_end ] --START--
INFO: ShowPageTrace Behavior ::run [ RunTime:0.000817s ]
INFO: [ view_end ] --END-- [ RunTime:0.000943s ]

[ 2015-10-12T17:03:49+08:00 ] 127.0.0.1 /SCDA/index.php/Index/gongguan
INFO: [ route_check ] --START--
INFO: CheckRoute Behavior ::run [ RunTime:0.001987s ]
INFO: [ route_check ] --END-- [ RunTime:0.002229s ]
INFO: [ app_begin ] --START--
INFO: ReadHtmlCache Behavior ::run [ RunTime:0.001352s ]
INFO: [ app_begin ] --END-- [ RunTime:0.001533s ]
INFO: [ view_parse ] --START--
INFO: ParseTemplate Behavior ::run [ RunTime:0.010989s ]
INFO: [ view_parse ] --END-- [ RunTime:0.011182s ]
INFO: [ view_filter ] --START--
INFO: ContentReplace Behavior ::run [ RunTime:0.000625s ]
INFO: TokenBuild Behavior ::run [ RunTime:0.000619s ]
INFO: WriteHtmlCache Behavior ::run [ RunTime:0.000450s ]
INFO: ShowRuntime Behavior ::run [ RunTime:0.000717s ]
INFO: [ view_filter ] --END-- [ RunTime:0.002737s ]
INFO: [ view_end ] --START--
INFO: ShowPageTrace Behavior ::run [ RunTime:0.001034s ]
INFO: [ view_end ] --END-- [ RunTime:0.001123s ]

[ 2015-10-12T17:04:03+08:00 ] 127.0.0.1 /SCDA/index.php/Index/zhigui
INFO: [ route_check ] --START--
INFO: CheckRoute Behavior ::run [ RunTime:0.001147s ]
INFO: [ route_check ] --END-- [ RunTime:0.001302s ]
INFO: [ app_begin ] --START--
INFO: ReadHtmlCache Behavior ::run [ RunTime:0.000832s ]
INFO: [ app_begin ] --END-- [ RunTime:0.000932s ]
INFO: [ view_parse ] --START--
INFO: ParseTemplate Behavior ::run [ RunTime:0.008285s ]
INFO: [ view_parse ] --END-- [ RunTime:0.008428s ]
INFO: [ view_filter ] --START--
INFO: ContentReplace Behavior ::run [ RunTime:0.000574s ]
INFO: TokenBuild Behavior ::run [ RunTime:0.000567s ]
INFO: WriteHtmlCache Behavior ::run [ RunTime:0.000404s ]
INFO: ShowRuntime Behavior ::run [ RunTime:0.000729s ]
INFO: [ view_filter ] --END-- [ RunTime:0.002580s ]
INFO: [ view_end ] --START--
INFO: ShowPageTrace Behavior ::run [ RunTime:0.000753s ]
INFO: [ view_end ] --END-- [ RunTime:0.000864s ]

