[ 2015-11-21T10:51:07+08:00 ] 127.0.0.1 /SCDA/
INFO: [ app_begin ] --START--
INFO: ReadHtmlCache Behavior ::run [ RunTime:0.003911s ]
INFO: [ app_begin ] --END-- [ RunTime:0.007202s ]
INFO: [ view_parse ] --START--
NOTIC: [8] Undefined variable: data F:\wamp\www\SCDA\SCDA\Runtime\Cache\912a91f59b3115ecd7812dc09c7f8e58.php 第 446 行.
NOTIC: [8] Undefined variable: data F:\wamp\www\SCDA\SCDA\Runtime\Cache\912a91f59b3115ecd7812dc09c7f8e58.php 第 450 行.
NOTIC: [8] Undefined variable: data F:\wamp\www\SCDA\SCDA\Runtime\Cache\912a91f59b3115ecd7812dc09c7f8e58.php 第 454 行.
NOTIC: [8] Undefined variable: data F:\wamp\www\SCDA\SCDA\Runtime\Cache\912a91f59b3115ecd7812dc09c7f8e58.php 第 460 行.
NOTIC: [8] Undefined variable: data F:\wamp\www\SCDA\SCDA\Runtime\Cache\912a91f59b3115ecd7812dc09c7f8e58.php 第 464 行.
NOTIC: [8] Undefined variable: data F:\wamp\www\SCDA\SCDA\Runtime\Cache\912a91f59b3115ecd7812dc09c7f8e58.php 第 470 行.
NOTIC: [8] Undefined variable: data F:\wamp\www\SCDA\SCDA\Runtime\Cache\912a91f59b3115ecd7812dc09c7f8e58.php 第 476 行.
NOTIC: [8] Undefined variable: data F:\wamp\www\SCDA\SCDA\Runtime\Cache\912a91f59b3115ecd7812dc09c7f8e58.php 第 482 行.
NOTIC: [8] Undefined variable: data F:\wamp\www\SCDA\SCDA\Runtime\Cache\912a91f59b3115ecd7812dc09c7f8e58.php 第 488 行.
NOTIC: [8] Undefined variable: data F:\wamp\www\SCDA\SCDA\Runtime\Cache\912a91f59b3115ecd7812dc09c7f8e58.php 第 494 行.
NOTIC: [8] Undefined variable: data F:\wamp\www\SCDA\SCDA\Runtime\Cache\912a91f59b3115ecd7812dc09c7f8e58.php 第 502 行.
NOTIC: [8] Undefined variable: data F:\wamp\www\SCDA\SCDA\Runtime\Cache\912a91f59b3115ecd7812dc09c7f8e58.php 第 514 行.
NOTIC: [8] Undefined variable: data F:\wamp\www\SCDA\SCDA\Runtime\Cache\912a91f59b3115ecd7812dc09c7f8e58.php 第 533 行.
NOTIC: [8] Undefined variable: data F:\wamp\www\SCDA\SCDA\Runtime\Cache\912a91f59b3115ecd7812dc09c7f8e58.php 第 547 行.
NOTIC: [8] Undefined variable: data F:\wamp\www\SCDA\SCDA\Runtime\Cache\912a91f59b3115ecd7812dc09c7f8e58.php 第 561 行.
INFO: ParseTemplate Behavior ::run [ RunTime:0.073287s ]
INFO: [ view_parse ] --END-- [ RunTime:0.073528s ]
INFO: [ view_filter ] --START--
INFO: ContentReplace Behavior ::run [ RunTime:0.017145s ]
INFO: TokenBuild Behavior ::run [ RunTime:0.001204s ]
INFO: WriteHtmlCache Behavior ::run [ RunTime:0.000913s ]
INFO: ShowRuntime Behavior ::run [ RunTime:0.001282s ]
INFO: [ view_filter ] --END-- [ RunTime:0.021025s ]
INFO: [ view_end ] --START--
INFO: ShowPageTrace Behavior ::run [ RunTime:0.001352s ]
INFO: [ view_end ] --END-- [ RunTime:0.001505s ]

