[ 2016-01-15T23:33:01+08:00 ] 127.0.0.1 /SCDA/
INFO: [ app_begin ] --START--
INFO: ReadHtmlCache Behavior ::run [ RunTime:0.008010s ]
INFO: [ app_begin ] --END-- [ RunTime:0.009657s ]
INFO: [ view_parse ] --START--
NOTIC: [8] Undefined variable: data F:\wamp\www\SCDA\SCDA\Runtime\Cache\912a91f59b3115ecd7812dc09c7f8e58.php 第 446 行.
NOTIC: [8] Undefined variable: data F:\wamp\www\SCDA\SCDA\Runtime\Cache\912a91f59b3115ecd7812dc09c7f8e58.php 第 450 行.
NOTIC: [8] Undefined variable: data F:\wamp\www\SCDA\SCDA\Runtime\Cache\912a91f59b3115ecd7812dc09c7f8e58.php 第 454 行.
NOTIC: [8] Undefined variable: data F:\wamp\www\SCDA\SCDA\Runtime\Cache\912a91f59b3115ecd7812dc09c7f8e58.php 第 460 行.
NOTIC: [8] Undefined variable: data F:\wamp\www\SCDA\SCDA\Runtime\Cache\912a91f59b3115ecd7812dc09c7f8e58.php 第 464 行.
NOTIC: [8] Undefined variable: data F:\wamp\www\SCDA\SCDA\Runtime\Cache\912a91f59b3115ecd7812dc09c7f8e58.php 第 470 行.
NOTIC: [8] Undefined variable: data F:\wamp\www\SCDA\SCDA\Runtime\Cache\912a91f59b3115ecd7812dc09c7f8e58.php 第 476 行.
NOTIC: [8] Undefined variable: data F:\wamp\www\SCDA\SCDA\Runtime\Cache\912a91f59b3115ecd7812dc09c7f8e58.php 第 482 行.
NOTIC: [8] Undefined variable: data F:\wamp\www\SCDA\SCDA\Runtime\Cache\912a91f59b3115ecd7812dc09c7f8e58.php 第 488 行.
NOTIC: [8] Undefined variable: data F:\wamp\www\SCDA\SCDA\Runtime\Cache\912a91f59b3115ecd7812dc09c7f8e58.php 第 494 行.
NOTIC: [8] Undefined variable: data F:\wamp\www\SCDA\SCDA\Runtime\Cache\912a91f59b3115ecd7812dc09c7f8e58.php 第 502 行.
NOTIC: [8] Undefined variable: data F:\wamp\www\SCDA\SCDA\Runtime\Cache\912a91f59b3115ecd7812dc09c7f8e58.php 第 514 行.
NOTIC: [8] Undefined variable: data F:\wamp\www\SCDA\SCDA\Runtime\Cache\912a91f59b3115ecd7812dc09c7f8e58.php 第 533 行.
NOTIC: [8] Undefined variable: data F:\wamp\www\SCDA\SCDA\Runtime\Cache\912a91f59b3115ecd7812dc09c7f8e58.php 第 547 行.
NOTIC: [8] Undefined variable: data F:\wamp\www\SCDA\SCDA\Runtime\Cache\912a91f59b3115ecd7812dc09c7f8e58.php 第 561 行.
INFO: ParseTemplate Behavior ::run [ RunTime:0.105706s ]
INFO: [ view_parse ] --END-- [ RunTime:0.105855s ]
INFO: [ view_filter ] --START--
INFO: ContentReplace Behavior ::run [ RunTime:0.012527s ]
INFO: TokenBuild Behavior ::run [ RunTime:0.000940s ]
INFO: WriteHtmlCache Behavior ::run [ RunTime:0.000574s ]
INFO: ShowRuntime Behavior ::run [ RunTime:0.001362s ]
INFO: [ view_filter ] --END-- [ RunTime:0.015751s ]
INFO: [ view_end ] --START--
INFO: ShowPageTrace Behavior ::run [ RunTime:0.001072s ]
INFO: [ view_end ] --END-- [ RunTime:0.001187s ]

[ 2016-01-15T23:36:53+08:00 ] 127.0.0.1 /SCDA/index.php/Index/scda
INFO: [ route_check ] --START--
INFO: CheckRoute Behavior ::run [ RunTime:0.307988s ]
INFO: [ route_check ] --END-- [ RunTime:0.308159s ]
INFO: [ app_begin ] --START--
INFO: ReadHtmlCache Behavior ::run [ RunTime:0.002453s ]
INFO: [ app_begin ] --END-- [ RunTime:0.002581s ]
INFO: [ view_parse ] --START--
INFO: ParseTemplate Behavior ::run [ RunTime:0.037593s ]
INFO: [ view_parse ] --END-- [ RunTime:0.037839s ]
INFO: [ view_filter ] --START--
INFO: ContentReplace Behavior ::run [ RunTime:0.000742s ]
INFO: TokenBuild Behavior ::run [ RunTime:0.000561s ]
INFO: WriteHtmlCache Behavior ::run [ RunTime:0.000416s ]
INFO: ShowRuntime Behavior ::run [ RunTime:0.000651s ]
INFO: [ view_filter ] --END-- [ RunTime:0.002668s ]
INFO: [ view_end ] --START--
INFO: ShowPageTrace Behavior ::run [ RunTime:0.000741s ]
INFO: [ view_end ] --END-- [ RunTime:0.000839s ]

[ 2016-01-15T23:36:58+08:00 ] 127.0.0.1 /SCDA/index.php/Index/index
INFO: [ route_check ] --START--
INFO: CheckRoute Behavior ::run [ RunTime:0.003352s ]
INFO: [ route_check ] --END-- [ RunTime:0.003929s ]
INFO: [ app_begin ] --START--
INFO: ReadHtmlCache Behavior ::run [ RunTime:0.002725s ]
INFO: [ app_begin ] --END-- [ RunTime:0.002861s ]
INFO: [ view_parse ] --START--
NOTIC: [8] Undefined variable: data F:\wamp\www\SCDA\SCDA\Runtime\Cache\912a91f59b3115ecd7812dc09c7f8e58.php 第 446 行.
NOTIC: [8] Undefined variable: data F:\wamp\www\SCDA\SCDA\Runtime\Cache\912a91f59b3115ecd7812dc09c7f8e58.php 第 450 行.
NOTIC: [8] Undefined variable: data F:\wamp\www\SCDA\SCDA\Runtime\Cache\912a91f59b3115ecd7812dc09c7f8e58.php 第 454 行.
NOTIC: [8] Undefined variable: data F:\wamp\www\SCDA\SCDA\Runtime\Cache\912a91f59b3115ecd7812dc09c7f8e58.php 第 460 行.
NOTIC: [8] Undefined variable: data F:\wamp\www\SCDA\SCDA\Runtime\Cache\912a91f59b3115ecd7812dc09c7f8e58.php 第 464 行.
NOTIC: [8] Undefined variable: data F:\wamp\www\SCDA\SCDA\Runtime\Cache\912a91f59b3115ecd7812dc09c7f8e58.php 第 470 行.
NOTIC: [8] Undefined variable: data F:\wamp\www\SCDA\SCDA\Runtime\Cache\912a91f59b3115ecd7812dc09c7f8e58.php 第 476 行.
NOTIC: [8] Undefined variable: data F:\wamp\www\SCDA\SCDA\Runtime\Cache\912a91f59b3115ecd7812dc09c7f8e58.php 第 482 行.
NOTIC: [8] Undefined variable: data F:\wamp\www\SCDA\SCDA\Runtime\Cache\912a91f59b3115ecd7812dc09c7f8e58.php 第 488 行.
NOTIC: [8] Undefined variable: data F:\wamp\www\SCDA\SCDA\Runtime\Cache\912a91f59b3115ecd7812dc09c7f8e58.php 第 494 行.
NOTIC: [8] Undefined variable: data F:\wamp\www\SCDA\SCDA\Runtime\Cache\912a91f59b3115ecd7812dc09c7f8e58.php 第 502 行.
NOTIC: [8] Undefined variable: data F:\wamp\www\SCDA\SCDA\Runtime\Cache\912a91f59b3115ecd7812dc09c7f8e58.php 第 514 行.
NOTIC: [8] Undefined variable: data F:\wamp\www\SCDA\SCDA\Runtime\Cache\912a91f59b3115ecd7812dc09c7f8e58.php 第 533 行.
NOTIC: [8] Undefined variable: data F:\wamp\www\SCDA\SCDA\Runtime\Cache\912a91f59b3115ecd7812dc09c7f8e58.php 第 547 行.
NOTIC: [8] Undefined variable: data F:\wamp\www\SCDA\SCDA\Runtime\Cache\912a91f59b3115ecd7812dc09c7f8e58.php 第 561 行.
INFO: ParseTemplate Behavior ::run [ RunTime:0.033338s ]
INFO: [ view_parse ] --END-- [ RunTime:0.033458s ]
INFO: [ view_filter ] --START--
INFO: ContentReplace Behavior ::run [ RunTime:0.003282s ]
INFO: TokenBuild Behavior ::run [ RunTime:0.001364s ]
INFO: WriteHtmlCache Behavior ::run [ RunTime:0.000486s ]
INFO: ShowRuntime Behavior ::run [ RunTime:0.002216s ]
INFO: [ view_filter ] --END-- [ RunTime:0.007678s ]
INFO: [ view_end ] --START--
INFO: ShowPageTrace Behavior ::run [ RunTime:0.000793s ]
INFO: [ view_end ] --END-- [ RunTime:0.000900s ]

[ 2016-01-15T23:37:26+08:00 ] 127.0.0.1 /SCDA/index.php/Index/chuanmei
INFO: [ route_check ] --START--
INFO: CheckRoute Behavior ::run [ RunTime:0.001824s ]
INFO: [ route_check ] --END-- [ RunTime:0.001980s ]
INFO: [ app_begin ] --START--
INFO: ReadHtmlCache Behavior ::run [ RunTime:0.000762s ]
INFO: [ app_begin ] --END-- [ RunTime:0.000876s ]
INFO: [ view_parse ] --START--
INFO: ParseTemplate Behavior ::run [ RunTime:0.023206s ]
INFO: [ view_parse ] --END-- [ RunTime:0.023596s ]
INFO: [ view_filter ] --START--
INFO: ContentReplace Behavior ::run [ RunTime:0.000717s ]
INFO: TokenBuild Behavior ::run [ RunTime:0.000518s ]
INFO: WriteHtmlCache Behavior ::run [ RunTime:0.000504s ]
INFO: ShowRuntime Behavior ::run [ RunTime:0.000783s ]
INFO: [ view_filter ] --END-- [ RunTime:0.002915s ]
INFO: [ view_end ] --START--
INFO: ShowPageTrace Behavior ::run [ RunTime:0.000882s ]
INFO: [ view_end ] --END-- [ RunTime:0.000980s ]

[ 2016-01-15T23:37:52+08:00 ] 127.0.0.1 /SCDA/index.php/Index/xuanchuan
INFO: [ route_check ] --START--
INFO: CheckRoute Behavior ::run [ RunTime:0.001392s ]
INFO: [ route_check ] --END-- [ RunTime:0.001623s ]
INFO: [ app_begin ] --START--
INFO: ReadHtmlCache Behavior ::run [ RunTime:0.001003s ]
INFO: [ app_begin ] --END-- [ RunTime:0.001204s ]
INFO: [ view_parse ] --START--
INFO: ParseTemplate Behavior ::run [ RunTime:0.027841s ]
INFO: [ view_parse ] --END-- [ RunTime:0.028008s ]
INFO: [ view_filter ] --START--
INFO: ContentReplace Behavior ::run [ RunTime:0.000619s ]
INFO: TokenBuild Behavior ::run [ RunTime:0.000560s ]
INFO: WriteHtmlCache Behavior ::run [ RunTime:0.000459s ]
INFO: ShowRuntime Behavior ::run [ RunTime:0.000676s ]
INFO: [ view_filter ] --END-- [ RunTime:0.002589s ]
INFO: [ view_end ] --START--
INFO: ShowPageTrace Behavior ::run [ RunTime:0.000691s ]
INFO: [ view_end ] --END-- [ RunTime:0.000829s ]

[ 2016-01-15T23:38:16+08:00 ] 127.0.0.1 /SCDA/index.php/Index/index
INFO: [ route_check ] --START--
INFO: CheckRoute Behavior ::run [ RunTime:0.001007s ]
INFO: [ route_check ] --END-- [ RunTime:0.001164s ]
INFO: [ app_begin ] --START--
INFO: ReadHtmlCache Behavior ::run [ RunTime:0.000716s ]
INFO: [ app_begin ] --END-- [ RunTime:0.000814s ]
INFO: [ view_parse ] --START--
NOTIC: [8] Undefined variable: data F:\wamp\www\SCDA\SCDA\Runtime\Cache\912a91f59b3115ecd7812dc09c7f8e58.php 第 446 行.
NOTIC: [8] Undefined variable: data F:\wamp\www\SCDA\SCDA\Runtime\Cache\912a91f59b3115ecd7812dc09c7f8e58.php 第 450 行.
NOTIC: [8] Undefined variable: data F:\wamp\www\SCDA\SCDA\Runtime\Cache\912a91f59b3115ecd7812dc09c7f8e58.php 第 454 行.
NOTIC: [8] Undefined variable: data F:\wamp\www\SCDA\SCDA\Runtime\Cache\912a91f59b3115ecd7812dc09c7f8e58.php 第 460 行.
NOTIC: [8] Undefined variable: data F:\wamp\www\SCDA\SCDA\Runtime\Cache\912a91f59b3115ecd7812dc09c7f8e58.php 第 464 行.
NOTIC: [8] Undefined variable: data F:\wamp\www\SCDA\SCDA\Runtime\Cache\912a91f59b3115ecd7812dc09c7f8e58.php 第 470 行.
NOTIC: [8] Undefined variable: data F:\wamp\www\SCDA\SCDA\Runtime\Cache\912a91f59b3115ecd7812dc09c7f8e58.php 第 476 行.
NOTIC: [8] Undefined variable: data F:\wamp\www\SCDA\SCDA\Runtime\Cache\912a91f59b3115ecd7812dc09c7f8e58.php 第 482 行.
NOTIC: [8] Undefined variable: data F:\wamp\www\SCDA\SCDA\Runtime\Cache\912a91f59b3115ecd7812dc09c7f8e58.php 第 488 行.
NOTIC: [8] Undefined variable: data F:\wamp\www\SCDA\SCDA\Runtime\Cache\912a91f59b3115ecd7812dc09c7f8e58.php 第 494 行.
NOTIC: [8] Undefined variable: data F:\wamp\www\SCDA\SCDA\Runtime\Cache\912a91f59b3115ecd7812dc09c7f8e58.php 第 502 行.
NOTIC: [8] Undefined variable: data F:\wamp\www\SCDA\SCDA\Runtime\Cache\912a91f59b3115ecd7812dc09c7f8e58.php 第 514 行.
NOTIC: [8] Undefined variable: data F:\wamp\www\SCDA\SCDA\Runtime\Cache\912a91f59b3115ecd7812dc09c7f8e58.php 第 533 行.
NOTIC: [8] Undefined variable: data F:\wamp\www\SCDA\SCDA\Runtime\Cache\912a91f59b3115ecd7812dc09c7f8e58.php 第 547 行.
NOTIC: [8] Undefined variable: data F:\wamp\www\SCDA\SCDA\Runtime\Cache\912a91f59b3115ecd7812dc09c7f8e58.php 第 561 行.
INFO: ParseTemplate Behavior ::run [ RunTime:0.018215s ]
INFO: [ view_parse ] --END-- [ RunTime:0.018335s ]
INFO: [ view_filter ] --START--
INFO: ContentReplace Behavior ::run [ RunTime:0.000705s ]
INFO: TokenBuild Behavior ::run [ RunTime:0.000556s ]
INFO: WriteHtmlCache Behavior ::run [ RunTime:0.000375s ]
INFO: ShowRuntime Behavior ::run [ RunTime:0.001003s ]
INFO: [ view_filter ] --END-- [ RunTime:0.002987s ]
INFO: [ view_end ] --START--
INFO: ShowPageTrace Behavior ::run [ RunTime:0.000812s ]
INFO: [ view_end ] --END-- [ RunTime:0.000911s ]

